{"C:\\Users\\cefalo\\Desktop\\Cefalo-Travel-Connect-App\\backend\\app.ts": {"path":"C:\\Users\\cefalo\\Desktop\\Cefalo-Travel-Connect-App\\backend\\app.ts","statementMap":{"0":{"start":{"line":2,"column":0},"end":{"line":2,"column":67}},"1":{"start":{"line":3,"column":0},"end":{"line":3,"column":41}},"2":{"start":{"line":4,"column":0},"end":{"line":4,"column":24}},"3":{"start":{"line":6,"column":0},"end":{"line":6,"column":55}},"4":{"start":{"line":7,"column":0},"end":{"line":7,"column":55}},"5":{"start":{"line":8,"column":0},"end":{"line":8,"column":55}},"6":{"start":{"line":9,"column":0},"end":{"line":9,"column":73}},"7":{"start":{"line":10,"column":0},"end":{"line":10,"column":57}},"8":{"start":{"line":11,"column":0},"end":{"line":11,"column":65}},"9":{"start":{"line":12,"column":0},"end":{"line":12,"column":70}},"10":{"start":{"line":13,"column":0},"end":{"line":13,"column":63}},"11":{"start":{"line":14,"column":0},"end":{"line":14,"column":67}},"12":{"start":{"line":15,"column":0},"end":{"line":15,"column":71}},"13":{"start":{"line":16,"column":0},"end":{"line":16,"column":65}},"14":{"start":{"line":17,"column":0},"end":{"line":17,"column":70}},"15":{"start":{"line":20,"column":12},"end":{"line":20,"column":21}},"16":{"start":{"line":22,"column":0},"end":{"line":22,"column":16}},"17":{"start":{"line":23,"column":0},"end":{"line":23,"column":24}},"18":{"start":{"line":24,"column":0},"end":{"line":24,"column":24}},"19":{"start":{"line":28,"column":0},"end":{"line":31,"column":3}},"20":{"start":{"line":29,"column":2},"end":{"line":29,"column":69}},"21":{"start":{"line":30,"column":2},"end":{"line":30,"column":9}},"22":{"start":{"line":33,"column":0},"end":{"line":33,"column":36}},"23":{"start":{"line":34,"column":0},"end":{"line":34,"column":37}},"24":{"start":{"line":35,"column":0},"end":{"line":35,"column":37}},"25":{"start":{"line":36,"column":0},"end":{"line":36,"column":55}},"26":{"start":{"line":37,"column":0},"end":{"line":37,"column":39}},"27":{"start":{"line":38,"column":0},"end":{"line":38,"column":47}},"28":{"start":{"line":39,"column":0},"end":{"line":39,"column":52}},"29":{"start":{"line":40,"column":0},"end":{"line":40,"column":45}},"30":{"start":{"line":41,"column":0},"end":{"line":41,"column":49}},"31":{"start":{"line":42,"column":0},"end":{"line":42,"column":53}},"32":{"start":{"line":43,"column":0},"end":{"line":43,"column":46}},"33":{"start":{"line":46,"column":0},"end":{"line":48,"column":3}},"34":{"start":{"line":47,"column":2},"end":{"line":47,"column":26}},"35":{"start":{"line":50,"column":0},"end":{"line":50,"column":28}},"36":{"start":{"line":52,"column":0},"end":{"line":52,"column":19}}},"fnMap":{"0":{"name":"(anonymous_1)","decl":{"start":{"line":28,"column":8},"end":{"line":28,"column":9}},"loc":{"start":{"line":28,"column":60},"end":{"line":31,"column":1}}},"1":{"name":"(anonymous_2)","decl":{"start":{"line":46,"column":13},"end":{"line":46,"column":14}},"loc":{"start":{"line":46,"column":45},"end":{"line":48,"column":1}}}},"branchMap":{},"s":{"0":1,"1":1,"2":1,"3":1,"4":1,"5":1,"6":1,"7":1,"8":1,"9":1,"10":1,"11":1,"12":1,"13":1,"14":1,"15":1,"16":1,"17":1,"18":1,"19":1,"20":1,"21":1,"22":1,"23":1,"24":1,"25":1,"26":1,"27":1,"28":1,"29":1,"30":1,"31":1,"32":1,"33":1,"34":1,"35":1,"36":1},"f":{"0":1,"1":1},"b":{}}
,"C:\\Users\\cefalo\\Desktop\\Cefalo-Travel-Connect-App\\backend\\src\\DTOs\\accommodation.dto.ts": {"path":"C:\\Users\\cefalo\\Desktop\\Cefalo-Travel-Connect-App\\backend\\src\\DTOs\\accommodation.dto.ts","statementMap":{"0":{"start":{"line":15,"column":8},"end":{"line":15,"column":null}},"1":{"start":{"line":16,"column":8},"end":{"line":16,"column":null}},"2":{"start":{"line":17,"column":8},"end":{"line":17,"column":null}},"3":{"start":{"line":18,"column":8},"end":{"line":21,"column":null}},"4":{"start":{"line":3,"column":0},"end":{"line":3,"column":13}}},"fnMap":{"0":{"name":"(anonymous_0)","decl":{"start":{"line":13,"column":4},"end":{"line":13,"column":16}},"loc":{"start":{"line":13,"column":34},"end":{"line":23,"column":5}}}},"branchMap":{},"s":{"0":0,"1":0,"2":0,"3":0,"4":1},"f":{"0":0},"b":{}}
,"C:\\Users\\cefalo\\Desktop\\Cefalo-Travel-Connect-App\\backend\\src\\DTOs\\auth.dto.ts": {"path":"C:\\Users\\cefalo\\Desktop\\Cefalo-Travel-Connect-App\\backend\\src\\DTOs\\auth.dto.ts","statementMap":{"0":{"start":{"line":12,"column":4},"end":{"line":12,"column":null}},"1":{"start":{"line":13,"column":4},"end":{"line":13,"column":null}},"2":{"start":{"line":14,"column":4},"end":{"line":14,"column":null}},"3":{"start":{"line":15,"column":4},"end":{"line":15,"column":null}},"4":{"start":{"line":16,"column":4},"end":{"line":16,"column":null}},"5":{"start":{"line":17,"column":4},"end":{"line":17,"column":null}},"6":{"start":{"line":3,"column":0},"end":{"line":3,"column":13}}},"fnMap":{"0":{"name":"(anonymous_0)","decl":{"start":{"line":11,"column":2},"end":{"line":11,"column":14}},"loc":{"start":{"line":11,"column":74},"end":{"line":18,"column":3}}}},"branchMap":{},"s":{"0":0,"1":0,"2":0,"3":0,"4":0,"5":0,"6":1},"f":{"0":0},"b":{}}
,"C:\\Users\\cefalo\\Desktop\\Cefalo-Travel-Connect-App\\backend\\src\\DTOs\\notification.dto.ts": {"path":"C:\\Users\\cefalo\\Desktop\\Cefalo-Travel-Connect-App\\backend\\src\\DTOs\\notification.dto.ts","statementMap":{"0":{"start":{"line":9,"column":8},"end":{"line":9,"column":34}},"1":{"start":{"line":1,"column":0},"end":{"line":1,"column":13}}},"fnMap":{"0":{"name":"(anonymous_0)","decl":{"start":{"line":8,"column":4},"end":{"line":8,"column":16}},"loc":{"start":{"line":8,"column":46},"end":{"line":10,"column":5}}}},"branchMap":{},"s":{"0":0,"1":1},"f":{"0":0},"b":{}}
,"C:\\Users\\cefalo\\Desktop\\Cefalo-Travel-Connect-App\\backend\\src\\DTOs\\place.dto.ts": {"path":"C:\\Users\\cefalo\\Desktop\\Cefalo-Travel-Connect-App\\backend\\src\\DTOs\\place.dto.ts","statementMap":{"0":{"start":{"line":13,"column":8},"end":{"line":13,"column":null}},"1":{"start":{"line":14,"column":8},"end":{"line":14,"column":null}},"2":{"start":{"line":15,"column":8},"end":{"line":18,"column":null}},"3":{"start":{"line":3,"column":0},"end":{"line":3,"column":13}}},"fnMap":{"0":{"name":"(anonymous_0)","decl":{"start":{"line":11,"column":4},"end":{"line":11,"column":16}},"loc":{"start":{"line":11,"column":26},"end":{"line":19,"column":5}}}},"branchMap":{},"s":{"0":0,"1":0,"2":0,"3":1},"f":{"0":0},"b":{}}
,"C:\\Users\\cefalo\\Desktop\\Cefalo-Travel-Connect-App\\backend\\src\\DTOs\\post.dto.ts": {"path":"C:\\Users\\cefalo\\Desktop\\Cefalo-Travel-Connect-App\\backend\\src\\DTOs\\post.dto.ts","statementMap":{"0":{"start":{"line":23,"column":4},"end":{"line":23,"column":30}},"1":{"start":{"line":1,"column":0},"end":{"line":1,"column":13}}},"fnMap":{"0":{"name":"(anonymous_0)","decl":{"start":{"line":22,"column":2},"end":{"line":22,"column":14}},"loc":{"start":{"line":22,"column":44},"end":{"line":24,"column":3}}}},"branchMap":{},"s":{"0":0,"1":1},"f":{"0":0},"b":{}}
,"C:\\Users\\cefalo\\Desktop\\Cefalo-Travel-Connect-App\\backend\\src\\DTOs\\proximity.dto.ts": {"path":"C:\\Users\\cefalo\\Desktop\\Cefalo-Travel-Connect-App\\backend\\src\\DTOs\\proximity.dto.ts","statementMap":{"0":{"start":{"line":10,"column":8},"end":{"line":10,"column":34}},"1":{"start":{"line":1,"column":0},"end":{"line":1,"column":13}}},"fnMap":{"0":{"name":"(anonymous_0)","decl":{"start":{"line":8,"column":4},"end":{"line":8,"column":16}},"loc":{"start":{"line":8,"column":43},"end":{"line":11,"column":5}}}},"branchMap":{},"s":{"0":0,"1":1},"f":{"0":0},"b":{}}
,"C:\\Users\\cefalo\\Desktop\\Cefalo-Travel-Connect-App\\backend\\src\\DTOs\\restaurant.dto.ts": {"path":"C:\\Users\\cefalo\\Desktop\\Cefalo-Travel-Connect-App\\backend\\src\\DTOs\\restaurant.dto.ts","statementMap":{"0":{"start":{"line":13,"column":8},"end":{"line":13,"column":null}},"1":{"start":{"line":14,"column":8},"end":{"line":14,"column":null}},"2":{"start":{"line":16,"column":8},"end":{"line":19,"column":null}},"3":{"start":{"line":3,"column":0},"end":{"line":3,"column":13}}},"fnMap":{"0":{"name":"(anonymous_0)","decl":{"start":{"line":11,"column":4},"end":{"line":11,"column":16}},"loc":{"start":{"line":11,"column":31},"end":{"line":20,"column":5}}}},"branchMap":{},"s":{"0":0,"1":0,"2":0,"3":1},"f":{"0":0},"b":{}}
,"C:\\Users\\cefalo\\Desktop\\Cefalo-Travel-Connect-App\\backend\\src\\DTOs\\transport.dto.ts": {"path":"C:\\Users\\cefalo\\Desktop\\Cefalo-Travel-Connect-App\\backend\\src\\DTOs\\transport.dto.ts","statementMap":{"0":{"start":{"line":21,"column":8},"end":{"line":21,"column":null}},"1":{"start":{"line":22,"column":8},"end":{"line":22,"column":null}},"2":{"start":{"line":23,"column":8},"end":{"line":23,"column":null}},"3":{"start":{"line":3,"column":0},"end":{"line":3,"column":13}}},"fnMap":{"0":{"name":"(anonymous_0)","decl":{"start":{"line":19,"column":4},"end":{"line":19,"column":16}},"loc":{"start":{"line":19,"column":30},"end":{"line":35,"column":5}}}},"branchMap":{},"s":{"0":0,"1":0,"2":0,"3":1},"f":{"0":0},"b":{}}
,"C:\\Users\\cefalo\\Desktop\\Cefalo-Travel-Connect-App\\backend\\src\\DTOs\\travelplan.dto.ts": {"path":"C:\\Users\\cefalo\\Desktop\\Cefalo-Travel-Connect-App\\backend\\src\\DTOs\\travelplan.dto.ts","statementMap":{"0":{"start":{"line":19,"column":8},"end":{"line":19,"column":34}},"1":{"start":{"line":1,"column":0},"end":{"line":1,"column":13}}},"fnMap":{"0":{"name":"(anonymous_0)","decl":{"start":{"line":18,"column":4},"end":{"line":18,"column":16}},"loc":{"start":{"line":18,"column":52},"end":{"line":20,"column":5}}}},"branchMap":{},"s":{"0":0,"1":1},"f":{"0":0},"b":{}}
,"C:\\Users\\cefalo\\Desktop\\Cefalo-Travel-Connect-App\\backend\\src\\DTOs\\travelplanmember.dto.ts": {"path":"C:\\Users\\cefalo\\Desktop\\Cefalo-Travel-Connect-App\\backend\\src\\DTOs\\travelplanmember.dto.ts","statementMap":{"0":{"start":{"line":9,"column":8},"end":{"line":9,"column":null}},"1":{"start":{"line":10,"column":8},"end":{"line":10,"column":null}},"2":{"start":{"line":11,"column":8},"end":{"line":11,"column":null}},"3":{"start":{"line":12,"column":8},"end":{"line":12,"column":null}},"4":{"start":{"line":1,"column":0},"end":{"line":1,"column":13}}},"fnMap":{"0":{"name":"(anonymous_0)","decl":{"start":{"line":7,"column":4},"end":{"line":7,"column":16}},"loc":{"start":{"line":7,"column":25},"end":{"line":13,"column":5}}}},"branchMap":{},"s":{"0":0,"1":0,"2":0,"3":0,"4":1},"f":{"0":0},"b":{}}
,"C:\\Users\\cefalo\\Desktop\\Cefalo-Travel-Connect-App\\backend\\src\\DTOs\\travelplanmessage.dto.ts": {"path":"C:\\Users\\cefalo\\Desktop\\Cefalo-Travel-Connect-App\\backend\\src\\DTOs\\travelplanmessage.dto.ts","statementMap":{"0":{"start":{"line":13,"column":8},"end":{"line":13,"column":null}},"1":{"start":{"line":14,"column":8},"end":{"line":14,"column":null}},"2":{"start":{"line":15,"column":8},"end":{"line":15,"column":null}},"3":{"start":{"line":16,"column":8},"end":{"line":16,"column":null}},"4":{"start":{"line":3,"column":0},"end":{"line":3,"column":13}}},"fnMap":{"0":{"name":"(anonymous_0)","decl":{"start":{"line":12,"column":4},"end":{"line":12,"column":16}},"loc":{"start":{"line":12,"column":39},"end":{"line":17,"column":5}}}},"branchMap":{},"s":{"0":0,"1":0,"2":0,"3":0,"4":1},"f":{"0":0},"b":{}}
,"C:\\Users\\cefalo\\Desktop\\Cefalo-Travel-Connect-App\\backend\\src\\DTOs\\user.dto.ts": {"path":"C:\\Users\\cefalo\\Desktop\\Cefalo-Travel-Connect-App\\backend\\src\\DTOs\\user.dto.ts","statementMap":{"0":{"start":{"line":12,"column":4},"end":{"line":12,"column":null}},"1":{"start":{"line":13,"column":4},"end":{"line":13,"column":null}},"2":{"start":{"line":14,"column":4},"end":{"line":14,"column":null}},"3":{"start":{"line":15,"column":4},"end":{"line":15,"column":null}},"4":{"start":{"line":16,"column":4},"end":{"line":16,"column":null}},"5":{"start":{"line":17,"column":4},"end":{"line":17,"column":null}},"6":{"start":{"line":3,"column":0},"end":{"line":3,"column":13}}},"fnMap":{"0":{"name":"(anonymous_0)","decl":{"start":{"line":11,"column":2},"end":{"line":11,"column":14}},"loc":{"start":{"line":11,"column":31},"end":{"line":18,"column":3}}}},"branchMap":{},"s":{"0":0,"1":0,"2":0,"3":0,"4":0,"5":0,"6":1},"f":{"0":0},"b":{}}
,"C:\\Users\\cefalo\\Desktop\\Cefalo-Travel-Connect-App\\backend\\src\\DTOs\\wishlist.dto.ts": {"path":"C:\\Users\\cefalo\\Desktop\\Cefalo-Travel-Connect-App\\backend\\src\\DTOs\\wishlist.dto.ts","statementMap":{"0":{"start":{"line":19,"column":8},"end":{"line":19,"column":null}},"1":{"start":{"line":20,"column":8},"end":{"line":20,"column":null}},"2":{"start":{"line":21,"column":8},"end":{"line":21,"column":null}},"3":{"start":{"line":22,"column":8},"end":{"line":22,"column":null}},"4":{"start":{"line":23,"column":8},"end":{"line":23,"column":null}},"5":{"start":{"line":24,"column":8},"end":{"line":24,"column":null}},"6":{"start":{"line":25,"column":8},"end":{"line":25,"column":null}},"7":{"start":{"line":26,"column":8},"end":{"line":26,"column":null}},"8":{"start":{"line":27,"column":8},"end":{"line":27,"column":null}},"9":{"start":{"line":28,"column":8},"end":{"line":28,"column":null}},"10":{"start":{"line":29,"column":8},"end":{"line":29,"column":null}},"11":{"start":{"line":30,"column":8},"end":{"line":30,"column":null}},"12":{"start":{"line":3,"column":0},"end":{"line":3,"column":13}}},"fnMap":{"0":{"name":"(anonymous_0)","decl":{"start":{"line":17,"column":4},"end":{"line":17,"column":16}},"loc":{"start":{"line":17,"column":37},"end":{"line":31,"column":5}}}},"branchMap":{},"s":{"0":0,"1":0,"2":0,"3":0,"4":0,"5":0,"6":0,"7":0,"8":0,"9":0,"10":0,"11":0,"12":1},"f":{"0":0},"b":{}}
,"C:\\Users\\cefalo\\Desktop\\Cefalo-Travel-Connect-App\\backend\\src\\controllers\\accommodation.controller.ts": {"path":"C:\\Users\\cefalo\\Desktop\\Cefalo-Travel-Connect-App\\backend\\src\\controllers\\accommodation.controller.ts","statementMap":{"0":{"start":{"line":3,"column":0},"end":{"line":3,"column":76}},"1":{"start":{"line":8,"column":35},"end":{"line":19,"column":1}},"2":{"start":{"line":9,"column":4},"end":{"line":18,"column":5}},"3":{"start":{"line":10,"column":44},"end":{"line":10,"column":52}},"4":{"start":{"line":11,"column":48},"end":{"line":11,"column":100}},"5":{"start":{"line":13,"column":8},"end":{"line":13,"column":null}},"6":{"start":{"line":17,"column":8},"end":{"line":17,"column":null}},"7":{"start":{"line":8,"column":13},"end":{"line":8,"column":35}},"8":{"start":{"line":21,"column":33},"end":{"line":31,"column":1}},"9":{"start":{"line":22,"column":4},"end":{"line":30,"column":5}},"10":{"start":{"line":23,"column":51},"end":{"line":23,"column":97}},"11":{"start":{"line":25,"column":8},"end":{"line":25,"column":null}},"12":{"start":{"line":29,"column":8},"end":{"line":29,"column":null}},"13":{"start":{"line":21,"column":13},"end":{"line":21,"column":33}},"14":{"start":{"line":33,"column":35},"end":{"line":45,"column":1}},"15":{"start":{"line":34,"column":4},"end":{"line":44,"column":5}},"16":{"start":{"line":35,"column":42},"end":{"line":35,"column":68}},"17":{"start":{"line":36,"column":44},"end":{"line":36,"column":52}},"18":{"start":{"line":37,"column":48},"end":{"line":37,"column":117}},"19":{"start":{"line":39,"column":8},"end":{"line":39,"column":null}},"20":{"start":{"line":43,"column":8},"end":{"line":43,"column":null}},"21":{"start":{"line":33,"column":13},"end":{"line":33,"column":35}},"22":{"start":{"line":48,"column":44},"end":{"line":62,"column":1}},"23":{"start":{"line":49,"column":4},"end":{"line":61,"column":5}},"24":{"start":{"line":50,"column":33},"end":{"line":50,"column":71}},"25":{"start":{"line":51,"column":34},"end":{"line":51,"column":73}},"26":{"start":{"line":52,"column":31},"end":{"line":52,"column":67}},"27":{"start":{"line":54,"column":41},"end":{"line":54,"column":125}},"28":{"start":{"line":56,"column":8},"end":{"line":56,"column":null}},"29":{"start":{"line":60,"column":8},"end":{"line":60,"column":null}},"30":{"start":{"line":48,"column":13},"end":{"line":48,"column":44}}},"fnMap":{"0":{"name":"(anonymous_9)","decl":{"start":{"line":8,"column":35},"end":{"line":8,"column":40}},"loc":{"start":{"line":8,"column":114},"end":{"line":19,"column":1}}},"1":{"name":"(anonymous_10)","decl":{"start":{"line":21,"column":33},"end":{"line":21,"column":38}},"loc":{"start":{"line":21,"column":112},"end":{"line":31,"column":1}}},"2":{"name":"(anonymous_11)","decl":{"start":{"line":33,"column":35},"end":{"line":33,"column":40}},"loc":{"start":{"line":33,"column":113},"end":{"line":45,"column":1}}},"3":{"name":"(anonymous_12)","decl":{"start":{"line":48,"column":44},"end":{"line":48,"column":49}},"loc":{"start":{"line":48,"column":123},"end":{"line":62,"column":1}}}},"branchMap":{},"s":{"0":1,"1":1,"2":0,"3":0,"4":0,"5":0,"6":0,"7":1,"8":1,"9":0,"10":0,"11":0,"12":0,"13":1,"14":1,"15":0,"16":0,"17":0,"18":0,"19":0,"20":0,"21":1,"22":1,"23":0,"24":0,"25":0,"26":0,"27":0,"28":0,"29":0,"30":1},"f":{"0":0,"1":0,"2":0,"3":0},"b":{}}
,"C:\\Users\\cefalo\\Desktop\\Cefalo-Travel-Connect-App\\backend\\src\\controllers\\auth.controller.ts": {"path":"C:\\Users\\cefalo\\Desktop\\Cefalo-Travel-Connect-App\\backend\\src\\controllers\\auth.controller.ts","statementMap":{"0":{"start":{"line":2,"column":0},"end":{"line":2,"column":59}},"1":{"start":{"line":7,"column":22},"end":{"line":23,"column":1}},"2":{"start":{"line":8,"column":2},"end":{"line":22,"column":3}},"3":{"start":{"line":9,"column":28},"end":{"line":9,"column":62}},"4":{"start":{"line":11,"column":4},"end":{"line":18,"column":32}},"5":{"start":{"line":21,"column":4},"end":{"line":21,"column":16}},"6":{"start":{"line":7,"column":13},"end":{"line":7,"column":22}},"7":{"start":{"line":25,"column":22},"end":{"line":41,"column":1}},"8":{"start":{"line":26,"column":4},"end":{"line":40,"column":5}},"9":{"start":{"line":27,"column":32},"end":{"line":27,"column":66}},"10":{"start":{"line":29,"column":8},"end":{"line":36,"column":34}},"11":{"start":{"line":39,"column":7},"end":{"line":39,"column":19}},"12":{"start":{"line":25,"column":13},"end":{"line":25,"column":22}},"13":{"start":{"line":44,"column":23},"end":{"line":51,"column":1}},"14":{"start":{"line":45,"column":4},"end":{"line":50,"column":5}},"15":{"start":{"line":46,"column":8},"end":{"line":46,"column":44}},"16":{"start":{"line":49,"column":8},"end":{"line":49,"column":20}},"17":{"start":{"line":44,"column":13},"end":{"line":44,"column":23}},"18":{"start":{"line":53,"column":34},"end":{"line":70,"column":1}},"19":{"start":{"line":54,"column":23},"end":{"line":54,"column":47}},"20":{"start":{"line":55,"column":2},"end":{"line":59,"column":3}},"21":{"start":{"line":57,"column":4},"end":{"line":57,"column":63}},"22":{"start":{"line":58,"column":4},"end":{"line":58,"column":11}},"23":{"start":{"line":61,"column":2},"end":{"line":69,"column":3}},"24":{"start":{"line":62,"column":27},"end":{"line":62,"column":77}},"25":{"start":{"line":63,"column":4},"end":{"line":65,"column":46}},"26":{"start":{"line":68,"column":4},"end":{"line":68,"column":16}},"27":{"start":{"line":53,"column":13},"end":{"line":53,"column":34}}},"fnMap":{"0":{"name":"(anonymous_9)","decl":{"start":{"line":7,"column":22},"end":{"line":7,"column":27}},"loc":{"start":{"line":7,"column":95},"end":{"line":23,"column":1}}},"1":{"name":"(anonymous_10)","decl":{"start":{"line":25,"column":22},"end":{"line":25,"column":27}},"loc":{"start":{"line":25,"column":95},"end":{"line":41,"column":1}}},"2":{"name":"(anonymous_11)","decl":{"start":{"line":44,"column":23},"end":{"line":44,"column":28}},"loc":{"start":{"line":44,"column":103},"end":{"line":51,"column":1}}},"3":{"name":"(anonymous_12)","decl":{"start":{"line":53,"column":34},"end":{"line":53,"column":39}},"loc":{"start":{"line":53,"column":114},"end":{"line":70,"column":1}}}},"branchMap":{"0":{"loc":{"start":{"line":55,"column":2},"end":{"line":59,"column":3}},"type":"if","locations":[{"start":{"line":55,"column":2},"end":{"line":59,"column":3}},{"start":{},"end":{}}]}},"s":{"0":1,"1":1,"2":0,"3":0,"4":0,"5":0,"6":1,"7":1,"8":0,"9":0,"10":0,"11":0,"12":1,"13":1,"14":0,"15":0,"16":0,"17":1,"18":1,"19":0,"20":0,"21":0,"22":0,"23":0,"24":0,"25":0,"26":0,"27":1},"f":{"0":0,"1":0,"2":0,"3":0},"b":{"0":[0,0]}}
,"C:\\Users\\cefalo\\Desktop\\Cefalo-Travel-Connect-App\\backend\\src\\controllers\\notification.controller.ts": {"path":"C:\\Users\\cefalo\\Desktop\\Cefalo-Travel-Connect-App\\backend\\src\\controllers\\notification.controller.ts","statementMap":{"0":{"start":{"line":3,"column":0},"end":{"line":3,"column":74}},"1":{"start":{"line":7,"column":0},"end":{"line":7,"column":58}},"2":{"start":{"line":9,"column":34},"end":{"line":20,"column":1}},"3":{"start":{"line":10,"column":4},"end":{"line":19,"column":5}},"4":{"start":{"line":11,"column":35},"end":{"line":11,"column":43}},"5":{"start":{"line":12,"column":40},"end":{"line":12,"column":90}},"6":{"start":{"line":14,"column":8},"end":{"line":14,"column":null}},"7":{"start":{"line":18,"column":8},"end":{"line":18,"column":null}},"8":{"start":{"line":9,"column":13},"end":{"line":9,"column":34}},"9":{"start":{"line":22,"column":39},"end":{"line":34,"column":1}},"10":{"start":{"line":23,"column":4},"end":{"line":33,"column":5}},"11":{"start":{"line":24,"column":34},"end":{"line":24,"column":53}},"12":{"start":{"line":25,"column":30},"end":{"line":25,"column":76}},"13":{"start":{"line":26,"column":42},"end":{"line":26,"column":105}},"14":{"start":{"line":28,"column":8},"end":{"line":28,"column":null}},"15":{"start":{"line":32,"column":8},"end":{"line":32,"column":null}},"16":{"start":{"line":22,"column":13},"end":{"line":22,"column":39}},"17":{"start":{"line":36,"column":47},"end":{"line":46,"column":1}},"18":{"start":{"line":37,"column":4},"end":{"line":45,"column":5}},"19":{"start":{"line":38,"column":40},"end":{"line":38,"column":66}},"20":{"start":{"line":39,"column":40},"end":{"line":39,"column":114}},"21":{"start":{"line":40,"column":8},"end":{"line":40,"column":null}},"22":{"start":{"line":44,"column":8},"end":{"line":44,"column":null}},"23":{"start":{"line":36,"column":13},"end":{"line":36,"column":47}},"24":{"start":{"line":48,"column":26},"end":{"line":58,"column":1}},"25":{"start":{"line":49,"column":4},"end":{"line":57,"column":5}},"26":{"start":{"line":50,"column":40},"end":{"line":50,"column":66}},"27":{"start":{"line":51,"column":40},"end":{"line":51,"column":93}},"28":{"start":{"line":52,"column":8},"end":{"line":52,"column":null}},"29":{"start":{"line":56,"column":8},"end":{"line":56,"column":null}},"30":{"start":{"line":48,"column":13},"end":{"line":48,"column":26}},"31":{"start":{"line":61,"column":35},"end":{"line":71,"column":1}},"32":{"start":{"line":62,"column":4},"end":{"line":70,"column":5}},"33":{"start":{"line":63,"column":40},"end":{"line":63,"column":66}},"34":{"start":{"line":64,"column":31},"end":{"line":64,"column":93}},"35":{"start":{"line":65,"column":8},"end":{"line":65,"column":null}},"36":{"start":{"line":69,"column":8},"end":{"line":69,"column":null}},"37":{"start":{"line":61,"column":13},"end":{"line":61,"column":35}}},"fnMap":{"0":{"name":"(anonymous_9)","decl":{"start":{"line":9,"column":34},"end":{"line":9,"column":39}},"loc":{"start":{"line":9,"column":114},"end":{"line":20,"column":1}}},"1":{"name":"(anonymous_10)","decl":{"start":{"line":22,"column":39},"end":{"line":22,"column":44}},"loc":{"start":{"line":22,"column":119},"end":{"line":34,"column":1}}},"2":{"name":"(anonymous_11)","decl":{"start":{"line":36,"column":47},"end":{"line":36,"column":52}},"loc":{"start":{"line":36,"column":127},"end":{"line":46,"column":1}}},"3":{"name":"(anonymous_12)","decl":{"start":{"line":48,"column":26},"end":{"line":48,"column":31}},"loc":{"start":{"line":48,"column":106},"end":{"line":58,"column":1}}},"4":{"name":"(anonymous_13)","decl":{"start":{"line":61,"column":35},"end":{"line":61,"column":40}},"loc":{"start":{"line":61,"column":115},"end":{"line":71,"column":1}}}},"branchMap":{},"s":{"0":1,"1":1,"2":1,"3":0,"4":0,"5":0,"6":0,"7":0,"8":1,"9":1,"10":0,"11":0,"12":0,"13":0,"14":0,"15":0,"16":1,"17":1,"18":0,"19":0,"20":0,"21":0,"22":0,"23":1,"24":1,"25":0,"26":0,"27":0,"28":0,"29":0,"30":1,"31":1,"32":0,"33":0,"34":0,"35":0,"36":0,"37":1},"f":{"0":0,"1":0,"2":0,"3":0,"4":0},"b":{}}
,"C:\\Users\\cefalo\\Desktop\\Cefalo-Travel-Connect-App\\backend\\src\\controllers\\place.controller.ts": {"path":"C:\\Users\\cefalo\\Desktop\\Cefalo-Travel-Connect-App\\backend\\src\\controllers\\place.controller.ts","statementMap":{"0":{"start":{"line":3,"column":0},"end":{"line":3,"column":60}},"1":{"start":{"line":8,"column":27},"end":{"line":19,"column":1}},"2":{"start":{"line":9,"column":4},"end":{"line":18,"column":5}},"3":{"start":{"line":10,"column":36},"end":{"line":10,"column":44}},"4":{"start":{"line":11,"column":32},"end":{"line":11,"column":68}},"5":{"start":{"line":13,"column":8},"end":{"line":13,"column":null}},"6":{"start":{"line":17,"column":8},"end":{"line":17,"column":null}},"7":{"start":{"line":8,"column":13},"end":{"line":8,"column":27}},"8":{"start":{"line":21,"column":25},"end":{"line":31,"column":1}},"9":{"start":{"line":22,"column":4},"end":{"line":30,"column":5}},"10":{"start":{"line":23,"column":35},"end":{"line":23,"column":65}},"11":{"start":{"line":25,"column":8},"end":{"line":25,"column":null}},"12":{"start":{"line":29,"column":8},"end":{"line":29,"column":null}},"13":{"start":{"line":21,"column":13},"end":{"line":21,"column":25}},"14":{"start":{"line":33,"column":27},"end":{"line":45,"column":1}},"15":{"start":{"line":34,"column":4},"end":{"line":44,"column":5}},"16":{"start":{"line":35,"column":34},"end":{"line":35,"column":52}},"17":{"start":{"line":36,"column":36},"end":{"line":36,"column":44}},"18":{"start":{"line":37,"column":32},"end":{"line":37,"column":77}},"19":{"start":{"line":39,"column":8},"end":{"line":39,"column":null}},"20":{"start":{"line":43,"column":8},"end":{"line":43,"column":null}},"21":{"start":{"line":33,"column":13},"end":{"line":33,"column":27}},"22":{"start":{"line":48,"column":36},"end":{"line":62,"column":1}},"23":{"start":{"line":49,"column":4},"end":{"line":61,"column":5}},"24":{"start":{"line":50,"column":33},"end":{"line":50,"column":71}},"25":{"start":{"line":51,"column":34},"end":{"line":51,"column":73}},"26":{"start":{"line":52,"column":31},"end":{"line":52,"column":67}},"27":{"start":{"line":54,"column":33},"end":{"line":54,"column":101}},"28":{"start":{"line":56,"column":8},"end":{"line":56,"column":null}},"29":{"start":{"line":60,"column":8},"end":{"line":60,"column":null}},"30":{"start":{"line":48,"column":13},"end":{"line":48,"column":36}}},"fnMap":{"0":{"name":"(anonymous_9)","decl":{"start":{"line":8,"column":27},"end":{"line":8,"column":32}},"loc":{"start":{"line":8,"column":106},"end":{"line":19,"column":1}}},"1":{"name":"(anonymous_10)","decl":{"start":{"line":21,"column":25},"end":{"line":21,"column":30}},"loc":{"start":{"line":21,"column":104},"end":{"line":31,"column":1}}},"2":{"name":"(anonymous_11)","decl":{"start":{"line":33,"column":27},"end":{"line":33,"column":32}},"loc":{"start":{"line":33,"column":105},"end":{"line":45,"column":1}}},"3":{"name":"(anonymous_12)","decl":{"start":{"line":48,"column":36},"end":{"line":48,"column":41}},"loc":{"start":{"line":48,"column":115},"end":{"line":62,"column":1}}}},"branchMap":{},"s":{"0":1,"1":1,"2":0,"3":0,"4":0,"5":0,"6":0,"7":1,"8":1,"9":0,"10":0,"11":0,"12":0,"13":1,"14":1,"15":0,"16":0,"17":0,"18":0,"19":0,"20":0,"21":1,"22":1,"23":0,"24":0,"25":0,"26":0,"27":0,"28":0,"29":0,"30":1},"f":{"0":0,"1":0,"2":0,"3":0},"b":{}}
,"C:\\Users\\cefalo\\Desktop\\Cefalo-Travel-Connect-App\\backend\\src\\controllers\\post.controller.ts": {"path":"C:\\Users\\cefalo\\Desktop\\Cefalo-Travel-Connect-App\\backend\\src\\controllers\\post.controller.ts","statementMap":{"0":{"start":{"line":1,"column":0},"end":{"line":1,"column":58}},"1":{"start":{"line":7,"column":0},"end":{"line":7,"column":58}},"2":{"start":{"line":9,"column":26},"end":{"line":19,"column":1}},"3":{"start":{"line":10,"column":4},"end":{"line":18,"column":5}},"4":{"start":{"line":11,"column":30},"end":{"line":11,"column":68}},"5":{"start":{"line":13,"column":8},"end":{"line":13,"column":null}},"6":{"start":{"line":17,"column":8},"end":{"line":17,"column":null}},"7":{"start":{"line":9,"column":13},"end":{"line":9,"column":26}},"8":{"start":{"line":22,"column":27},"end":{"line":34,"column":1}},"9":{"start":{"line":23,"column":4},"end":{"line":33,"column":5}},"10":{"start":{"line":24,"column":29},"end":{"line":24,"column":63}},"11":{"start":{"line":25,"column":30},"end":{"line":25,"column":65}},"12":{"start":{"line":27,"column":41},"end":{"line":27,"column":83}},"13":{"start":{"line":28,"column":8},"end":{"line":28,"column":null}},"14":{"start":{"line":32,"column":8},"end":{"line":32,"column":null}},"15":{"start":{"line":22,"column":13},"end":{"line":22,"column":27}},"16":{"start":{"line":37,"column":31},"end":{"line":48,"column":1}},"17":{"start":{"line":38,"column":4},"end":{"line":47,"column":5}},"18":{"start":{"line":39,"column":33},"end":{"line":39,"column":51}},"19":{"start":{"line":40,"column":38},"end":{"line":40,"column":80}},"20":{"start":{"line":42,"column":8},"end":{"line":42,"column":null}},"21":{"start":{"line":46,"column":8},"end":{"line":46,"column":null}},"22":{"start":{"line":37,"column":13},"end":{"line":37,"column":31}},"23":{"start":{"line":51,"column":26},"end":{"line":64,"column":1}},"24":{"start":{"line":52,"column":4},"end":{"line":63,"column":5}},"25":{"start":{"line":53,"column":33},"end":{"line":53,"column":51}},"26":{"start":{"line":55,"column":49},"end":{"line":55,"column":57}},"27":{"start":{"line":56,"column":31},"end":{"line":56,"column":85}},"28":{"start":{"line":58,"column":8},"end":{"line":58,"column":null}},"29":{"start":{"line":62,"column":8},"end":{"line":62,"column":null}},"30":{"start":{"line":51,"column":13},"end":{"line":51,"column":26}},"31":{"start":{"line":67,"column":26},"end":{"line":80,"column":1}},"32":{"start":{"line":68,"column":4},"end":{"line":79,"column":5}},"33":{"start":{"line":69,"column":33},"end":{"line":69,"column":51}},"34":{"start":{"line":70,"column":30},"end":{"line":70,"column":80}},"35":{"start":{"line":72,"column":31},"end":{"line":72,"column":82}},"36":{"start":{"line":74,"column":8},"end":{"line":74,"column":null}},"37":{"start":{"line":78,"column":8},"end":{"line":78,"column":null}},"38":{"start":{"line":67,"column":13},"end":{"line":67,"column":26}},"39":{"start":{"line":83,"column":32},"end":{"line":98,"column":1}},"40":{"start":{"line":84,"column":3},"end":{"line":97,"column":5}},"41":{"start":{"line":86,"column":33},"end":{"line":86,"column":52}},"42":{"start":{"line":87,"column":30},"end":{"line":87,"column":75}},"43":{"start":{"line":90,"column":41},"end":{"line":90,"column":89}},"44":{"start":{"line":92,"column":8},"end":{"line":92,"column":null}},"45":{"start":{"line":96,"column":8},"end":{"line":96,"column":null}},"46":{"start":{"line":83,"column":13},"end":{"line":83,"column":32}},"47":{"start":{"line":102,"column":27},"end":{"line":131,"column":1}},"48":{"start":{"line":103,"column":2},"end":{"line":130,"column":3}},"49":{"start":{"line":104,"column":4},"end":{"line":104,"column":null}},"50":{"start":{"line":113,"column":8},"end":{"line":113,"column":17}},"51":{"start":{"line":115,"column":20},"end":{"line":123,"column":6}},"52":{"start":{"line":125,"column":18},"end":{"line":125,"column":56}},"53":{"start":{"line":126,"column":4},"end":{"line":126,"column":32}},"54":{"start":{"line":129,"column":4},"end":{"line":129,"column":14}},"55":{"start":{"line":102,"column":13},"end":{"line":102,"column":27}},"56":{"start":{"line":134,"column":30},"end":{"line":148,"column":1}},"57":{"start":{"line":135,"column":4},"end":{"line":147,"column":5}},"58":{"start":{"line":136,"column":33},"end":{"line":136,"column":50}},"59":{"start":{"line":137,"column":33},"end":{"line":137,"column":46}},"60":{"start":{"line":138,"column":30},"end":{"line":138,"column":75}},"61":{"start":{"line":140,"column":31},"end":{"line":140,"column":86}},"62":{"start":{"line":142,"column":8},"end":{"line":142,"column":null}},"63":{"start":{"line":146,"column":8},"end":{"line":146,"column":null}},"64":{"start":{"line":134,"column":13},"end":{"line":134,"column":30}}},"fnMap":{"0":{"name":"(anonymous_9)","decl":{"start":{"line":9,"column":26},"end":{"line":9,"column":31}},"loc":{"start":{"line":9,"column":106},"end":{"line":19,"column":1}}},"1":{"name":"(anonymous_10)","decl":{"start":{"line":22,"column":27},"end":{"line":22,"column":32}},"loc":{"start":{"line":22,"column":100},"end":{"line":34,"column":1}}},"2":{"name":"(anonymous_11)","decl":{"start":{"line":37,"column":31},"end":{"line":37,"column":36}},"loc":{"start":{"line":37,"column":111},"end":{"line":48,"column":1}}},"3":{"name":"(anonymous_12)","decl":{"start":{"line":51,"column":26},"end":{"line":51,"column":31}},"loc":{"start":{"line":51,"column":106},"end":{"line":64,"column":1}}},"4":{"name":"(anonymous_13)","decl":{"start":{"line":67,"column":26},"end":{"line":67,"column":31}},"loc":{"start":{"line":67,"column":106},"end":{"line":80,"column":1}}},"5":{"name":"(anonymous_14)","decl":{"start":{"line":83,"column":32},"end":{"line":83,"column":37}},"loc":{"start":{"line":83,"column":112},"end":{"line":98,"column":1}}},"6":{"name":"(anonymous_15)","decl":{"start":{"line":102,"column":27},"end":{"line":102,"column":32}},"loc":{"start":{"line":102,"column":107},"end":{"line":131,"column":1}}},"7":{"name":"(anonymous_16)","decl":{"start":{"line":134,"column":30},"end":{"line":134,"column":35}},"loc":{"start":{"line":134,"column":110},"end":{"line":148,"column":1}}}},"branchMap":{"0":{"loc":{"start":{"line":117,"column":16},"end":{"line":117,"column":55}},"type":"cond-expr","locations":[{"start":{"line":117,"column":27},"end":{"line":117,"column":43}},{"start":{"line":117,"column":46},"end":{"line":117,"column":55}}]},"1":{"loc":{"start":{"line":118,"column":16},"end":{"line":118,"column":55}},"type":"cond-expr","locations":[{"start":{"line":118,"column":27},"end":{"line":118,"column":43}},{"start":{"line":118,"column":46},"end":{"line":118,"column":55}}]}},"s":{"0":1,"1":1,"2":1,"3":0,"4":0,"5":0,"6":0,"7":1,"8":1,"9":0,"10":0,"11":0,"12":0,"13":0,"14":0,"15":1,"16":1,"17":0,"18":0,"19":0,"20":0,"21":0,"22":1,"23":1,"24":0,"25":0,"26":0,"27":0,"28":0,"29":0,"30":1,"31":1,"32":0,"33":0,"34":0,"35":0,"36":0,"37":0,"38":1,"39":1,"40":0,"41":0,"42":0,"43":0,"44":0,"45":0,"46":1,"47":1,"48":0,"49":0,"50":0,"51":0,"52":0,"53":0,"54":0,"55":1,"56":1,"57":0,"58":0,"59":0,"60":0,"61":0,"62":0,"63":0,"64":1},"f":{"0":0,"1":0,"2":0,"3":0,"4":0,"5":0,"6":0,"7":0},"b":{"0":[0,0],"1":[0,0]}}
,"C:\\Users\\cefalo\\Desktop\\Cefalo-Travel-Connect-App\\backend\\src\\controllers\\proximity.controller.ts": {"path":"C:\\Users\\cefalo\\Desktop\\Cefalo-Travel-Connect-App\\backend\\src\\controllers\\proximity.controller.ts","statementMap":{"0":{"start":{"line":3,"column":0},"end":{"line":3,"column":68}},"1":{"start":{"line":6,"column":0},"end":{"line":6,"column":58}},"2":{"start":{"line":8,"column":0},"end":{"line":8,"column":66}},"3":{"start":{"line":10,"column":0},"end":{"line":10,"column":57}},"4":{"start":{"line":13,"column":31},"end":{"line":34,"column":1}},"5":{"start":{"line":14,"column":4},"end":{"line":33,"column":5}},"6":{"start":{"line":16,"column":30},"end":{"line":16,"column":80}},"7":{"start":{"line":19,"column":35},"end":{"line":24,"column":null}},"8":{"start":{"line":26,"column":37},"end":{"line":26,"column":84}},"9":{"start":{"line":28,"column":8},"end":{"line":28,"column":null}},"10":{"start":{"line":32,"column":8},"end":{"line":32,"column":null}},"11":{"start":{"line":13,"column":13},"end":{"line":13,"column":31}},"12":{"start":{"line":36,"column":33},"end":{"line":47,"column":1}},"13":{"start":{"line":37,"column":4},"end":{"line":46,"column":5}},"14":{"start":{"line":38,"column":30},"end":{"line":38,"column":80}},"15":{"start":{"line":40,"column":39},"end":{"line":40,"column":93}},"16":{"start":{"line":41,"column":8},"end":{"line":41,"column":null}},"17":{"start":{"line":45,"column":8},"end":{"line":45,"column":null}},"18":{"start":{"line":36,"column":13},"end":{"line":36,"column":33}},"19":{"start":{"line":49,"column":31},"end":{"line":70,"column":1}},"20":{"start":{"line":50,"column":4},"end":{"line":69,"column":5}},"21":{"start":{"line":52,"column":30},"end":{"line":52,"column":80}},"22":{"start":{"line":55,"column":35},"end":{"line":60,"column":null}},"23":{"start":{"line":62,"column":37},"end":{"line":62,"column":84}},"24":{"start":{"line":64,"column":8},"end":{"line":64,"column":null}},"25":{"start":{"line":68,"column":8},"end":{"line":68,"column":null}},"26":{"start":{"line":49,"column":13},"end":{"line":49,"column":31}},"27":{"start":{"line":73,"column":31},"end":{"line":94,"column":1}},"28":{"start":{"line":74,"column":4},"end":{"line":93,"column":5}},"29":{"start":{"line":76,"column":30},"end":{"line":76,"column":80}},"30":{"start":{"line":79,"column":35},"end":{"line":84,"column":null}},"31":{"start":{"line":86,"column":32},"end":{"line":86,"column":79}},"32":{"start":{"line":88,"column":8},"end":{"line":88,"column":null}},"33":{"start":{"line":92,"column":8},"end":{"line":92,"column":null}},"34":{"start":{"line":73,"column":13},"end":{"line":73,"column":31}},"35":{"start":{"line":96,"column":32},"end":{"line":132,"column":1}},"36":{"start":{"line":97,"column":4},"end":{"line":130,"column":5}},"37":{"start":{"line":98,"column":23},"end":{"line":98,"column":25}},"38":{"start":{"line":99,"column":30},"end":{"line":99,"column":80}},"39":{"start":{"line":100,"column":38},"end":{"line":100,"column":46}},"40":{"start":{"line":101,"column":41},"end":{"line":101,"column":95}},"41":{"start":{"line":103,"column":8},"end":{"line":123,"column":9}},"42":{"start":{"line":104,"column":42},"end":{"line":104,"column":103}},"43":{"start":{"line":107,"column":29},"end":{"line":107,"column":62}},"44":{"start":{"line":108,"column":30},"end":{"line":108,"column":64}},"45":{"start":{"line":110,"column":29},"end":{"line":110,"column":84}},"46":{"start":{"line":112,"column":12},"end":{"line":122,"column":13}},"47":{"start":{"line":113,"column":16},"end":{"line":119,"column":19}},"48":{"start":{"line":121,"column":16},"end":{"line":121,"column":null}},"49":{"start":{"line":125,"column":8},"end":{"line":125,"column":null}},"50":{"start":{"line":129,"column":8},"end":{"line":129,"column":null}},"51":{"start":{"line":96,"column":13},"end":{"line":96,"column":32}}},"fnMap":{"0":{"name":"(anonymous_9)","decl":{"start":{"line":13,"column":31},"end":{"line":13,"column":36}},"loc":{"start":{"line":13,"column":110},"end":{"line":34,"column":1}}},"1":{"name":"(anonymous_10)","decl":{"start":{"line":36,"column":33},"end":{"line":36,"column":38}},"loc":{"start":{"line":36,"column":112},"end":{"line":47,"column":1}}},"2":{"name":"(anonymous_11)","decl":{"start":{"line":49,"column":31},"end":{"line":49,"column":36}},"loc":{"start":{"line":49,"column":95},"end":{"line":70,"column":1}}},"3":{"name":"(anonymous_12)","decl":{"start":{"line":73,"column":31},"end":{"line":73,"column":36}},"loc":{"start":{"line":73,"column":95},"end":{"line":94,"column":1}}},"4":{"name":"(anonymous_13)","decl":{"start":{"line":96,"column":32},"end":{"line":96,"column":37}},"loc":{"start":{"line":96,"column":111},"end":{"line":132,"column":1}}}},"branchMap":{"0":{"loc":{"start":{"line":112,"column":12},"end":{"line":122,"column":13}},"type":"if","locations":[{"start":{"line":112,"column":12},"end":{"line":122,"column":13}},{"start":{},"end":{}}]}},"s":{"0":1,"1":1,"2":1,"3":1,"4":1,"5":0,"6":0,"7":0,"8":0,"9":0,"10":0,"11":1,"12":1,"13":0,"14":0,"15":0,"16":0,"17":0,"18":1,"19":1,"20":0,"21":0,"22":0,"23":0,"24":0,"25":0,"26":1,"27":1,"28":0,"29":0,"30":0,"31":0,"32":0,"33":0,"34":1,"35":1,"36":0,"37":0,"38":0,"39":0,"40":0,"41":0,"42":0,"43":0,"44":0,"45":0,"46":0,"47":0,"48":0,"49":0,"50":0,"51":1},"f":{"0":0,"1":0,"2":0,"3":0,"4":0},"b":{"0":[0,0]}}
,"C:\\Users\\cefalo\\Desktop\\Cefalo-Travel-Connect-App\\backend\\src\\controllers\\restaurant.controller.ts": {"path":"C:\\Users\\cefalo\\Desktop\\Cefalo-Travel-Connect-App\\backend\\src\\controllers\\restaurant.controller.ts","statementMap":{"0":{"start":{"line":3,"column":0},"end":{"line":3,"column":70}},"1":{"start":{"line":8,"column":32},"end":{"line":19,"column":1}},"2":{"start":{"line":9,"column":4},"end":{"line":18,"column":5}},"3":{"start":{"line":10,"column":41},"end":{"line":10,"column":49}},"4":{"start":{"line":11,"column":42},"end":{"line":11,"column":88}},"5":{"start":{"line":13,"column":8},"end":{"line":13,"column":null}},"6":{"start":{"line":17,"column":8},"end":{"line":17,"column":null}},"7":{"start":{"line":8,"column":13},"end":{"line":8,"column":32}},"8":{"start":{"line":21,"column":30},"end":{"line":31,"column":1}},"9":{"start":{"line":22,"column":4},"end":{"line":30,"column":5}},"10":{"start":{"line":23,"column":45},"end":{"line":23,"column":85}},"11":{"start":{"line":25,"column":8},"end":{"line":25,"column":null}},"12":{"start":{"line":29,"column":8},"end":{"line":29,"column":null}},"13":{"start":{"line":21,"column":13},"end":{"line":21,"column":30}},"14":{"start":{"line":33,"column":32},"end":{"line":45,"column":1}},"15":{"start":{"line":34,"column":4},"end":{"line":44,"column":5}},"16":{"start":{"line":35,"column":39},"end":{"line":35,"column":62}},"17":{"start":{"line":36,"column":41},"end":{"line":36,"column":49}},"18":{"start":{"line":37,"column":42},"end":{"line":37,"column":102}},"19":{"start":{"line":39,"column":8},"end":{"line":39,"column":null}},"20":{"start":{"line":43,"column":8},"end":{"line":43,"column":null}},"21":{"start":{"line":33,"column":13},"end":{"line":33,"column":32}},"22":{"start":{"line":48,"column":41},"end":{"line":62,"column":1}},"23":{"start":{"line":49,"column":4},"end":{"line":61,"column":5}},"24":{"start":{"line":50,"column":33},"end":{"line":50,"column":71}},"25":{"start":{"line":51,"column":34},"end":{"line":51,"column":73}},"26":{"start":{"line":52,"column":31},"end":{"line":52,"column":67}},"27":{"start":{"line":54,"column":38},"end":{"line":54,"column":116}},"28":{"start":{"line":56,"column":8},"end":{"line":56,"column":null}},"29":{"start":{"line":60,"column":8},"end":{"line":60,"column":null}},"30":{"start":{"line":48,"column":13},"end":{"line":48,"column":41}}},"fnMap":{"0":{"name":"(anonymous_9)","decl":{"start":{"line":8,"column":32},"end":{"line":8,"column":37}},"loc":{"start":{"line":8,"column":111},"end":{"line":19,"column":1}}},"1":{"name":"(anonymous_10)","decl":{"start":{"line":21,"column":30},"end":{"line":21,"column":35}},"loc":{"start":{"line":21,"column":109},"end":{"line":31,"column":1}}},"2":{"name":"(anonymous_11)","decl":{"start":{"line":33,"column":32},"end":{"line":33,"column":37}},"loc":{"start":{"line":33,"column":110},"end":{"line":45,"column":1}}},"3":{"name":"(anonymous_12)","decl":{"start":{"line":48,"column":41},"end":{"line":48,"column":46}},"loc":{"start":{"line":48,"column":120},"end":{"line":62,"column":1}}}},"branchMap":{},"s":{"0":1,"1":1,"2":0,"3":0,"4":0,"5":0,"6":0,"7":1,"8":1,"9":0,"10":0,"11":0,"12":0,"13":1,"14":1,"15":0,"16":0,"17":0,"18":0,"19":0,"20":0,"21":1,"22":1,"23":0,"24":0,"25":0,"26":0,"27":0,"28":0,"29":0,"30":1},"f":{"0":0,"1":0,"2":0,"3":0},"b":{}}
,"C:\\Users\\cefalo\\Desktop\\Cefalo-Travel-Connect-App\\backend\\src\\controllers\\transport.controller.ts": {"path":"C:\\Users\\cefalo\\Desktop\\Cefalo-Travel-Connect-App\\backend\\src\\controllers\\transport.controller.ts","statementMap":{"0":{"start":{"line":3,"column":0},"end":{"line":3,"column":68}},"1":{"start":{"line":8,"column":31},"end":{"line":19,"column":1}},"2":{"start":{"line":9,"column":4},"end":{"line":18,"column":5}},"3":{"start":{"line":10,"column":40},"end":{"line":10,"column":48}},"4":{"start":{"line":11,"column":40},"end":{"line":11,"column":84}},"5":{"start":{"line":13,"column":8},"end":{"line":13,"column":null}},"6":{"start":{"line":17,"column":8},"end":{"line":17,"column":null}},"7":{"start":{"line":8,"column":13},"end":{"line":8,"column":31}},"8":{"start":{"line":21,"column":29},"end":{"line":31,"column":1}},"9":{"start":{"line":22,"column":4},"end":{"line":30,"column":5}},"10":{"start":{"line":23,"column":43},"end":{"line":23,"column":81}},"11":{"start":{"line":25,"column":8},"end":{"line":25,"column":null}},"12":{"start":{"line":29,"column":8},"end":{"line":29,"column":null}},"13":{"start":{"line":21,"column":13},"end":{"line":21,"column":29}},"14":{"start":{"line":33,"column":31},"end":{"line":45,"column":1}},"15":{"start":{"line":34,"column":4},"end":{"line":44,"column":5}},"16":{"start":{"line":35,"column":38},"end":{"line":35,"column":60}},"17":{"start":{"line":36,"column":40},"end":{"line":36,"column":48}},"18":{"start":{"line":37,"column":40},"end":{"line":37,"column":97}},"19":{"start":{"line":39,"column":8},"end":{"line":39,"column":null}},"20":{"start":{"line":43,"column":8},"end":{"line":43,"column":null}},"21":{"start":{"line":33,"column":13},"end":{"line":33,"column":31}},"22":{"start":{"line":48,"column":40},"end":{"line":62,"column":1}},"23":{"start":{"line":49,"column":4},"end":{"line":61,"column":5}},"24":{"start":{"line":50,"column":33},"end":{"line":50,"column":71}},"25":{"start":{"line":51,"column":34},"end":{"line":51,"column":73}},"26":{"start":{"line":52,"column":31},"end":{"line":52,"column":67}},"27":{"start":{"line":54,"column":37},"end":{"line":54,"column":113}},"28":{"start":{"line":56,"column":8},"end":{"line":56,"column":null}},"29":{"start":{"line":60,"column":8},"end":{"line":60,"column":null}},"30":{"start":{"line":48,"column":13},"end":{"line":48,"column":40}}},"fnMap":{"0":{"name":"(anonymous_9)","decl":{"start":{"line":8,"column":31},"end":{"line":8,"column":36}},"loc":{"start":{"line":8,"column":110},"end":{"line":19,"column":1}}},"1":{"name":"(anonymous_10)","decl":{"start":{"line":21,"column":29},"end":{"line":21,"column":34}},"loc":{"start":{"line":21,"column":108},"end":{"line":31,"column":1}}},"2":{"name":"(anonymous_11)","decl":{"start":{"line":33,"column":31},"end":{"line":33,"column":36}},"loc":{"start":{"line":33,"column":109},"end":{"line":45,"column":1}}},"3":{"name":"(anonymous_12)","decl":{"start":{"line":48,"column":40},"end":{"line":48,"column":45}},"loc":{"start":{"line":48,"column":119},"end":{"line":62,"column":1}}}},"branchMap":{},"s":{"0":1,"1":1,"2":0,"3":0,"4":0,"5":0,"6":0,"7":1,"8":1,"9":0,"10":0,"11":0,"12":0,"13":1,"14":1,"15":0,"16":0,"17":0,"18":0,"19":0,"20":0,"21":1,"22":1,"23":0,"24":0,"25":0,"26":0,"27":0,"28":0,"29":0,"30":1},"f":{"0":0,"1":0,"2":0,"3":0},"b":{}}
,"C:\\Users\\cefalo\\Desktop\\Cefalo-Travel-Connect-App\\backend\\src\\controllers\\travelplan.controller.ts": {"path":"C:\\Users\\cefalo\\Desktop\\Cefalo-Travel-Connect-App\\backend\\src\\controllers\\travelplan.controller.ts","statementMap":{"0":{"start":{"line":3,"column":0},"end":{"line":3,"column":58}},"1":{"start":{"line":5,"column":0},"end":{"line":5,"column":70}},"2":{"start":{"line":9,"column":32},"end":{"line":24,"column":1}},"3":{"start":{"line":10,"column":4},"end":{"line":23,"column":5}},"4":{"start":{"line":12,"column":30},"end":{"line":12,"column":80}},"5":{"start":{"line":13,"column":41},"end":{"line":13,"column":49}},"6":{"start":{"line":14,"column":8},"end":{"line":14,"column":null}},"7":{"start":{"line":16,"column":23},"end":{"line":16,"column":72}},"8":{"start":{"line":18,"column":8},"end":{"line":18,"column":null}},"9":{"start":{"line":22,"column":8},"end":{"line":22,"column":null}},"10":{"start":{"line":9,"column":13},"end":{"line":9,"column":32}},"11":{"start":{"line":26,"column":30},"end":{"line":38,"column":1}},"12":{"start":{"line":27,"column":4},"end":{"line":37,"column":5}},"13":{"start":{"line":28,"column":29},"end":{"line":28,"column":63}},"14":{"start":{"line":29,"column":30},"end":{"line":29,"column":65}},"15":{"start":{"line":30,"column":49},"end":{"line":30,"column":100}},"16":{"start":{"line":32,"column":8},"end":{"line":32,"column":null}},"17":{"start":{"line":36,"column":8},"end":{"line":36,"column":null}},"18":{"start":{"line":26,"column":13},"end":{"line":26,"column":30}},"19":{"start":{"line":40,"column":33},"end":{"line":50,"column":1}},"20":{"start":{"line":41,"column":4},"end":{"line":49,"column":5}},"21":{"start":{"line":42,"column":46},"end":{"line":42,"column":114}},"22":{"start":{"line":44,"column":8},"end":{"line":44,"column":null}},"23":{"start":{"line":48,"column":8},"end":{"line":48,"column":null}},"24":{"start":{"line":40,"column":13},"end":{"line":40,"column":33}},"25":{"start":{"line":52,"column":36},"end":{"line":66,"column":1}},"26":{"start":{"line":53,"column":4},"end":{"line":65,"column":5}},"27":{"start":{"line":54,"column":30},"end":{"line":54,"column":80}},"28":{"start":{"line":55,"column":41},"end":{"line":55,"column":49}},"29":{"start":{"line":56,"column":8},"end":{"line":56,"column":null}},"30":{"start":{"line":58,"column":31},"end":{"line":58,"column":107}},"31":{"start":{"line":60,"column":8},"end":{"line":60,"column":null}},"32":{"start":{"line":64,"column":8},"end":{"line":64,"column":null}},"33":{"start":{"line":52,"column":13},"end":{"line":52,"column":36}},"34":{"start":{"line":68,"column":36},"end":{"line":79,"column":1}},"35":{"start":{"line":69,"column":4},"end":{"line":78,"column":5}},"36":{"start":{"line":70,"column":30},"end":{"line":70,"column":80}},"37":{"start":{"line":71,"column":31},"end":{"line":71,"column":112}},"38":{"start":{"line":73,"column":8},"end":{"line":73,"column":null}},"39":{"start":{"line":77,"column":8},"end":{"line":77,"column":null}},"40":{"start":{"line":68,"column":13},"end":{"line":68,"column":36}},"41":{"start":{"line":82,"column":39},"end":{"line":95,"column":1}},"42":{"start":{"line":83,"column":4},"end":{"line":94,"column":5}},"43":{"start":{"line":85,"column":30},"end":{"line":85,"column":80}},"44":{"start":{"line":87,"column":49},"end":{"line":87,"column":111}},"45":{"start":{"line":89,"column":8},"end":{"line":89,"column":null}},"46":{"start":{"line":93,"column":8},"end":{"line":93,"column":null}},"47":{"start":{"line":82,"column":13},"end":{"line":82,"column":39}}},"fnMap":{"0":{"name":"(anonymous_9)","decl":{"start":{"line":9,"column":32},"end":{"line":9,"column":37}},"loc":{"start":{"line":9,"column":111},"end":{"line":24,"column":1}}},"1":{"name":"(anonymous_10)","decl":{"start":{"line":26,"column":30},"end":{"line":26,"column":35}},"loc":{"start":{"line":26,"column":109},"end":{"line":38,"column":1}}},"2":{"name":"(anonymous_11)","decl":{"start":{"line":40,"column":33},"end":{"line":40,"column":38}},"loc":{"start":{"line":40,"column":112},"end":{"line":50,"column":1}}},"3":{"name":"(anonymous_12)","decl":{"start":{"line":52,"column":36},"end":{"line":52,"column":41}},"loc":{"start":{"line":52,"column":115},"end":{"line":66,"column":1}}},"4":{"name":"(anonymous_13)","decl":{"start":{"line":68,"column":36},"end":{"line":68,"column":41}},"loc":{"start":{"line":68,"column":115},"end":{"line":79,"column":1}}},"5":{"name":"(anonymous_14)","decl":{"start":{"line":82,"column":39},"end":{"line":82,"column":44}},"loc":{"start":{"line":82,"column":118},"end":{"line":95,"column":1}}}},"branchMap":{},"s":{"0":1,"1":1,"2":1,"3":0,"4":0,"5":0,"6":0,"7":0,"8":0,"9":0,"10":1,"11":1,"12":0,"13":0,"14":0,"15":0,"16":0,"17":0,"18":1,"19":1,"20":0,"21":0,"22":0,"23":0,"24":1,"25":1,"26":0,"27":0,"28":0,"29":0,"30":0,"31":0,"32":0,"33":1,"34":1,"35":0,"36":0,"37":0,"38":0,"39":0,"40":1,"41":1,"42":0,"43":0,"44":0,"45":0,"46":0,"47":1},"f":{"0":0,"1":0,"2":0,"3":0,"4":0,"5":0},"b":{}}
,"C:\\Users\\cefalo\\Desktop\\Cefalo-Travel-Connect-App\\backend\\src\\controllers\\travelplanmember.controller.ts": {"path":"C:\\Users\\cefalo\\Desktop\\Cefalo-Travel-Connect-App\\backend\\src\\controllers\\travelplanmember.controller.ts","statementMap":{"0":{"start":{"line":3,"column":0},"end":{"line":3,"column":82}},"1":{"start":{"line":5,"column":0},"end":{"line":5,"column":58}},"2":{"start":{"line":9,"column":35},"end":{"line":27,"column":1}},"3":{"start":{"line":10,"column":4},"end":{"line":26,"column":5}},"4":{"start":{"line":20,"column":44},"end":{"line":20,"column":103}},"5":{"start":{"line":21,"column":8},"end":{"line":21,"column":null}},"6":{"start":{"line":25,"column":8},"end":{"line":25,"column":null}},"7":{"start":{"line":9,"column":13},"end":{"line":9,"column":35}},"8":{"start":{"line":29,"column":37},"end":{"line":39,"column":1}},"9":{"start":{"line":30,"column":4},"end":{"line":38,"column":5}},"10":{"start":{"line":32,"column":46},"end":{"line":32,"column":124}},"11":{"start":{"line":33,"column":8},"end":{"line":33,"column":null}},"12":{"start":{"line":37,"column":8},"end":{"line":37,"column":null}},"13":{"start":{"line":29,"column":13},"end":{"line":29,"column":37}},"14":{"start":{"line":42,"column":42},"end":{"line":59,"column":1}},"15":{"start":{"line":43,"column":4},"end":{"line":58,"column":5}},"16":{"start":{"line":45,"column":30},"end":{"line":45,"column":80}},"17":{"start":{"line":46,"column":45},"end":{"line":50,"column":null}},"18":{"start":{"line":52,"column":44},"end":{"line":52,"column":123}},"19":{"start":{"line":53,"column":8},"end":{"line":53,"column":null}},"20":{"start":{"line":57,"column":8},"end":{"line":57,"column":null}},"21":{"start":{"line":42,"column":13},"end":{"line":42,"column":42}}},"fnMap":{"0":{"name":"(anonymous_9)","decl":{"start":{"line":9,"column":35},"end":{"line":9,"column":40}},"loc":{"start":{"line":9,"column":99},"end":{"line":27,"column":1}}},"1":{"name":"(anonymous_10)","decl":{"start":{"line":29,"column":37},"end":{"line":29,"column":42}},"loc":{"start":{"line":29,"column":101},"end":{"line":39,"column":1}}},"2":{"name":"(anonymous_11)","decl":{"start":{"line":42,"column":42},"end":{"line":42,"column":47}},"loc":{"start":{"line":42,"column":106},"end":{"line":59,"column":1}}}},"branchMap":{},"s":{"0":1,"1":1,"2":1,"3":0,"4":0,"5":0,"6":0,"7":1,"8":1,"9":0,"10":0,"11":0,"12":0,"13":1,"14":1,"15":0,"16":0,"17":0,"18":0,"19":0,"20":0,"21":1},"f":{"0":0,"1":0,"2":0},"b":{}}
,"C:\\Users\\cefalo\\Desktop\\Cefalo-Travel-Connect-App\\backend\\src\\controllers\\travelplanmessage.controller.ts": {"path":"C:\\Users\\cefalo\\Desktop\\Cefalo-Travel-Connect-App\\backend\\src\\controllers\\travelplanmessage.controller.ts","statementMap":{"0":{"start":{"line":5,"column":0},"end":{"line":5,"column":84}},"1":{"start":{"line":7,"column":39},"end":{"line":23,"column":1}},"2":{"start":{"line":8,"column":4},"end":{"line":22,"column":5}},"3":{"start":{"line":9,"column":43},"end":{"line":13,"column":null}},"4":{"start":{"line":15,"column":45},"end":{"line":15,"column":108}},"5":{"start":{"line":17,"column":8},"end":{"line":17,"column":null}},"6":{"start":{"line":21,"column":8},"end":{"line":21,"column":null}},"7":{"start":{"line":7,"column":13},"end":{"line":7,"column":39}},"8":{"start":{"line":25,"column":37},"end":{"line":37,"column":1}},"9":{"start":{"line":26,"column":4},"end":{"line":36,"column":5}},"10":{"start":{"line":27,"column":36},"end":{"line":27,"column":61}},"11":{"start":{"line":29,"column":52},"end":{"line":29,"column":120}},"12":{"start":{"line":31,"column":12},"end":{"line":31,"column":null}},"13":{"start":{"line":35,"column":8},"end":{"line":35,"column":null}},"14":{"start":{"line":25,"column":13},"end":{"line":25,"column":37}}},"fnMap":{"0":{"name":"(anonymous_9)","decl":{"start":{"line":7,"column":39},"end":{"line":7,"column":44}},"loc":{"start":{"line":7,"column":118},"end":{"line":23,"column":1}}},"1":{"name":"(anonymous_10)","decl":{"start":{"line":25,"column":37},"end":{"line":25,"column":42}},"loc":{"start":{"line":25,"column":116},"end":{"line":37,"column":1}}}},"branchMap":{},"s":{"0":1,"1":1,"2":0,"3":0,"4":0,"5":0,"6":0,"7":1,"8":1,"9":0,"10":0,"11":0,"12":0,"13":0,"14":1},"f":{"0":0,"1":0},"b":{}}
,"C:\\Users\\cefalo\\Desktop\\Cefalo-Travel-Connect-App\\backend\\src\\controllers\\user.controller.ts": {"path":"C:\\Users\\cefalo\\Desktop\\Cefalo-Travel-Connect-App\\backend\\src\\controllers\\user.controller.ts","statementMap":{"0":{"start":{"line":2,"column":0},"end":{"line":2,"column":59}},"1":{"start":{"line":8,"column":27},"end":{"line":19,"column":1}},"2":{"start":{"line":9,"column":4},"end":{"line":18,"column":5}},"3":{"start":{"line":10,"column":29},"end":{"line":10,"column":63}},"4":{"start":{"line":11,"column":30},"end":{"line":11,"column":65}},"5":{"start":{"line":13,"column":32},"end":{"line":13,"column":73}},"6":{"start":{"line":14,"column":8},"end":{"line":14,"column":35}},"7":{"start":{"line":17,"column":8},"end":{"line":17,"column":18}},"8":{"start":{"line":8,"column":13},"end":{"line":8,"column":27}},"9":{"start":{"line":22,"column":33},"end":{"line":32,"column":1}},"10":{"start":{"line":23,"column":2},"end":{"line":31,"column":3}},"11":{"start":{"line":24,"column":29},"end":{"line":24,"column":48}},"12":{"start":{"line":25,"column":26},"end":{"line":25,"column":71}},"13":{"start":{"line":27,"column":4},"end":{"line":27,"column":31}},"14":{"start":{"line":30,"column":4},"end":{"line":30,"column":14}},"15":{"start":{"line":22,"column":13},"end":{"line":22,"column":33}},"16":{"start":{"line":35,"column":36},"end":{"line":46,"column":1}},"17":{"start":{"line":36,"column":2},"end":{"line":45,"column":3}},"18":{"start":{"line":37,"column":29},"end":{"line":37,"column":48}},"19":{"start":{"line":38,"column":42},"end":{"line":38,"column":50}},"20":{"start":{"line":39,"column":33},"end":{"line":39,"column":86}},"21":{"start":{"line":41,"column":4},"end":{"line":41,"column":38}},"22":{"start":{"line":44,"column":4},"end":{"line":44,"column":14}},"23":{"start":{"line":35,"column":13},"end":{"line":35,"column":36}},"24":{"start":{"line":49,"column":36},"end":{"line":58,"column":1}},"25":{"start":{"line":50,"column":2},"end":{"line":57,"column":3}},"26":{"start":{"line":51,"column":29},"end":{"line":51,"column":48}},"27":{"start":{"line":52,"column":33},"end":{"line":52,"column":71}},"28":{"start":{"line":53,"column":4},"end":{"line":53,"column":null}},"29":{"start":{"line":56,"column":4},"end":{"line":56,"column":null}},"30":{"start":{"line":49,"column":13},"end":{"line":49,"column":36}},"31":{"start":{"line":61,"column":31},"end":{"line":71,"column":1}},"32":{"start":{"line":62,"column":2},"end":{"line":70,"column":5}},"33":{"start":{"line":63,"column":29},"end":{"line":63,"column":46}},"34":{"start":{"line":64,"column":26},"end":{"line":64,"column":68}},"35":{"start":{"line":66,"column":4},"end":{"line":66,"column":31}},"36":{"start":{"line":69,"column":8},"end":{"line":69,"column":18}},"37":{"start":{"line":61,"column":13},"end":{"line":61,"column":31}},"38":{"start":{"line":73,"column":21},"end":{"line":84,"column":1}},"39":{"start":{"line":74,"column":2},"end":{"line":83,"column":3}},"40":{"start":{"line":75,"column":29},"end":{"line":75,"column":42}},"41":{"start":{"line":76,"column":26},"end":{"line":76,"column":71}},"42":{"start":{"line":78,"column":4},"end":{"line":78,"column":31}},"43":{"start":{"line":82,"column":4},"end":{"line":82,"column":null}},"44":{"start":{"line":73,"column":13},"end":{"line":73,"column":21}}},"fnMap":{"0":{"name":"(anonymous_9)","decl":{"start":{"line":8,"column":27},"end":{"line":8,"column":32}},"loc":{"start":{"line":8,"column":107},"end":{"line":19,"column":1}}},"1":{"name":"(anonymous_10)","decl":{"start":{"line":22,"column":33},"end":{"line":22,"column":38}},"loc":{"start":{"line":22,"column":113},"end":{"line":32,"column":1}}},"2":{"name":"(anonymous_11)","decl":{"start":{"line":35,"column":36},"end":{"line":35,"column":41}},"loc":{"start":{"line":35,"column":116},"end":{"line":46,"column":1}}},"3":{"name":"(anonymous_12)","decl":{"start":{"line":49,"column":36},"end":{"line":49,"column":41}},"loc":{"start":{"line":49,"column":116},"end":{"line":58,"column":1}}},"4":{"name":"(anonymous_13)","decl":{"start":{"line":61,"column":31},"end":{"line":61,"column":36}},"loc":{"start":{"line":61,"column":111},"end":{"line":71,"column":1}}},"5":{"name":"(anonymous_14)","decl":{"start":{"line":73,"column":21},"end":{"line":73,"column":26}},"loc":{"start":{"line":73,"column":100},"end":{"line":84,"column":1}}}},"branchMap":{},"s":{"0":1,"1":1,"2":0,"3":0,"4":0,"5":0,"6":0,"7":0,"8":1,"9":1,"10":0,"11":0,"12":0,"13":0,"14":0,"15":1,"16":1,"17":0,"18":0,"19":0,"20":0,"21":0,"22":0,"23":1,"24":1,"25":0,"26":0,"27":0,"28":0,"29":0,"30":1,"31":1,"32":0,"33":0,"34":0,"35":0,"36":0,"37":1,"38":1,"39":0,"40":0,"41":0,"42":0,"43":0,"44":1},"f":{"0":0,"1":0,"2":0,"3":0,"4":0,"5":0},"b":{}}
,"C:\\Users\\cefalo\\Desktop\\Cefalo-Travel-Connect-App\\backend\\src\\controllers\\wishlist.controller.ts": {"path":"C:\\Users\\cefalo\\Desktop\\Cefalo-Travel-Connect-App\\backend\\src\\controllers\\wishlist.controller.ts","statementMap":{"0":{"start":{"line":1,"column":0},"end":{"line":1,"column":66}},"1":{"start":{"line":2,"column":0},"end":{"line":2,"column":58}},"2":{"start":{"line":4,"column":0},"end":{"line":4,"column":60}},"3":{"start":{"line":12,"column":0},"end":{"line":12,"column":27}},"4":{"start":{"line":14,"column":0},"end":{"line":14,"column":null}},"5":{"start":{"line":16,"column":30},"end":{"line":42,"column":1}},"6":{"start":{"line":17,"column":4},"end":{"line":41,"column":5}},"7":{"start":{"line":18,"column":30},"end":{"line":18,"column":80}},"8":{"start":{"line":19,"column":8},"end":{"line":19,"column":null}},"9":{"start":{"line":20,"column":44},"end":{"line":20,"column":52}},"10":{"start":{"line":21,"column":42},"end":{"line":21,"column":96}},"11":{"start":{"line":22,"column":8},"end":{"line":30,"column":9}},"12":{"start":{"line":24,"column":40},"end":{"line":28,"column":null}},"13":{"start":{"line":29,"column":12},"end":{"line":29,"column":null}},"14":{"start":{"line":31,"column":8},"end":{"line":31,"column":null}},"15":{"start":{"line":32,"column":8},"end":{"line":32,"column":null}},"16":{"start":{"line":34,"column":38},"end":{"line":34,"column":83}},"17":{"start":{"line":36,"column":8},"end":{"line":36,"column":null}},"18":{"start":{"line":40,"column":8},"end":{"line":40,"column":null}},"19":{"start":{"line":16,"column":13},"end":{"line":16,"column":30}},"20":{"start":{"line":44,"column":28},"end":{"line":57,"column":1}},"21":{"start":{"line":45,"column":4},"end":{"line":56,"column":5}},"22":{"start":{"line":46,"column":29},"end":{"line":46,"column":63}},"23":{"start":{"line":47,"column":30},"end":{"line":47,"column":65}},"24":{"start":{"line":49,"column":41},"end":{"line":49,"column":88}},"25":{"start":{"line":51,"column":8},"end":{"line":51,"column":null}},"26":{"start":{"line":55,"column":8},"end":{"line":55,"column":null}},"27":{"start":{"line":44,"column":13},"end":{"line":44,"column":28}},"28":{"start":{"line":59,"column":31},"end":{"line":71,"column":1}},"29":{"start":{"line":60,"column":4},"end":{"line":70,"column":5}},"30":{"start":{"line":61,"column":37},"end":{"line":61,"column":59}},"31":{"start":{"line":63,"column":38},"end":{"line":63,"column":88}},"32":{"start":{"line":65,"column":8},"end":{"line":65,"column":null}},"33":{"start":{"line":69,"column":8},"end":{"line":69,"column":null}},"34":{"start":{"line":59,"column":13},"end":{"line":59,"column":31}},"35":{"start":{"line":73,"column":30},"end":{"line":91,"column":1}},"36":{"start":{"line":74,"column":4},"end":{"line":90,"column":5}},"37":{"start":{"line":75,"column":37},"end":{"line":75,"column":59}},"38":{"start":{"line":77,"column":30},"end":{"line":77,"column":80}},"39":{"start":{"line":78,"column":44},"end":{"line":78,"column":52}},"40":{"start":{"line":79,"column":44},"end":{"line":79,"column":98}},"41":{"start":{"line":80,"column":8},"end":{"line":80,"column":null}},"42":{"start":{"line":81,"column":8},"end":{"line":81,"column":null}},"43":{"start":{"line":83,"column":25},"end":{"line":83,"column":83}},"44":{"start":{"line":85,"column":8},"end":{"line":85,"column":null}},"45":{"start":{"line":89,"column":8},"end":{"line":89,"column":null}},"46":{"start":{"line":73,"column":13},"end":{"line":73,"column":30}},"47":{"start":{"line":93,"column":30},"end":{"line":105,"column":1}},"48":{"start":{"line":94,"column":4},"end":{"line":104,"column":5}},"49":{"start":{"line":95,"column":37},"end":{"line":95,"column":59}},"50":{"start":{"line":96,"column":31},"end":{"line":96,"column":81}},"51":{"start":{"line":97,"column":25},"end":{"line":97,"column":88}},"52":{"start":{"line":99,"column":8},"end":{"line":99,"column":null}},"53":{"start":{"line":103,"column":8},"end":{"line":103,"column":null}},"54":{"start":{"line":93,"column":13},"end":{"line":93,"column":30}},"55":{"start":{"line":107,"column":35},"end":{"line":124,"column":1}},"56":{"start":{"line":108,"column":4},"end":{"line":123,"column":5}},"57":{"start":{"line":110,"column":33},"end":{"line":110,"column":52}},"58":{"start":{"line":111,"column":30},"end":{"line":111,"column":75}},"59":{"start":{"line":113,"column":29},"end":{"line":113,"column":63}},"60":{"start":{"line":114,"column":30},"end":{"line":114,"column":65}},"61":{"start":{"line":116,"column":41},"end":{"line":116,"column":109}},"62":{"start":{"line":118,"column":8},"end":{"line":118,"column":null}},"63":{"start":{"line":122,"column":8},"end":{"line":122,"column":null}},"64":{"start":{"line":107,"column":13},"end":{"line":107,"column":35}},"65":{"start":{"line":127,"column":29},"end":{"line":132,"column":1}},"66":{"start":{"line":128,"column":33},"end":{"line":128,"column":55}},"67":{"start":{"line":130,"column":21},"end":{"line":130,"column":68}},"68":{"start":{"line":131,"column":4},"end":{"line":131,"column":37}},"69":{"start":{"line":127,"column":13},"end":{"line":127,"column":29}},"70":{"start":{"line":135,"column":32},"end":{"line":146,"column":1}},"71":{"start":{"line":136,"column":4},"end":{"line":145,"column":5}},"72":{"start":{"line":137,"column":36},"end":{"line":137,"column":58}},"73":{"start":{"line":138,"column":31},"end":{"line":138,"column":82}},"74":{"start":{"line":140,"column":8},"end":{"line":140,"column":null}},"75":{"start":{"line":144,"column":8},"end":{"line":144,"column":null}},"76":{"start":{"line":135,"column":13},"end":{"line":135,"column":32}},"77":{"start":{"line":148,"column":41},"end":{"line":160,"column":1}},"78":{"start":{"line":149,"column":4},"end":{"line":159,"column":5}},"79":{"start":{"line":150,"column":30},"end":{"line":150,"column":44}},"80":{"start":{"line":152,"column":24},"end":{"line":152,"column":78}},"81":{"start":{"line":154,"column":8},"end":{"line":154,"column":null}},"82":{"start":{"line":158,"column":8},"end":{"line":158,"column":null}},"83":{"start":{"line":148,"column":13},"end":{"line":148,"column":41}}},"fnMap":{"0":{"name":"(anonymous_10)","decl":{"start":{"line":16,"column":30},"end":{"line":16,"column":35}},"loc":{"start":{"line":16,"column":109},"end":{"line":42,"column":1}}},"1":{"name":"(anonymous_11)","decl":{"start":{"line":44,"column":28},"end":{"line":44,"column":33}},"loc":{"start":{"line":44,"column":107},"end":{"line":57,"column":1}}},"2":{"name":"(anonymous_12)","decl":{"start":{"line":59,"column":31},"end":{"line":59,"column":36}},"loc":{"start":{"line":59,"column":110},"end":{"line":71,"column":1}}},"3":{"name":"(anonymous_13)","decl":{"start":{"line":73,"column":30},"end":{"line":73,"column":35}},"loc":{"start":{"line":73,"column":109},"end":{"line":91,"column":1}}},"4":{"name":"(anonymous_14)","decl":{"start":{"line":93,"column":30},"end":{"line":93,"column":35}},"loc":{"start":{"line":93,"column":109},"end":{"line":105,"column":1}}},"5":{"name":"(anonymous_15)","decl":{"start":{"line":107,"column":35},"end":{"line":107,"column":40}},"loc":{"start":{"line":107,"column":114},"end":{"line":124,"column":1}}},"6":{"name":"(anonymous_16)","decl":{"start":{"line":127,"column":29},"end":{"line":127,"column":34}},"loc":{"start":{"line":127,"column":74},"end":{"line":132,"column":1}}},"7":{"name":"(anonymous_17)","decl":{"start":{"line":135,"column":32},"end":{"line":135,"column":37}},"loc":{"start":{"line":135,"column":112},"end":{"line":146,"column":1}}},"8":{"name":"(anonymous_18)","decl":{"start":{"line":148,"column":41},"end":{"line":148,"column":46}},"loc":{"start":{"line":148,"column":121},"end":{"line":160,"column":1}}}},"branchMap":{"0":{"loc":{"start":{"line":22,"column":8},"end":{"line":30,"column":9}},"type":"if","locations":[{"start":{"line":22,"column":8},"end":{"line":30,"column":9}},{"start":{},"end":{}}]}},"s":{"0":1,"1":1,"2":1,"3":1,"4":1,"5":1,"6":0,"7":0,"8":0,"9":0,"10":0,"11":0,"12":0,"13":0,"14":0,"15":0,"16":0,"17":0,"18":0,"19":1,"20":1,"21":0,"22":0,"23":0,"24":0,"25":0,"26":0,"27":1,"28":1,"29":0,"30":0,"31":0,"32":0,"33":0,"34":1,"35":1,"36":0,"37":0,"38":0,"39":0,"40":0,"41":0,"42":0,"43":0,"44":0,"45":0,"46":1,"47":1,"48":0,"49":0,"50":0,"51":0,"52":0,"53":0,"54":1,"55":1,"56":0,"57":0,"58":0,"59":0,"60":0,"61":0,"62":0,"63":0,"64":1,"65":1,"66":0,"67":0,"68":0,"69":1,"70":1,"71":0,"72":0,"73":0,"74":0,"75":0,"76":1,"77":1,"78":0,"79":0,"80":0,"81":0,"82":0,"83":1},"f":{"0":0,"1":0,"2":0,"3":0,"4":0,"5":0,"6":0,"7":0,"8":0},"b":{"0":[0,0]}}
,"C:\\Users\\cefalo\\Desktop\\Cefalo-Travel-Connect-App\\backend\\src\\db\\db.ts": {"path":"C:\\Users\\cefalo\\Desktop\\Cefalo-Travel-Connect-App\\backend\\src\\db\\db.ts","statementMap":{"0":{"start":{"line":1,"column":0},"end":{"line":1,"column":60}},"1":{"start":{"line":3,"column":13},"end":{"line":3,"column":49}}},"fnMap":{},"branchMap":{},"s":{"0":1,"1":1},"f":{},"b":{}}
,"C:\\Users\\cefalo\\Desktop\\Cefalo-Travel-Connect-App\\backend\\src\\db\\config\\knexfile.ts": {"path":"C:\\Users\\cefalo\\Desktop\\Cefalo-Travel-Connect-App\\backend\\src\\db\\config\\knexfile.ts","statementMap":{"0":{"start":{"line":1,"column":0},"end":{"line":1,"column":28}},"1":{"start":{"line":4,"column":0},"end":{"line":4,"column":31}},"2":{"start":{"line":10,"column":22},"end":{"line":10,"column":103}},"3":{"start":{"line":12,"column":0},"end":{"line":12,"column":65}},"4":{"start":{"line":20,"column":47},"end":{"line":41,"column":2}},"5":{"start":{"line":43,"column":0},"end":{"line":43,"column":22}}},"fnMap":{},"branchMap":{},"s":{"0":1,"1":1,"2":1,"3":1,"4":1,"5":1},"f":{},"b":{}}
,"C:\\Users\\cefalo\\Desktop\\Cefalo-Travel-Connect-App\\backend\\src\\db\\dbclients\\knexorm.ts": {"path":"C:\\Users\\cefalo\\Desktop\\Cefalo-Travel-Connect-App\\backend\\src\\db\\dbclients\\knexorm.ts","statementMap":{"0":{"start":{"line":1,"column":0},"end":{"line":1,"column":33}},"1":{"start":{"line":2,"column":0},"end":{"line":2,"column":45}},"2":{"start":{"line":9,"column":4},"end":{"line":9,"column":45}},"3":{"start":{"line":13,"column":4},"end":{"line":19,"column":5}},"4":{"start":{"line":14,"column":6},"end":{"line":14,"column":40}},"5":{"start":{"line":15,"column":6},"end":{"line":15,"column":48}},"6":{"start":{"line":17,"column":6},"end":{"line":17,"column":64}},"7":{"start":{"line":18,"column":6},"end":{"line":18,"column":16}},"8":{"start":{"line":23,"column":4},"end":{"line":23,"column":32}},"9":{"start":{"line":24,"column":4},"end":{"line":24,"column":42}},"10":{"start":{"line":28,"column":4},"end":{"line":28,"column":23}},"11":{"start":{"line":5,"column":0},"end":{"line":5,"column":13}}},"fnMap":{"0":{"name":"(anonymous_1)","decl":{"start":{"line":8,"column":2},"end":{"line":8,"column":null}},"loc":{"start":{"line":8,"column":2},"end":{"line":10,"column":3}}},"1":{"name":"(anonymous_2)","decl":{"start":{"line":12,"column":2},"end":{"line":12,"column":7}},"loc":{"start":{"line":12,"column":15},"end":{"line":20,"column":3}}},"2":{"name":"(anonymous_3)","decl":{"start":{"line":22,"column":2},"end":{"line":22,"column":7}},"loc":{"start":{"line":22,"column":18},"end":{"line":25,"column":3}}},"3":{"name":"(anonymous_4)","decl":{"start":{"line":27,"column":2},"end":{"line":27,"column":15}},"loc":{"start":{"line":27,"column":15},"end":{"line":29,"column":3}}}},"branchMap":{},"s":{"0":1,"1":1,"2":1,"3":0,"4":0,"5":0,"6":0,"7":0,"8":0,"9":0,"10":23,"11":1},"f":{"0":1,"1":0,"2":0,"3":23},"b":{}}
,"C:\\Users\\cefalo\\Desktop\\Cefalo-Travel-Connect-App\\backend\\src\\enums\\role.ts": {"path":"C:\\Users\\cefalo\\Desktop\\Cefalo-Travel-Connect-App\\backend\\src\\enums\\role.ts","statementMap":{"0":{"start":{"line":1,"column":0},"end":{"line":1,"column":null}},"1":{"start":{"line":2,"column":4},"end":{"line":2,"column":null}},"2":{"start":{"line":3,"column":4},"end":{"line":3,"column":null}},"3":{"start":{"line":4,"column":4},"end":{"line":4,"column":null}}},"fnMap":{"0":{"name":"(anonymous_0)","decl":{"start":{"line":1,"column":0},"end":{"line":1,"column":12}},"loc":{"start":{"line":1,"column":16},"end":{"line":5,"column":1}}}},"branchMap":{"0":{"loc":{"start":{"line":1,"column":12},"end":{"line":1,"column":null}},"type":"binary-expr","locations":[{"start":{"line":1,"column":12},"end":{"line":1,"column":16}},{"start":{"line":1,"column":16},"end":{"line":1,"column":null}}]}},"s":{"0":2,"1":2,"2":2,"3":2},"f":{"0":2},"b":{"0":[2,2]}}
,"C:\\Users\\cefalo\\Desktop\\Cefalo-Travel-Connect-App\\backend\\src\\middlewares\\auth.middleware.ts": {"path":"C:\\Users\\cefalo\\Desktop\\Cefalo-Travel-Connect-App\\backend\\src\\middlewares\\auth.middleware.ts","statementMap":{"0":{"start":{"line":2,"column":0},"end":{"line":2,"column":31}},"1":{"start":{"line":4,"column":0},"end":{"line":4,"column":40}},"2":{"start":{"line":5,"column":0},"end":{"line":5,"column":65}},"3":{"start":{"line":6,"column":0},"end":{"line":6,"column":27}},"4":{"start":{"line":7,"column":0},"end":{"line":7,"column":null}},"5":{"start":{"line":9,"column":25},"end":{"line":9,"column":28}},"6":{"start":{"line":21,"column":28},"end":{"line":44,"column":1}},"7":{"start":{"line":22,"column":4},"end":{"line":42,"column":5}},"8":{"start":{"line":23,"column":27},"end":{"line":23,"column":52}},"9":{"start":{"line":24,"column":28},"end":{"line":24,"column":66}},"10":{"start":{"line":26,"column":8},"end":{"line":30,"column":9}},"11":{"start":{"line":28,"column":12},"end":{"line":28,"column":61}},"12":{"start":{"line":29,"column":12},"end":{"line":29,"column":19}},"13":{"start":{"line":32,"column":34},"end":{"line":32,"column":64}},"14":{"start":{"line":34,"column":8},"end":{"line":34,"column":37}},"15":{"start":{"line":35,"column":8},"end":{"line":35,"column":31}},"16":{"start":{"line":36,"column":8},"end":{"line":36,"column":29}},"17":{"start":{"line":38,"column":8},"end":{"line":38,"column":15}},"18":{"start":{"line":41,"column":8},"end":{"line":41,"column":50}},"19":{"start":{"line":21,"column":13},"end":{"line":21,"column":28}},"20":{"start":{"line":46,"column":25},"end":{"line":72,"column":1}},"21":{"start":{"line":47,"column":4},"end":{"line":71,"column":5}},"22":{"start":{"line":48,"column":33},"end":{"line":48,"column":46}},"23":{"start":{"line":49,"column":24},"end":{"line":49,"column":47}},"24":{"start":{"line":50,"column":31},"end":{"line":50,"column":50}},"25":{"start":{"line":51,"column":30},"end":{"line":51,"column":38}},"26":{"start":{"line":57,"column":8},"end":{"line":65,"column":9}},"27":{"start":{"line":58,"column":12},"end":{"line":58,"column":81}},"28":{"start":{"line":59,"column":12},"end":{"line":59,"column":19}},"29":{"start":{"line":62,"column":13},"end":{"line":65,"column":9}},"30":{"start":{"line":63,"column":12},"end":{"line":63,"column":87}},"31":{"start":{"line":64,"column":12},"end":{"line":64,"column":19}},"32":{"start":{"line":67,"column":8},"end":{"line":67,"column":15}},"33":{"start":{"line":70,"column":8},"end":{"line":70,"column":61}},"34":{"start":{"line":46,"column":13},"end":{"line":46,"column":25}},"35":{"start":{"line":74,"column":30},"end":{"line":85,"column":1}},"36":{"start":{"line":75,"column":4},"end":{"line":84,"column":5}},"37":{"start":{"line":76,"column":8},"end":{"line":79,"column":9}},"38":{"start":{"line":77,"column":12},"end":{"line":77,"column":84}},"39":{"start":{"line":78,"column":12},"end":{"line":78,"column":19}},"40":{"start":{"line":80,"column":8},"end":{"line":80,"column":15}},"41":{"start":{"line":83,"column":8},"end":{"line":83,"column":61}},"42":{"start":{"line":74,"column":13},"end":{"line":74,"column":30}}},"fnMap":{"0":{"name":"(anonymous_1)","decl":{"start":{"line":21,"column":28},"end":{"line":21,"column":33}},"loc":{"start":{"line":21,"column":108},"end":{"line":44,"column":1}}},"1":{"name":"(anonymous_2)","decl":{"start":{"line":46,"column":25},"end":{"line":46,"column":30}},"loc":{"start":{"line":46,"column":105},"end":{"line":72,"column":1}}},"2":{"name":"(anonymous_3)","decl":{"start":{"line":74,"column":30},"end":{"line":74,"column":35}},"loc":{"start":{"line":74,"column":110},"end":{"line":85,"column":1}}}},"branchMap":{"0":{"loc":{"start":{"line":24,"column":28},"end":{"line":24,"column":66}},"type":"binary-expr","locations":[{"start":{"line":24,"column":28},"end":{"line":24,"column":38}},{"start":{"line":24,"column":42},"end":{"line":24,"column":66}}]},"1":{"loc":{"start":{"line":26,"column":8},"end":{"line":30,"column":9}},"type":"if","locations":[{"start":{"line":26,"column":8},"end":{"line":30,"column":9}},{"start":{},"end":{}}]},"2":{"loc":{"start":{"line":57,"column":8},"end":{"line":65,"column":9}},"type":"if","locations":[{"start":{"line":57,"column":8},"end":{"line":65,"column":9}},{"start":{"line":62,"column":13},"end":{"line":65,"column":9}}]},"3":{"loc":{"start":{"line":57,"column":12},"end":{"line":57,"column":37}},"type":"binary-expr","locations":[{"start":{"line":57,"column":12},"end":{"line":57,"column":25}},{"start":{"line":57,"column":29},"end":{"line":57,"column":37}}]},"4":{"loc":{"start":{"line":62,"column":13},"end":{"line":65,"column":9}},"type":"if","locations":[{"start":{"line":62,"column":13},"end":{"line":65,"column":9}},{"start":{},"end":{}}]},"5":{"loc":{"start":{"line":62,"column":17},"end":{"line":62,"column":70}},"type":"binary-expr","locations":[{"start":{"line":62,"column":17},"end":{"line":62,"column":31}},{"start":{"line":62,"column":35},"end":{"line":62,"column":70}}]},"6":{"loc":{"start":{"line":76,"column":8},"end":{"line":79,"column":9}},"type":"if","locations":[{"start":{"line":76,"column":8},"end":{"line":79,"column":9}},{"start":{},"end":{}}]}},"s":{"0":2,"1":2,"2":2,"3":2,"4":2,"5":2,"6":2,"7":3,"8":3,"9":3,"10":3,"11":1,"12":1,"13":2,"14":1,"15":1,"16":1,"17":1,"18":1,"19":2,"20":2,"21":4,"22":4,"23":4,"24":4,"25":4,"26":4,"27":1,"28":1,"29":3,"30":1,"31":1,"32":2,"33":0,"34":2,"35":2,"36":2,"37":2,"38":1,"39":1,"40":1,"41":0,"42":2},"f":{"0":3,"1":4,"2":2},"b":{"0":[3,2],"1":[1,2],"2":[1,3],"3":[4,2],"4":[1,2],"5":[3,2],"6":[1,1]}}
[...]
,"C:\\Users\\cefalo\\Desktop\\Cefalo-Travel-Connect-App\\backend\\src\\validations\\schemas\\wishlist.schema.ts": {"path":"C:\\Users\\cefalo\\Desktop\\Cefalo-Travel-Connect-App\\backend\\src\\validations\\schemas\\wishlist.schema.ts","statementMap":{"0":{"start":{"line":1,"column":0},"end":{"line":1,"column":24}},"1":{"start":{"line":3,"column":13},"end":{"line":13,"column":3}}},"fnMap":{},"branchMap":{},"s":{"0":1,"1":1},"f":{},"b":{}}
,"C:\\Users\\cefalo\\Desktop\\Cefalo-Travel-Connect-App\\backend\\src\\validations\\validationMiddlewares\\accommodation.validation.ts": {"path":"C:\\Users\\cefalo\\Desktop\\Cefalo-Travel-Connect-App\\backend\\src\\validations\\validationMiddlewares\\accommodation.validation.ts","statementMap":{"0":{"start":{"line":3,"column":0},"end":{"line":3,"column":110}},"1":{"start":{"line":5,"column":49},"end":{"line":17,"column":1}},"2":{"start":{"line":6,"column":4},"end":{"line":16,"column":5}},"3":{"start":{"line":7,"column":30},"end":{"line":7,"column":73}},"4":{"start":{"line":8,"column":8},"end":{"line":8,"column":null}},"5":{"start":{"line":9,"column":8},"end":{"line":9,"column":15}},"6":{"start":{"line":12,"column":12},"end":{"line":14,"column":11}},"7":{"start":{"line":15,"column":8},"end":{"line":15,"column":15}},"8":{"start":{"line":5,"column":13},"end":{"line":5,"column":49}},"9":{"start":{"line":19,"column":49},"end":{"line":31,"column":1}},"10":{"start":{"line":20,"column":4},"end":{"line":30,"column":5}},"11":{"start":{"line":21,"column":30},"end":{"line":21,"column":73}},"12":{"start":{"line":22,"column":8},"end":{"line":22,"column":null}},"13":{"start":{"line":23,"column":8},"end":{"line":23,"column":15}},"14":{"start":{"line":26,"column":12},"end":{"line":28,"column":11}},"15":{"start":{"line":29,"column":8},"end":{"line":29,"column":15}},"16":{"start":{"line":19,"column":13},"end":{"line":19,"column":49}}},"fnMap":{"0":{"name":"(anonymous_0)","decl":{"start":{"line":5,"column":49},"end":{"line":5,"column":50}},"loc":{"start":{"line":5,"column":114},"end":{"line":17,"column":1}}},"1":{"name":"(anonymous_1)","decl":{"start":{"line":19,"column":49},"end":{"line":19,"column":50}},"loc":{"start":{"line":19,"column":114},"end":{"line":31,"column":1}}}},"branchMap":{"0":{"loc":{"start":{"line":13,"column":21},"end":{"line":13,"column":82}},"type":"binary-expr","locations":[{"start":{"line":13,"column":21},"end":{"line":13,"column":45}},{"start":{"line":13,"column":49},"end":{"line":13,"column":82}}]},"1":{"loc":{"start":{"line":27,"column":21},"end":{"line":27,"column":82}},"type":"binary-expr","locations":[{"start":{"line":27,"column":21},"end":{"line":27,"column":45}},{"start":{"line":27,"column":49},"end":{"line":27,"column":82}}]}},"s":{"0":1,"1":1,"2":0,"3":0,"4":0,"5":0,"6":0,"7":0,"8":1,"9":1,"10":0,"11":0,"12":0,"13":0,"14":0,"15":0,"16":1},"f":{"0":0,"1":0},"b":{"0":[0,0],"1":[0,0]}}
,"C:\\Users\\cefalo\\Desktop\\Cefalo-Travel-Connect-App\\backend\\src\\validations\\validationMiddlewares\\auth.validation.ts": {"path":"C:\\Users\\cefalo\\Desktop\\Cefalo-Travel-Connect-App\\backend\\src\\validations\\validationMiddlewares\\auth.validation.ts","statementMap":{"0":{"start":{"line":2,"column":0},"end":{"line":2,"column":71}},"1":{"start":{"line":3,"column":0},"end":{"line":3,"column":23}},"2":{"start":{"line":7,"column":30},"end":{"line":22,"column":1}},"3":{"start":{"line":8,"column":2},"end":{"line":21,"column":3}},"4":{"start":{"line":9,"column":4},"end":{"line":9,"column":33}},"5":{"start":{"line":10,"column":4},"end":{"line":10,"column":11}},"6":{"start":{"line":13,"column":4},"end":{"line":19,"column":5}},"7":{"start":{"line":14,"column":7},"end":{"line":17,"column":9}},"8":{"start":{"line":18,"column":6},"end":{"line":18,"column":13}},"9":{"start":{"line":20,"column":4},"end":{"line":20,"column":14}},"10":{"start":{"line":7,"column":13},"end":{"line":7,"column":30}},"11":{"start":{"line":24,"column":30},"end":{"line":39,"column":1}},"12":{"start":{"line":25,"column":2},"end":{"line":38,"column":3}},"13":{"start":{"line":26,"column":4},"end":{"line":26,"column":33}},"14":{"start":{"line":27,"column":4},"end":{"line":27,"column":11}},"15":{"start":{"line":30,"column":4},"end":{"line":36,"column":5}},"16":{"start":{"line":31,"column":7},"end":{"line":34,"column":9}},"17":{"start":{"line":35,"column":6},"end":{"line":35,"column":13}},"18":{"start":{"line":37,"column":4},"end":{"line":37,"column":14}},"19":{"start":{"line":24,"column":13},"end":{"line":24,"column":30}}},"fnMap":{"0":{"name":"(anonymous_0)","decl":{"start":{"line":7,"column":30},"end":{"line":7,"column":31}},"loc":{"start":{"line":7,"column":95},"end":{"line":22,"column":1}}},"1":{"name":"(anonymous_1)","decl":{"start":{"line":24,"column":30},"end":{"line":24,"column":31}},"loc":{"start":{"line":24,"column":95},"end":{"line":39,"column":1}}}},"branchMap":{"0":{"loc":{"start":{"line":13,"column":4},"end":{"line":19,"column":5}},"type":"if","locations":[{"start":{"line":13,"column":4},"end":{"line":19,"column":5}},{"start":{},"end":{}}]},"1":{"loc":{"start":{"line":30,"column":4},"end":{"line":36,"column":5}},"type":"if","locations":[{"start":{"line":30,"column":4},"end":{"line":36,"column":5}},{"start":{},"end":{}}]}},"s":{"0":1,"1":1,"2":1,"3":0,"4":0,"5":0,"6":0,"7":0,"8":0,"9":0,"10":1,"11":1,"12":0,"13":0,"14":0,"15":0,"16":0,"17":0,"18":0,"19":1},"f":{"0":0,"1":0},"b":{"0":[0,0],"1":[0,0]}}
,"C:\\Users\\cefalo\\Desktop\\Cefalo-Travel-Connect-App\\backend\\src\\validations\\validationMiddlewares\\pagination.validation.ts": {"path":"C:\\Users\\cefalo\\Desktop\\Cefalo-Travel-Connect-App\\backend\\src\\validations\\validationMiddlewares\\pagination.validation.ts","statementMap":{"0":{"start":{"line":2,"column":0},"end":{"line":2,"column":67}},"1":{"start":{"line":5,"column":34},"end":{"line":18,"column":1}},"2":{"start":{"line":6,"column":2},"end":{"line":17,"column":4}},"3":{"start":{"line":7,"column":19},"end":{"line":7,"column":52}},"4":{"start":{"line":9,"column":4},"end":{"line":9,"column":52}},"5":{"start":{"line":10,"column":4},"end":{"line":10,"column":55}},"6":{"start":{"line":11,"column":4},"end":{"line":11,"column":11}},"7":{"start":{"line":15,"column":4},"end":{"line":15,"column":95}},"8":{"start":{"line":16,"column":4},"end":{"line":16,"column":11}},"9":{"start":{"line":5,"column":13},"end":{"line":5,"column":34}}},"fnMap":{"0":{"name":"(anonymous_0)","decl":{"start":{"line":5,"column":34},"end":{"line":5,"column":35}},"loc":{"start":{"line":5,"column":99},"end":{"line":18,"column":1}}}},"branchMap":{"0":{"loc":{"start":{"line":9,"column":21},"end":{"line":9,"column":51}},"type":"binary-expr","locations":[{"start":{"line":9,"column":21},"end":{"line":9,"column":44}},{"start":{"line":9,"column":48},"end":{"line":9,"column":51}}]},"1":{"loc":{"start":{"line":10,"column":22},"end":{"line":10,"column":54}},"type":"binary-expr","locations":[{"start":{"line":10,"column":22},"end":{"line":10,"column":46}},{"start":{"line":10,"column":50},"end":{"line":10,"column":54}}]},"2":{"loc":{"start":{"line":15,"column":36},"end":{"line":15,"column":91}},"type":"binary-expr","locations":[{"start":{"line":15,"column":36},"end":{"line":15,"column":60}},{"start":{"line":15,"column":64},"end":{"line":15,"column":91}}]}},"s":{"0":1,"1":1,"2":0,"3":0,"4":0,"5":0,"6":0,"7":0,"8":0,"9":1},"f":{"0":0},"b":{"0":[0,0],"1":[0,0],"2":[0,0]}}
,"C:\\Users\\cefalo\\Desktop\\Cefalo-Travel-Connect-App\\backend\\src\\validations\\validationMiddlewares\\place.validation.ts": {"path":"C:\\Users\\cefalo\\Desktop\\Cefalo-Travel-Connect-App\\backend\\src\\validations\\validationMiddlewares\\place.validation.ts","statementMap":{"0":{"start":{"line":3,"column":0},"end":{"line":3,"column":86}},"1":{"start":{"line":5,"column":41},"end":{"line":16,"column":1}},"2":{"start":{"line":6,"column":4},"end":{"line":15,"column":5}},"3":{"start":{"line":7,"column":30},"end":{"line":7,"column":65}},"4":{"start":{"line":8,"column":8},"end":{"line":8,"column":15}},"5":{"start":{"line":11,"column":12},"end":{"line":13,"column":11}},"6":{"start":{"line":14,"column":8},"end":{"line":14,"column":15}},"7":{"start":{"line":5,"column":13},"end":{"line":5,"column":41}},"8":{"start":{"line":18,"column":41},"end":{"line":29,"column":1}},"9":{"start":{"line":19,"column":4},"end":{"line":28,"column":5}},"10":{"start":{"line":20,"column":30},"end":{"line":20,"column":65}},"11":{"start":{"line":21,"column":8},"end":{"line":21,"column":15}},"12":{"start":{"line":24,"column":12},"end":{"line":26,"column":11}},"13":{"start":{"line":27,"column":8},"end":{"line":27,"column":15}},"14":{"start":{"line":18,"column":13},"end":{"line":18,"column":41}}},"fnMap":{"0":{"name":"(anonymous_0)","decl":{"start":{"line":5,"column":41},"end":{"line":5,"column":42}},"loc":{"start":{"line":5,"column":106},"end":{"line":16,"column":1}}},"1":{"name":"(anonymous_1)","decl":{"start":{"line":18,"column":41},"end":{"line":18,"column":42}},"loc":{"start":{"line":18,"column":106},"end":{"line":29,"column":1}}}},"branchMap":{"0":{"loc":{"start":{"line":12,"column":21},"end":{"line":12,"column":82}},"type":"binary-expr","locations":[{"start":{"line":12,"column":21},"end":{"line":12,"column":45}},{"start":{"line":12,"column":49},"end":{"line":12,"column":82}}]},"1":{"loc":{"start":{"line":25,"column":21},"end":{"line":25,"column":82}},"type":"binary-expr","locations":[{"start":{"line":25,"column":21},"end":{"line":25,"column":45}},{"start":{"line":25,"column":49},"end":{"line":25,"column":82}}]}},"s":{"0":1,"1":1,"2":0,"3":0,"4":0,"5":0,"6":0,"7":1,"8":1,"9":0,"10":0,"11":0,"12":0,"13":0,"14":1},"f":{"0":0,"1":0},"b":{"0":[0,0],"1":[0,0]}}
,"C:\\Users\\cefalo\\Desktop\\Cefalo-Travel-Connect-App\\backend\\src\\validations\\validationMiddlewares\\post.validation.ts": {"path":"C:\\Users\\cefalo\\Desktop\\Cefalo-Travel-Connect-App\\backend\\src\\validations\\validationMiddlewares\\post.validation.ts","statementMap":{"0":{"start":{"line":2,"column":0},"end":{"line":2,"column":79}},"1":{"start":{"line":5,"column":40},"end":{"line":16,"column":1}},"2":{"start":{"line":6,"column":4},"end":{"line":15,"column":5}},"3":{"start":{"line":7,"column":30},"end":{"line":7,"column":62}},"4":{"start":{"line":8,"column":8},"end":{"line":8,"column":15}},"5":{"start":{"line":11,"column":12},"end":{"line":13,"column":11}},"6":{"start":{"line":14,"column":8},"end":{"line":14,"column":15}},"7":{"start":{"line":5,"column":13},"end":{"line":5,"column":40}},"8":{"start":{"line":18,"column":38},"end":{"line":29,"column":1}},"9":{"start":{"line":19,"column":4},"end":{"line":28,"column":5}},"10":{"start":{"line":20,"column":30},"end":{"line":20,"column":62}},"11":{"start":{"line":21,"column":8},"end":{"line":21,"column":15}},"12":{"start":{"line":24,"column":12},"end":{"line":26,"column":11}},"13":{"start":{"line":27,"column":8},"end":{"line":27,"column":15}},"14":{"start":{"line":18,"column":13},"end":{"line":18,"column":38}}},"fnMap":{"0":{"name":"(anonymous_0)","decl":{"start":{"line":5,"column":40},"end":{"line":5,"column":41}},"loc":{"start":{"line":5,"column":105},"end":{"line":16,"column":1}}},"1":{"name":"(anonymous_1)","decl":{"start":{"line":18,"column":38},"end":{"line":18,"column":39}},"loc":{"start":{"line":18,"column":103},"end":{"line":29,"column":1}}}},"branchMap":{"0":{"loc":{"start":{"line":12,"column":21},"end":{"line":12,"column":82}},"type":"binary-expr","locations":[{"start":{"line":12,"column":21},"end":{"line":12,"column":45}},{"start":{"line":12,"column":49},"end":{"line":12,"column":82}}]},"1":{"loc":{"start":{"line":25,"column":21},"end":{"line":25,"column":82}},"type":"binary-expr","locations":[{"start":{"line":25,"column":21},"end":{"line":25,"column":45}},{"start":{"line":25,"column":49},"end":{"line":25,"column":82}}]}},"s":{"0":1,"1":1,"2":0,"3":0,"4":0,"5":0,"6":0,"7":1,"8":1,"9":0,"10":0,"11":0,"12":0,"13":0,"14":1},"f":{"0":0,"1":0},"b":{"0":[0,0],"1":[0,0]}}
,"C:\\Users\\cefalo\\Desktop\\Cefalo-Travel-Connect-App\\backend\\src\\validations\\validationMiddlewares\\restaurant.validation.ts": {"path":"C:\\Users\\cefalo\\Desktop\\Cefalo-Travel-Connect-App\\backend\\src\\validations\\validationMiddlewares\\restaurant.validation.ts","statementMap":{"0":{"start":{"line":2,"column":0},"end":{"line":2,"column":97}},"1":{"start":{"line":5,"column":46},"end":{"line":16,"column":1}},"2":{"start":{"line":6,"column":4},"end":{"line":15,"column":5}},"3":{"start":{"line":7,"column":30},"end":{"line":7,"column":68}},"4":{"start":{"line":8,"column":8},"end":{"line":8,"column":15}},"5":{"start":{"line":11,"column":12},"end":{"line":13,"column":11}},"6":{"start":{"line":14,"column":8},"end":{"line":14,"column":15}},"7":{"start":{"line":5,"column":13},"end":{"line":5,"column":46}},"8":{"start":{"line":18,"column":44},"end":{"line":29,"column":1}},"9":{"start":{"line":19,"column":4},"end":{"line":28,"column":5}},"10":{"start":{"line":20,"column":30},"end":{"line":20,"column":68}},"11":{"start":{"line":21,"column":8},"end":{"line":21,"column":15}},"12":{"start":{"line":24,"column":12},"end":{"line":26,"column":11}},"13":{"start":{"line":27,"column":8},"end":{"line":27,"column":15}},"14":{"start":{"line":18,"column":13},"end":{"line":18,"column":44}}},"fnMap":{"0":{"name":"(anonymous_0)","decl":{"start":{"line":5,"column":46},"end":{"line":5,"column":47}},"loc":{"start":{"line":5,"column":111},"end":{"line":16,"column":1}}},"1":{"name":"(anonymous_1)","decl":{"start":{"line":18,"column":44},"end":{"line":18,"column":45}},"loc":{"start":{"line":18,"column":109},"end":{"line":29,"column":1}}}},"branchMap":{"0":{"loc":{"start":{"line":12,"column":21},"end":{"line":12,"column":88}},"type":"binary-expr","locations":[{"start":{"line":12,"column":21},"end":{"line":12,"column":45}},{"start":{"line":12,"column":49},"end":{"line":12,"column":88}}]},"1":{"loc":{"start":{"line":25,"column":21},"end":{"line":25,"column":88}},"type":"binary-expr","locations":[{"start":{"line":25,"column":21},"end":{"line":25,"column":45}},{"start":{"line":25,"column":49},"end":{"line":25,"column":88}}]}},"s":{"0":1,"1":1,"2":0,"3":0,"4":0,"5":0,"6":0,"7":1,"8":1,"9":0,"10":0,"11":0,"12":0,"13":0,"14":1},"f":{"0":0,"1":0},"b":{"0":[0,0],"1":[0,0]}}
,"C:\\Users\\cefalo\\Desktop\\Cefalo-Travel-Connect-App\\backend\\src\\validations\\validationMiddlewares\\transport.validation.ts": {"path":"C:\\Users\\cefalo\\Desktop\\Cefalo-Travel-Connect-App\\backend\\src\\validations\\validationMiddlewares\\transport.validation.ts","statementMap":{"0":{"start":{"line":3,"column":0},"end":{"line":3,"column":98}},"1":{"start":{"line":5,"column":45},"end":{"line":17,"column":1}},"2":{"start":{"line":6,"column":4},"end":{"line":16,"column":5}},"3":{"start":{"line":7,"column":30},"end":{"line":7,"column":69}},"4":{"start":{"line":8,"column":8},"end":{"line":8,"column":null}},"5":{"start":{"line":9,"column":8},"end":{"line":9,"column":15}},"6":{"start":{"line":12,"column":12},"end":{"line":14,"column":11}},"7":{"start":{"line":15,"column":8},"end":{"line":15,"column":15}},"8":{"start":{"line":5,"column":13},"end":{"line":5,"column":45}},"9":{"start":{"line":19,"column":45},"end":{"line":31,"column":1}},"10":{"start":{"line":20,"column":4},"end":{"line":30,"column":5}},"11":{"start":{"line":21,"column":30},"end":{"line":21,"column":69}},"12":{"start":{"line":22,"column":8},"end":{"line":22,"column":null}},"13":{"start":{"line":23,"column":8},"end":{"line":23,"column":15}},"14":{"start":{"line":26,"column":12},"end":{"line":28,"column":11}},"15":{"start":{"line":29,"column":8},"end":{"line":29,"column":15}},"16":{"start":{"line":19,"column":13},"end":{"line":19,"column":45}}},"fnMap":{"0":{"name":"(anonymous_0)","decl":{"start":{"line":5,"column":45},"end":{"line":5,"column":46}},"loc":{"start":{"line":5,"column":110},"end":{"line":17,"column":1}}},"1":{"name":"(anonymous_1)","decl":{"start":{"line":19,"column":45},"end":{"line":19,"column":46}},"loc":{"start":{"line":19,"column":110},"end":{"line":31,"column":1}}}},"branchMap":{"0":{"loc":{"start":{"line":13,"column":21},"end":{"line":13,"column":82}},"type":"binary-expr","locations":[{"start":{"line":13,"column":21},"end":{"line":13,"column":45}},{"start":{"line":13,"column":49},"end":{"line":13,"column":82}}]},"1":{"loc":{"start":{"line":27,"column":21},"end":{"line":27,"column":82}},"type":"binary-expr","locations":[{"start":{"line":27,"column":21},"end":{"line":27,"column":45}},{"start":{"line":27,"column":49},"end":{"line":27,"column":82}}]}},"s":{"0":1,"1":1,"2":0,"3":0,"4":0,"5":0,"6":0,"7":0,"8":1,"9":1,"10":0,"11":0,"12":0,"13":0,"14":0,"15":0,"16":1},"f":{"0":0,"1":0},"b":{"0":[0,0],"1":[0,0]}}
,"C:\\Users\\cefalo\\Desktop\\Cefalo-Travel-Connect-App\\backend\\src\\validations\\validationMiddlewares\\user.validation.ts": {"path":"C:\\Users\\cefalo\\Desktop\\Cefalo-Travel-Connect-App\\backend\\src\\validations\\validationMiddlewares\\user.validation.ts","statementMap":{"0":{"start":{"line":2,"column":0},"end":{"line":2,"column":61}},"1":{"start":{"line":4,"column":34},"end":{"line":19,"column":1}},"2":{"start":{"line":8,"column":2},"end":{"line":18,"column":3}},"3":{"start":{"line":9,"column":28},"end":{"line":9,"column":60}},"4":{"start":{"line":10,"column":6},"end":{"line":10,"column":31}},"5":{"start":{"line":11,"column":6},"end":{"line":11,"column":13}},"6":{"start":{"line":14,"column":6},"end":{"line":16,"column":7}},"7":{"start":{"line":17,"column":4},"end":{"line":17,"column":11}},"8":{"start":{"line":4,"column":13},"end":{"line":4,"column":34}}},"fnMap":{"0":{"name":"(anonymous_0)","decl":{"start":{"line":4,"column":34},"end":{"line":4,"column":null}},"loc":{"start":{"line":7,"column":30},"end":{"line":19,"column":1}}}},"branchMap":{"0":{"loc":{"start":{"line":15,"column":15},"end":{"line":15,"column":74}},"type":"binary-expr","locations":[{"start":{"line":15,"column":15},"end":{"line":15,"column":39}},{"start":{"line":15,"column":43},"end":{"line":15,"column":74}}]}},"s":{"0":1,"1":1,"2":0,"3":0,"4":0,"5":0,"6":0,"7":0,"8":1},"f":{"0":0},"b":{"0":[0,0]}}
,"C:\\Users\\cefalo\\Desktop\\Cefalo-Travel-Connect-App\\backend\\src\\validations\\validationMiddlewares\\wishlist.validation.ts": {"path":"C:\\Users\\cefalo\\Desktop\\Cefalo-Travel-Connect-App\\backend\\src\\validations\\validationMiddlewares\\wishlist.validation.ts","statementMap":{"0":{"start":{"line":4,"column":0},"end":{"line":4,"column":63}},"1":{"start":{"line":6,"column":44},"end":{"line":18,"column":1}},"2":{"start":{"line":7,"column":4},"end":{"line":17,"column":5}},"3":{"start":{"line":8,"column":30},"end":{"line":8,"column":60}},"4":{"start":{"line":10,"column":8},"end":{"line":10,"column":15}},"5":{"start":{"line":13,"column":12},"end":{"line":15,"column":11}},"6":{"start":{"line":16,"column":8},"end":{"line":16,"column":15}},"7":{"start":{"line":6,"column":13},"end":{"line":6,"column":44}}},"fnMap":{"0":{"name":"(anonymous_0)","decl":{"start":{"line":6,"column":44},"end":{"line":6,"column":45}},"loc":{"start":{"line":6,"column":109},"end":{"line":18,"column":1}}}},"branchMap":{"0":{"loc":{"start":{"line":14,"column":21},"end":{"line":14,"column":82}},"type":"binary-expr","locations":[{"start":{"line":14,"column":21},"end":{"line":14,"column":45}},{"start":{"line":14,"column":49},"end":{"line":14,"column":82}}]}},"s":{"0":1,"1":1,"2":0,"3":0,"4":0,"5":0,"6":0,"7":1},"f":{"0":0},"b":{"0":[0,0]}}
}
