TN:
SF:src\DTOs\accommodation.dto.ts
FN:13,(anonymous_0)
FNF:1
FNH:1
FNDA:5,(anonymous_0)
DA:3,3
DA:15,5
DA:16,5
DA:17,5
DA:18,5
LF:5
LH:5
BRF:0
BRH:0
end_of_record
TN:
SF:src\DTOs\auth.dto.ts
FN:11,(anonymous_0)
FNF:1
FNH:1
FNDA:3,(anonymous_0)
DA:3,3
DA:12,3
DA:13,3
DA:14,3
DA:15,3
DA:16,3
DA:17,3
LF:7
LH:7
BRF:0
BRH:0
end_of_record
TN:
SF:src\DTOs\notification.dto.ts
FN:8,(anonymous_0)
FNF:1
FNH:1
FNDA:4,(anonymous_0)
DA:1,3
DA:9,4
LF:2
LH:2
BRF:0
BRH:0
end_of_record
TN:
SF:src\DTOs\place.dto.ts
FN:11,(anonymous_0)
FNF:1
FNH:1
FNDA:5,(anonymous_0)
DA:3,4
DA:13,5
DA:14,5
DA:15,5
LF:4
LH:4
BRF:0
BRH:0
end_of_record
TN:
SF:src\DTOs\post.dto.ts
FN:22,(anonymous_0)
FNF:1
FNH:1
FNDA:5,(anonymous_0)
DA:1,4
DA:23,5
LF:2
LH:2
BRF:0
BRH:0
end_of_record
TN:
SF:src\DTOs\proximity.dto.ts
FN:8,(anonymous_0)
FNF:1
FNH:1
FNDA:3,(anonymous_0)
DA:1,3
DA:10,3
LF:2
LH:2
BRF:0
BRH:0
end_of_record
TN:
SF:src\DTOs\restaurant.dto.ts
FN:11,(anonymous_0)
FNF:1
FNH:1
FNDA:5,(anonymous_0)
DA:3,3
DA:13,5
DA:14,5
DA:16,5
LF:4
LH:4
BRF:0
BRH:0
end_of_record
TN:
SF:src\DTOs\transport.dto.ts
FN:19,(anonymous_0)
FNF:1
FNH:1
FNDA:5,(anonymous_0)
DA:3,3
DA:21,5
DA:22,5
DA:23,5
LF:4
LH:4
BRF:0
BRH:0
end_of_record
TN:
SF:src\DTOs\travelplan.dto.ts
FN:18,(anonymous_0)
FNF:1
FNH:1
FNDA:3,(anonymous_0)
DA:1,3
DA:19,3
LF:2
LH:2
BRF:0
BRH:0
end_of_record
TN:
SF:src\DTOs\travelplanmember.dto.ts
FN:7,(anonymous_0)
FNF:1
FNH:1
FNDA:6,(anonymous_0)
DA:1,3
DA:9,6
DA:10,6
DA:11,6
DA:12,6
LF:5
LH:5
BRF:0
BRH:0
end_of_record
TN:
SF:src\DTOs\travelplanmessage.dto.ts
FN:12,(anonymous_0)
FNF:1
FNH:1
FNDA:2,(anonymous_0)
DA:3,3
DA:13,2
DA:14,2
DA:15,2
DA:16,2
LF:5
LH:5
BRF:0
BRH:0
end_of_record
TN:
SF:src\DTOs\user.dto.ts
FN:11,(anonymous_0)
FNF:1
FNH:1
FNDA:5,(anonymous_0)
DA:3,9
DA:12,5
DA:13,5
DA:14,5
DA:15,5
DA:16,5
DA:17,5
LF:7
LH:7
BRF:0
BRH:0
end_of_record
TN:
SF:src\DTOs\wishlist.dto.ts
FN:17,(anonymous_0)
FNF:1
FNH:1
FNDA:4,(anonymous_0)
DA:3,4
DA:19,4
DA:20,4
DA:21,4
DA:22,4
DA:23,4
DA:24,4
DA:25,4
DA:26,4
DA:27,4
DA:28,4
DA:29,4
DA:30,4
LF:13
LH:13
BRF:0
BRH:0
end_of_record
TN:
SF:src\controllers\accommodation.controller.ts
FN:8,(anonymous_9)
FN:21,(anonymous_10)
FN:33,(anonymous_11)
FN:48,(anonymous_12)
FNF:4
FNH:4
FNDA:2,(anonymous_9)
FNDA:2,(anonymous_10)
FNDA:2,(anonymous_11)
FNDA:2,(anonymous_12)
DA:3,2
DA:8,2
DA:9,2
DA:10,2
DA:11,2
DA:13,1
DA:17,1
DA:21,2
DA:22,2
DA:23,2
DA:25,1
DA:29,1
DA:33,2
DA:34,2
DA:35,2
DA:36,2
DA:37,2
DA:39,1
DA:43,1
DA:48,2
DA:49,2
DA:50,2
DA:51,2
DA:52,2
DA:54,2
DA:56,1
DA:60,1
LF:27
LH:27
BRF:0
BRH:0
end_of_record
TN:
SF:src\controllers\auth.controller.ts
FN:7,(anonymous_9)
FN:25,(anonymous_10)
FN:44,(anonymous_11)
FN:53,(anonymous_12)
FNF:4
FNH:4
FNDA:2,(anonymous_9)
FNDA:2,(anonymous_10)
FNDA:2,(anonymous_11)
FNDA:3,(anonymous_12)
DA:2,2
DA:7,2
DA:8,2
DA:9,2
DA:11,1
DA:21,1
DA:25,2
DA:26,2
DA:27,2
DA:29,1
DA:39,1
DA:44,2
DA:45,2
DA:46,2
DA:49,1
DA:53,2
DA:54,3
DA:55,3
DA:57,1
DA:58,1
DA:61,2
DA:62,2
DA:63,1
DA:68,1
LF:24
LH:24
BRDA:55,0,0,1
BRDA:55,0,1,2
BRF:2
BRH:2
end_of_record
TN:
SF:src\controllers\notification.controller.ts
FN:9,(anonymous_9)
FN:22,(anonymous_10)
FN:36,(anonymous_11)
FN:48,(anonymous_12)
FN:61,(anonymous_13)
FNF:5
FNH:5
FNDA:2,(anonymous_9)
FNDA:2,(anonymous_10)
FNDA:2,(anonymous_11)
FNDA:2,(anonymous_12)
FNDA:2,(anonymous_13)
DA:3,2
DA:7,2
DA:9,2
DA:10,2
DA:11,2
DA:12,2
DA:14,1
DA:18,1
DA:22,2
DA:23,2
DA:24,2
DA:25,2
DA:26,2
DA:28,1
DA:32,1
DA:36,2
DA:37,2
DA:38,2
DA:39,2
DA:40,1
DA:44,1
DA:48,2
DA:49,2
DA:50,2
DA:51,2
DA:52,1
DA:56,1
DA:61,2
DA:62,2
DA:63,2
DA:64,2
DA:65,1
DA:69,1
LF:33
LH:33
BRF:0
BRH:0
end_of_record
TN:
SF:src\controllers\place.controller.ts
FN:8,(anonymous_9)
FN:21,(anonymous_10)
FN:33,(anonymous_11)
FN:48,(anonymous_12)
FNF:4
FNH:4
FNDA:2,(anonymous_9)
FNDA:2,(anonymous_10)
FNDA:2,(anonymous_11)
FNDA:2,(anonymous_12)
DA:3,2
DA:8,2
DA:9,2
DA:10,2
DA:11,2
DA:13,1
DA:17,1
DA:21,2
DA:22,2
DA:23,2
DA:25,1
DA:29,1
DA:33,2
DA:34,2
DA:35,2
DA:36,2
DA:37,2
DA:39,1
DA:43,1
DA:48,2
DA:49,2
DA:50,2
DA:51,2
DA:52,2
DA:54,2
DA:56,1
DA:60,1
LF:27
LH:27
BRF:0
BRH:0
end_of_record
TN:
SF:src\controllers\post.controller.ts
FN:9,(anonymous_9)
FN:22,(anonymous_10)
FN:37,(anonymous_11)
FN:51,(anonymous_12)
FN:67,(anonymous_13)
FN:83,(anonymous_14)
FN:102,(anonymous_15)
FN:134,(anonymous_16)
FNF:8
FNH:8
FNDA:2,(anonymous_9)
FNDA:2,(anonymous_10)
FNDA:2,(anonymous_11)
FNDA:2,(anonymous_12)
FNDA:2,(anonymous_13)
FNDA:2,(anonymous_14)
FNDA:2,(anonymous_15)
FNDA:2,(anonymous_16)
DA:1,2
DA:7,2
DA:9,2
DA:10,2
DA:11,2
DA:13,1
DA:17,1
DA:22,2
DA:23,2
DA:24,2
DA:25,1
DA:27,1
DA:28,1
DA:32,1
DA:37,2
DA:38,2
DA:39,2
DA:40,1
DA:42,1
DA:46,1
DA:51,2
DA:52,2
DA:53,2
DA:55,1
DA:56,1
DA:58,1
DA:62,1
DA:67,2
DA:68,2
DA:69,2
DA:70,1
DA:72,1
DA:74,1
DA:78,1
DA:83,2
DA:84,2
DA:86,2
DA:87,1
DA:90,1
DA:92,1
DA:96,1
DA:102,2
DA:103,2
DA:104,2
DA:113,2
DA:115,1
DA:125,1
DA:126,1
DA:129,1
DA:134,2
DA:135,2
DA:136,2
DA:137,1
DA:138,1
DA:140,1
DA:142,1
DA:146,1
LF:57
LH:57
BRDA:117,0,0,1
BRDA:117,0,1,0
BRDA:118,1,0,1
BRDA:118,1,1,0
BRF:4
BRH:2
end_of_record
TN:
SF:src\controllers\proximity.controller.ts
FN:13,(anonymous_9)
FN:36,(anonymous_10)
FN:49,(anonymous_11)
FN:73,(anonymous_12)
FN:96,(anonymous_13)
FNF:5
FNH:5
FNDA:2,(anonymous_9)
FNDA:2,(anonymous_10)
FNDA:2,(anonymous_11)
FNDA:2,(anonymous_12)
FNDA:2,(anonymous_13)
DA:3,2
DA:6,2
DA:8,2
DA:10,2
DA:13,2
DA:14,2
DA:16,2
DA:19,1
DA:26,1
DA:28,1
DA:32,1
DA:36,2
DA:37,2
DA:38,2
DA:40,1
DA:41,1
DA:45,1
DA:49,2
DA:50,2
DA:52,2
DA:55,1
DA:62,1
DA:64,1
DA:68,1
DA:73,2
DA:74,2
DA:76,2
DA:79,1
DA:86,1
DA:88,1
DA:92,1
DA:96,2
DA:97,2
DA:98,2
DA:99,2
DA:100,1
DA:101,1
DA:103,1
DA:104,1
DA:107,1
DA:108,1
DA:110,1
DA:112,1
DA:113,1
DA:121,1
DA:125,1
DA:129,1
LF:47
LH:47
BRDA:112,0,0,1
BRDA:112,0,1,0
BRF:2
BRH:1
end_of_record
TN:
SF:src\controllers\restaurant.controller.ts
FN:8,(anonymous_9)
FN:21,(anonymous_10)
FN:33,(anonymous_11)
FN:48,(anonymous_12)
FNF:4
FNH:4
FNDA:2,(anonymous_9)
FNDA:2,(anonymous_10)
FNDA:2,(anonymous_11)
FNDA:2,(anonymous_12)
DA:3,2
DA:8,2
DA:9,2
DA:10,2
DA:11,2
DA:13,1
DA:17,1
DA:21,2
DA:22,2
DA:23,2
DA:25,1
DA:29,1
DA:33,2
DA:34,2
DA:35,2
DA:36,2
DA:37,2
DA:39,1
DA:43,1
DA:48,2
DA:49,2
DA:50,2
DA:51,2
DA:52,2
DA:54,2
DA:56,1
DA:60,1
LF:27
LH:27
BRF:0
BRH:0
end_of_record
TN:
SF:src\controllers\transport.controller.ts
FN:8,(anonymous_9)
FN:21,(anonymous_10)
FN:33,(anonymous_11)
FN:48,(anonymous_12)
FNF:4
FNH:4
FNDA:2,(anonymous_9)
FNDA:2,(anonymous_10)
FNDA:2,(anonymous_11)
FNDA:2,(anonymous_12)
DA:3,2
DA:8,2
DA:9,2
DA:10,2
DA:11,2
DA:13,1
DA:17,1
DA:21,2
DA:22,2
DA:23,2
DA:25,1
DA:29,1
DA:33,2
DA:34,2
DA:35,2
DA:36,2
DA:37,2
DA:39,1
DA:43,1
DA:48,2
DA:49,2
DA:50,2
DA:51,2
DA:52,2
DA:54,2
DA:56,1
DA:60,1
LF:27
LH:27
BRF:0
BRH:0
end_of_record
TN:
SF:src\controllers\travelplan.controller.ts
FN:9,(anonymous_9)
FN:26,(anonymous_10)
FN:40,(anonymous_11)
FN:52,(anonymous_12)
FN:68,(anonymous_13)
FN:82,(anonymous_14)
FNF:6
FNH:6
FNDA:2,(anonymous_9)
FNDA:2,(anonymous_10)
FNDA:2,(anonymous_11)
FNDA:2,(anonymous_12)
FNDA:2,(anonymous_13)
FNDA:2,(anonymous_14)
DA:3,2
DA:5,2
DA:9,2
DA:10,2
DA:12,2
DA:13,1
DA:14,1
DA:16,1
DA:18,1
DA:22,1
DA:26,2
DA:27,2
DA:28,2
DA:29,2
DA:30,2
DA:32,1
DA:36,1
DA:40,2
DA:41,2
DA:42,2
DA:44,1
DA:48,1
DA:52,2
DA:53,2
DA:54,2
DA:55,1
DA:56,1
DA:58,1
DA:60,1
DA:64,1
DA:68,2
DA:69,2
DA:70,2
DA:71,1
DA:73,1
DA:77,1
DA:82,2
DA:83,2
DA:85,2
DA:87,1
DA:89,1
DA:93,1
LF:42
LH:42
BRF:0
BRH:0
end_of_record
TN:
SF:src\controllers\travelplanmember.controller.ts
FN:9,(anonymous_9)
FN:29,(anonymous_10)
FN:42,(anonymous_11)
FNF:3
FNH:3
FNDA:2,(anonymous_9)
FNDA:2,(anonymous_10)
FNDA:2,(anonymous_11)
DA:3,2
DA:5,2
DA:9,2
DA:10,2
DA:20,2
DA:21,1
DA:25,1
DA:29,2
DA:30,2
DA:32,2
DA:33,1
DA:37,1
DA:42,2
DA:43,2
DA:45,2
DA:46,1
DA:52,1
DA:53,1
DA:57,1
LF:19
LH:19
BRF:0
BRH:0
end_of_record
TN:
SF:src\controllers\travelplanmessage.controller.ts
FN:7,(anonymous_9)
FN:25,(anonymous_10)
FNF:2
FNH:2
FNDA:2,(anonymous_9)
FNDA:2,(anonymous_10)
DA:5,2
DA:7,2
DA:8,2
DA:9,2
DA:15,2
DA:17,1
DA:21,1
DA:25,2
DA:26,2
DA:27,2
DA:29,2
DA:31,1
DA:35,1
LF:13
LH:13
BRF:0
BRH:0
end_of_record
TN:
SF:src\controllers\user.controller.ts
FN:8,(anonymous_9)
FN:22,(anonymous_10)
FN:35,(anonymous_11)
FN:49,(anonymous_12)
FN:61,(anonymous_13)
FN:73,(anonymous_14)
FNF:6
FNH:6
FNDA:2,(anonymous_9)
FNDA:2,(anonymous_10)
FNDA:2,(anonymous_11)
FNDA:2,(anonymous_12)
FNDA:2,(anonymous_13)
FNDA:2,(anonymous_14)
DA:2,2
DA:8,2
DA:9,2
DA:10,2
DA:11,2
DA:13,2
DA:14,1
DA:17,1
DA:22,2
DA:23,2
DA:24,2
DA:25,2
DA:27,1
DA:30,1
DA:35,2
DA:36,2
DA:37,2
DA:38,2
DA:39,2
DA:41,1
DA:44,1
DA:49,2
DA:50,2
DA:51,2
DA:52,2
DA:53,1
DA:56,1
DA:61,2
DA:62,2
DA:63,2
DA:64,2
DA:66,1
DA:69,1
DA:73,2
DA:74,2
DA:75,2
DA:76,2
DA:78,1
DA:82,1
LF:39
LH:39
BRF:0
BRH:0
end_of_record
TN:
SF:src\controllers\wishlist.controller.ts
FN:16,(anonymous_10)
FN:44,(anonymous_11)
FN:59,(anonymous_12)
FN:73,(anonymous_13)
FN:93,(anonymous_14)
FN:107,(anonymous_15)
FN:127,(anonymous_16)
FN:135,(anonymous_17)
FN:148,(anonymous_18)
FNF:9
FNH:9
FNDA:3,(anonymous_10)
FNDA:2,(anonymous_11)
FNDA:2,(anonymous_12)
FNDA:2,(anonymous_13)
FNDA:2,(anonymous_14)
FNDA:2,(anonymous_15)
FNDA:1,(anonymous_16)
FNDA:2,(anonymous_17)
FNDA:2,(anonymous_18)
DA:1,2
DA:2,2
DA:4,2
DA:12,2
DA:14,2
DA:16,2
DA:17,3
DA:18,3
DA:19,2
DA:20,2
DA:21,2
DA:22,2
DA:24,1
DA:29,1
DA:31,2
DA:32,2
DA:34,2
DA:36,2
DA:40,1
DA:44,2
DA:45,2
DA:46,2
DA:47,2
DA:49,2
DA:51,1
DA:55,1
DA:59,2
DA:60,2
DA:61,2
DA:63,2
DA:65,1
DA:69,1
DA:73,2
DA:74,2
DA:75,2
DA:77,2
DA:78,1
DA:79,1
DA:80,1
DA:81,1
DA:83,1
DA:85,1
DA:89,1
DA:93,2
DA:94,2
DA:95,2
DA:96,2
DA:97,1
DA:99,1
DA:103,1
DA:107,2
DA:108,2
DA:110,2
DA:111,2
DA:113,1
DA:114,1
DA:116,1
DA:118,1
DA:122,1
DA:127,2
DA:128,1
DA:130,1
DA:131,1
DA:135,2
DA:136,2
DA:137,2
DA:138,2
DA:140,1
DA:144,1
DA:148,2
DA:149,2
DA:150,2
DA:152,2
DA:154,1
DA:158,1
LF:75
LH:75
BRDA:22,0,0,1
BRDA:22,0,1,1
BRF:2
BRH:2
end_of_record
TN:
SF:src\db\db.ts
FNF:0
FNH:0
DA:1,56
DA:3,56
LF:2
LH:2
BRF:0
BRH:0
end_of_record
TN:
SF:src\db\config\knexfile.ts
FNF:0
FNH:0
DA:1,56
DA:4,56
DA:10,56
DA:12,56
DA:20,56
DA:43,56
LF:6
LH:6
BRF:0
BRH:0
end_of_record
TN:
SF:src\db\dbclients\knexorm.ts
FN:8,(anonymous_1)
FN:12,(anonymous_2)
FN:22,(anonymous_3)
FN:27,(anonymous_4)
FNF:4
FNH:2
FNDA:56,(anonymous_1)
FNDA:0,(anonymous_2)
FNDA:0,(anonymous_3)
FNDA:101,(anonymous_4)
DA:1,56
DA:2,56
DA:5,56
DA:9,56
DA:13,0
DA:14,0
DA:15,0
DA:17,0
DA:18,0
DA:23,0
DA:24,0
DA:28,101
LF:12
LH:5
BRF:0
BRH:0
end_of_record
TN:
SF:src\enums\role.ts
FN:1,(anonymous_0)
FNF:1
FNH:1
FNDA:2,(anonymous_0)
DA:1,2
DA:2,2
DA:3,2
DA:4,2
LF:4
LH:4
BRDA:1,0,0,2
BRDA:1,0,1,2
BRF:2
BRH:2
end_of_record
TN:
SF:src\middlewares\auth.middleware.ts
FN:21,(anonymous_1)
FN:46,(anonymous_2)
FN:74,(anonymous_3)
FNF:3
FNH:3
FNDA:3,(anonymous_1)
FNDA:4,(anonymous_2)
FNDA:2,(anonymous_3)
DA:2,2
DA:4,2
DA:5,2
DA:6,2
DA:7,2
DA:9,2
DA:21,2
DA:22,3
DA:23,3
DA:24,3
DA:26,3
DA:28,1
DA:29,1
DA:32,2
DA:34,1
DA:35,1
DA:36,1
DA:38,1
DA:41,1
DA:46,2
DA:47,4
DA:48,4
DA:49,4
DA:50,4
DA:51,4
DA:57,4
DA:58,1
DA:59,1
DA:62,3
DA:63,1
DA:64,1
DA:67,2
DA:70,0
DA:74,2
DA:75,2
DA:76,2
DA:77,1
DA:78,1
DA:80,1
DA:83,0
LF:40
LH:38
BRDA:24,0,0,3
BRDA:24,0,1,2
BRDA:26,1,0,1
BRDA:26,1,1,2
BRDA:57,2,0,1
BRDA:57,2,1,3
BRDA:57,3,0,4
BRDA:57,3,1,2
BRDA:62,4,0,1
BRDA:62,4,1,2
BRDA:62,5,0,3
BRDA:62,5,1,2
BRDA:76,6,0,1
BRDA:76,6,1,1
BRF:14
BRH:14
end_of_record
TN:
SF:src\repositories\dao\accommodation.repository.ts
FN:9,(anonymous_0)
FN:30,(anonymous_1)
FN:43,(anonymous_2)
FN:60,(anonymous_3)
FN:98,(anonymous_4)
FN:115,(anonymous_5)
FNF:6
FNH:0
FNDA:0,(anonymous_0)
FNDA:0,(anonymous_1)
FNDA:0,(anonymous_2)
FNDA:0,(anonymous_3)
FNDA:0,(anonymous_4)
FNDA:0,(anonymous_5)
DA:4,7
DA:6,7
DA:10,0
DA:11,0
DA:13,0
DA:27,0
DA:31,0
DA:40,0
DA:44,0
DA:57,0
DA:61,0
DA:63,0
DA:64,0
DA:67,0
DA:68,0
DA:70,0
DA:71,0
DA:79,0
DA:80,0
DA:82,0
DA:85,0
DA:95,0
DA:99,0
DA:112,0
DA:116,0
DA:127,0
DA:131,7
DA:132,7
LF:28
LH:4
BRDA:63,0,0,0
BRDA:63,0,1,0
BRDA:64,1,0,0
BRDA:64,1,1,0
BRDA:70,2,0,0
BRDA:70,2,1,0
BRDA:70,3,0,0
BRDA:70,3,1,0
BRDA:79,4,0,0
BRDA:79,4,1,0
BRDA:80,5,0,0
BRDA:80,5,1,0
BRF:12
BRH:0
end_of_record
TN:
SF:src\repositories\dao\auth.repository.ts
FN:13,(anonymous_0)
FN:25,(anonymous_1)
FN:34,(anonymous_2)
FN:43,(anonymous_3)
FN:53,(anonymous_4)
FN:63,(anonymous_5)
FN:69,(anonymous_6)
FNF:7
FNH:0
FNDA:0,(anonymous_0)
FNDA:0,(anonymous_1)
FNDA:0,(anonymous_2)
FNDA:0,(anonymous_3)
FNDA:0,(anonymous_4)
FNDA:0,(anonymous_5)
FNDA:0,(anonymous_6)
DA:7,3
DA:8,3
DA:14,0
DA:22,0
DA:26,0
DA:31,0
DA:35,0
DA:40,0
DA:44,0
DA:54,0
DA:64,0
DA:70,0
DA:75,0
DA:79,3
DA:80,3
LF:15
LH:4
BRF:0
BRH:0
end_of_record
TN:
SF:src\repositories\dao\notification.repository.ts
FN:9,(anonymous_0)
FN:20,(anonymous_1)
FN:25,(anonymous_2)
FN:30,(anonymous_3)
FN:37,(anonymous_4)
FNF:5
FNH:0
FNDA:0,(anonymous_0)
FNDA:0,(anonymous_1)
FNDA:0,(anonymous_2)
FNDA:0,(anonymous_3)
FNDA:0,(anonymous_4)
DA:4,3
DA:5,3
DA:10,0
DA:16,0
DA:21,0
DA:22,0
DA:26,0
DA:27,0
DA:31,0
DA:34,0
DA:38,0
DA:39,0
DA:43,3
DA:44,3
LF:14
LH:4
BRF:0
BRH:0
end_of_record
TN:
SF:src\repositories\dao\place.repository.ts
FN:9,(anonymous_0)
FN:28,(anonymous_1)
FN:42,(anonymous_2)
FN:60,(anonymous_3)
FN:97,(anonymous_4)
FN:114,(anonymous_5)
FNF:6
FNH:0
FNDA:0,(anonymous_0)
FNDA:0,(anonymous_1)
FNDA:0,(anonymous_2)
FNDA:0,(anonymous_3)
FNDA:0,(anonymous_4)
FNDA:0,(anonymous_5)
DA:4,11
DA:6,11
DA:11,0
DA:13,0
DA:25,0
DA:29,0
DA:38,0
DA:44,0
DA:56,0
DA:62,0
DA:64,0
DA:66,0
DA:67,0
DA:69,0
DA:70,0
DA:78,0
DA:79,0
DA:81,0
DA:84,0
DA:93,0
DA:99,0
DA:111,0
DA:115,0
DA:127,0
DA:131,11
DA:132,11
LF:26
LH:4
BRDA:64,0,0,0
BRDA:64,0,1,0
BRDA:69,1,0,0
BRDA:69,1,1,0
BRDA:69,2,0,0
BRDA:69,2,1,0
BRDA:78,3,0,0
BRDA:78,3,1,0
BRDA:79,4,0,0
BRDA:79,4,1,0
BRF:10
BRH:0
end_of_record
TN:
SF:src\repositories\dao\post_accommodation.repository.ts
FN:8,(anonymous_0)
FN:18,(anonymous_1)
FN:25,(anonymous_2)
FNF:3
FNH:0
FNDA:0,(anonymous_0)
FNDA:0,(anonymous_1)
FNDA:0,(anonymous_2)
DA:3,3
DA:5,3
DA:9,0
DA:20,0
DA:22,0
DA:26,0
DA:34,3
DA:35,3
LF:8
LH:4
BRF:0
BRH:0
end_of_record
TN:
SF:src\repositories\dao\post_food.repository.ts
FN:8,(anonymous_0)
FN:19,(anonymous_1)
FN:24,(anonymous_2)
FNF:3
FNH:0
FNDA:0,(anonymous_0)
FNDA:0,(anonymous_1)
FNDA:0,(anonymous_2)
DA:3,3
DA:5,3
DA:9,0
DA:20,0
DA:21,0
DA:25,0
DA:33,3
DA:34,3
LF:8
LH:4
BRF:0
BRH:0
end_of_record
TN:
SF:src\repositories\dao\post_image.repository.ts
FN:8,(anonymous_0)
FN:16,(anonymous_1)
FN:23,(anonymous_2)
FN:29,(anonymous_3)
FNF:4
FNH:0
FNDA:0,(anonymous_0)
FNDA:0,(anonymous_1)
FNDA:0,(anonymous_2)
FNDA:0,(anonymous_3)
DA:3,3
DA:5,3
DA:9,0
DA:18,0
DA:20,0
DA:24,0
DA:30,0
DA:34,3
DA:35,3
LF:9
LH:4
BRDA:12,0,0,0
BRDA:12,0,1,0
BRF:2
BRH:0
end_of_record
TN:
SF:src\repositories\dao\post_interaction.repository.ts
FN:9,(anonymous_0)
FN:21,(anonymous_1)
FN:32,(anonymous_2)
FNF:3
FNH:0
FNDA:0,(anonymous_0)
FNDA:0,(anonymous_1)
FNDA:0,(anonymous_2)
DA:3,3
DA:6,3
DA:10,0
DA:18,0
DA:22,0
DA:29,0
DA:33,0
DA:42,3
DA:43,3
LF:9
LH:4
BRF:0
BRH:0
end_of_record
TN:
SF:src\repositories\dao\post_place.repository.ts
FN:8,(anonymous_0)
FN:18,(anonymous_1)
FN:25,(anonymous_2)
FNF:3
FNH:0
FNDA:0,(anonymous_0)
FNDA:0,(anonymous_1)
FNDA:0,(anonymous_2)
DA:3,3
DA:5,3
DA:9,0
DA:20,0
DA:22,0
DA:26,0
DA:34,3
DA:35,3
LF:8
LH:4
BRF:0
BRH:0
end_of_record
TN:
SF:src\repositories\dao\post_restaurant.repository.ts
FN:8,(anonymous_0)
FN:18,(anonymous_1)
FN:25,(anonymous_2)
FNF:3
FNH:0
FNDA:0,(anonymous_0)
FNDA:0,(anonymous_1)
FNDA:0,(anonymous_2)
DA:5,0
DA:9,0
DA:20,0
DA:22,0
DA:26,0
DA:34,0
LF:6
LH:0
BRF:0
BRH:0
end_of_record
TN:
SF:src\repositories\dao\post_transport.repository.ts
FN:8,(anonymous_0)
FN:18,(anonymous_1)
FN:25,(anonymous_2)
FNF:3
FNH:0
FNDA:0,(anonymous_0)
FNDA:0,(anonymous_1)
FNDA:0,(anonymous_2)
DA:3,3
DA:5,3
DA:9,0
DA:20,0
DA:22,0
DA:26,0
DA:34,3
DA:35,3
LF:8
LH:4
BRF:0
BRH:0
end_of_record
TN:
SF:src\repositories\dao\postt.repository.ts
FN:9,(anonymous_0)
FN:25,(anonymous_1)
FN:32,(anonymous_2)
FN:43,(anonymous_3)
FN:55,(anonymous_4)
FN:60,(anonymous_5)
FN:67,(anonymous_6)
FN:109,(anonymous_7)
FNF:8
FNH:0
FNDA:0,(anonymous_0)
FNDA:0,(anonymous_1)
FNDA:0,(anonymous_2)
FNDA:0,(anonymous_3)
FNDA:0,(anonymous_4)
FNDA:0,(anonymous_5)
FNDA:0,(anonymous_6)
FNDA:0,(anonymous_7)
DA:4,3
DA:5,3
DA:6,3
DA:10,0
DA:22,0
DA:26,0
DA:27,0
DA:29,0
DA:33,0
DA:35,0
DA:37,0
DA:40,0
DA:44,0
DA:52,0
DA:56,0
DA:57,0
DA:62,0
DA:64,0
DA:74,0
DA:76,0
DA:77,0
DA:83,0
DA:84,0
DA:90,0
DA:91,0
DA:97,0
DA:98,0
DA:104,0
DA:106,0
DA:110,0
DA:112,0
DA:116,0
DA:118,0
DA:122,3
DA:123,3
LF:35
LH:5
BRDA:35,0,0,0
BRDA:35,0,1,0
BRDA:76,1,0,0
BRDA:76,1,1,0
BRDA:83,2,0,0
BRDA:83,2,1,0
BRDA:90,3,0,0
BRDA:90,3,1,0
BRDA:97,4,0,0
BRDA:97,4,1,0
BRDA:110,5,0,0
BRDA:110,5,1,0
BRF:12
BRH:0
end_of_record
TN:
SF:src\repositories\dao\proximity.repository.ts
FN:10,(anonymous_0)
FN:23,(anonymous_1)
FN:32,(anonymous_2)
FN:46,(anonymous_3)
FN:56,(anonymous_4)
FNF:5
FNH:0
FNDA:0,(anonymous_0)
FNDA:0,(anonymous_1)
FNDA:0,(anonymous_2)
FNDA:0,(anonymous_3)
FNDA:0,(anonymous_4)
DA:4,3
DA:6,3
DA:11,0
DA:19,0
DA:24,0
DA:29,0
DA:34,0
DA:41,0
DA:43,0
DA:48,0
DA:53,0
DA:57,0
DA:64,0
DA:68,3
DA:69,3
LF:15
LH:4
BRF:0
BRH:0
end_of_record
TN:
SF:src\repositories\dao\restaurant.repository.ts
FN:9,(anonymous_0)
FN:27,(anonymous_1)
FN:41,(anonymous_2)
FN:59,(anonymous_3)
FN:97,(anonymous_4)
FN:115,(anonymous_5)
FNF:6
FNH:0
FNDA:0,(anonymous_0)
FNDA:0,(anonymous_1)
FNDA:0,(anonymous_2)
FNDA:0,(anonymous_3)
FNDA:0,(anonymous_4)
FNDA:0,(anonymous_5)
DA:4,3
DA:6,3
DA:11,0
DA:13,0
DA:24,0
DA:28,0
DA:37,0
DA:43,0
DA:55,0
DA:61,0
DA:63,0
DA:66,0
DA:67,0
DA:69,0
DA:70,0
DA:78,0
DA:79,0
DA:81,0
DA:84,0
DA:93,0
DA:99,0
DA:111,0
DA:116,0
DA:128,0
DA:132,3
DA:133,3
LF:26
LH:4
BRDA:63,0,0,0
BRDA:63,0,1,0
BRDA:69,1,0,0
BRDA:69,1,1,0
BRDA:69,2,0,0
BRDA:69,2,1,0
BRDA:78,3,0,0
BRDA:78,3,1,0
BRDA:79,4,0,0
BRDA:79,4,1,0
BRF:10
BRH:0
end_of_record
TN:
SF:src\repositories\dao\transport.repository.ts
FN:9,(anonymous_0)
FN:24,(anonymous_1)
FN:36,(anonymous_2)
FN:52,(anonymous_3)
FN:120,(anonymous_4)
FN:143,(anonymous_5)
FNF:6
FNH:0
FNDA:0,(anonymous_0)
FNDA:0,(anonymous_1)
FNDA:0,(anonymous_2)
FNDA:0,(anonymous_3)
FNDA:0,(anonymous_4)
FNDA:0,(anonymous_5)
DA:4,7
DA:6,7
DA:10,0
DA:21,0
DA:25,0
DA:33,0
DA:37,0
DA:49,0
DA:53,0
DA:55,0
DA:56,0
DA:102,0
DA:117,0
DA:121,0
DA:140,0
DA:144,0
DA:155,0
DA:159,7
DA:160,7
LF:19
LH:4
BRDA:55,0,0,0
BRDA:55,0,1,0
BRDA:56,1,0,0
BRDA:56,1,1,0
BRF:4
BRH:0
end_of_record
TN:
SF:src\repositories\dao\travelplan.repository.ts
FN:12,(anonymous_0)
FN:25,(anonymous_1)
FN:33,(anonymous_2)
FN:39,(anonymous_3)
FN:52,(anonymous_4)
FN:58,(anonymous_5)
FNF:6
FNH:0
FNDA:0,(anonymous_0)
FNDA:0,(anonymous_1)
FNDA:0,(anonymous_2)
FNDA:0,(anonymous_3)
FNDA:0,(anonymous_4)
FNDA:0,(anonymous_5)
DA:4,3
DA:8,3
DA:13,0
DA:22,0
DA:26,0
DA:28,0
DA:30,0
DA:34,0
DA:36,0
DA:41,0
DA:49,0
DA:53,0
DA:55,0
DA:59,0
DA:64,0
DA:69,3
DA:70,3
LF:17
LH:4
BRF:0
BRH:0
end_of_record
TN:
SF:src\repositories\dao\travelplan_accommodation.repository.ts
FN:9,(anonymous_0)
FN:17,(anonymous_1)
FN:24,(anonymous_2)
FNF:3
FNH:0
FNDA:0,(anonymous_0)
FNDA:0,(anonymous_1)
FNDA:0,(anonymous_2)
DA:3,3
DA:5,3
DA:10,0
DA:18,0
DA:20,0
DA:25,0
DA:31,3
DA:32,3
LF:8
LH:4
BRF:0
BRH:0
end_of_record
TN:
SF:src\repositories\dao\travelplan_place.repository.ts
FN:8,(anonymous_0)
FN:16,(anonymous_1)
FN:22,(anonymous_2)
FNF:3
FNH:0
FNDA:0,(anonymous_0)
FNDA:0,(anonymous_1)
FNDA:0,(anonymous_2)
DA:3,3
DA:5,3
DA:9,0
DA:17,0
DA:18,0
DA:19,0
DA:23,0
DA:30,3
DA:31,3
LF:9
LH:4
BRF:0
BRH:0
end_of_record
TN:
SF:src\repositories\dao\travelplan_transport.repository.ts
FN:9,(anonymous_0)
FN:16,(anonymous_1)
FN:22,(anonymous_2)
FNF:3
FNH:0
FNDA:0,(anonymous_0)
FNDA:0,(anonymous_1)
FNDA:0,(anonymous_2)
DA:3,3
DA:5,3
DA:10,0
DA:17,0
DA:18,0
DA:23,0
DA:29,3
DA:30,3
LF:8
LH:4
BRF:0
BRH:0
end_of_record
TN:
SF:src\repositories\dao\travelplanmember.repository.ts
FN:13,(anonymous_0)
FN:24,(anonymous_1)
FN:31,(anonymous_2)
FN:44,(anonymous_3)
FNF:4
FNH:0
FNDA:0,(anonymous_0)
FNDA:0,(anonymous_1)
FNDA:0,(anonymous_2)
FNDA:0,(anonymous_3)
DA:3,7
DA:8,7
DA:14,0
DA:21,0
DA:25,0
DA:28,0
DA:32,0
DA:41,0
DA:45,0
DA:49,0
DA:53,7
DA:54,7
LF:12
LH:4
BRF:0
BRH:0
end_of_record
TN:
SF:src\repositories\dao\travelplanmessage.repository.ts
FN:13,(anonymous_0)
FN:24,(anonymous_1)
FNF:2
FNH:0
FNDA:0,(anonymous_0)
FNDA:0,(anonymous_1)
DA:3,3
DA:9,3
DA:14,0
DA:21,0
DA:25,0
DA:30,0
DA:34,3
DA:35,3
LF:8
LH:4
BRF:0
BRH:0
end_of_record
TN:
SF:src\repositories\dao\user.respository.ts
FN:15,(anonymous_0)
FN:27,(anonymous_1)
FN:35,(anonymous_2)
FN:47,(anonymous_3)
FN:56,(anonymous_4)
FNF:5
FNH:0
FNDA:0,(anonymous_0)
FNDA:0,(anonymous_1)
FNDA:0,(anonymous_2)
FNDA:0,(anonymous_3)
FNDA:0,(anonymous_4)
DA:6,14
DA:10,14
DA:16,0
DA:18,0
DA:24,0
DA:28,0
DA:32,0
DA:36,0
DA:44,0
DA:48,0
DA:53,0
DA:57,0
DA:61,0
DA:67,14
DA:68,14
LF:15
LH:4
BRF:0
BRH:0
end_of_record
TN:
SF:src\repositories\dao\wishlist.repository.ts
FN:11,(anonymous_0)
FN:27,(anonymous_1)
FN:34,(anonymous_2)
FN:43,(anonymous_3)
FN:62,(anonymous_4)
FN:68,(anonymous_5)
FN:75,(anonymous_6)
FN:87,(anonymous_7)
FNF:8
FNH:0
FNDA:0,(anonymous_0)
FNDA:0,(anonymous_1)
FNDA:0,(anonymous_2)
FNDA:0,(anonymous_3)
FNDA:0,(anonymous_4)
FNDA:0,(anonymous_5)
FNDA:0,(anonymous_6)
FNDA:0,(anonymous_7)
DA:4,4
DA:8,4
DA:12,0
DA:24,0
DA:28,0
DA:29,0
DA:31,0
DA:35,0
DA:40,0
DA:44,0
DA:59,0
DA:63,0
DA:65,0
DA:69,0
DA:70,0
DA:72,0
DA:76,0
DA:83,0
DA:89,0
DA:104,0
DA:109,4
DA:110,4
LF:22
LH:4
BRF:0
BRH:0
end_of_record
TN:
SF:src\routes\accommodation.route.ts
FNF:0
FNH:0
DA:1,1
DA:2,1
DA:3,1
DA:4,1
DA:6,1
DA:8,1
DA:9,1
DA:10,1
DA:11,1
LF:9
LH:9
BRF:0
BRH:0
end_of_record
TN:
SF:src\routes\auth.route.ts
FNF:0
FNH:0
DA:1,1
DA:2,1
DA:3,1
DA:4,1
DA:5,1
DA:7,1
DA:9,1
DA:10,1
DA:11,1
DA:12,1
LF:10
LH:10
BRF:0
BRH:0
end_of_record
TN:
SF:src\routes\matchmaker.route.ts
FN:7,(anonymous_0)
FNF:1
FNH:0
FNDA:0,(anonymous_0)
DA:5,0
DA:7,0
DA:8,0
LF:3
LH:0
BRF:0
BRH:0
end_of_record
TN:
SF:src\routes\notification.route.ts
FNF:0
FNH:0
DA:1,1
DA:2,1
DA:3,1
DA:6,1
DA:9,1
DA:10,1
DA:11,1
DA:12,1
LF:8
LH:8
BRF:0
BRH:0
end_of_record
TN:
SF:src\routes\place.route.ts
FNF:0
FNH:0
DA:1,1
DA:2,1
DA:3,1
DA:4,1
DA:6,1
DA:8,1
DA:9,1
DA:10,1
DA:11,1
LF:9
LH:9
BRF:0
BRH:0
end_of_record
TN:
SF:src\routes\post.route.ts
FNF:0
FNH:0
DA:1,1
DA:3,1
DA:4,1
DA:5,1
DA:6,1
DA:7,1
DA:10,1
DA:11,1
DA:12,1
DA:13,1
DA:14,1
DA:17,1
DA:18,1
LF:13
LH:13
BRF:0
BRH:0
end_of_record
TN:
SF:src\routes\proximity.route.ts
FNF:0
FNH:0
DA:1,1
DA:2,1
DA:3,1
DA:5,1
DA:7,1
DA:8,1
DA:9,1
DA:10,1
DA:11,1
LF:9
LH:9
BRF:0
BRH:0
end_of_record
TN:
SF:src\routes\restaurant.route.ts
FNF:0
FNH:0
DA:1,1
DA:2,1
DA:3,1
DA:4,1
DA:6,1
DA:8,1
DA:9,1
DA:10,1
DA:11,1
LF:9
LH:9
BRF:0
BRH:0
end_of_record
TN:
SF:src\routes\transport.route.ts
FNF:0
FNH:0
DA:1,1
DA:2,1
DA:3,1
DA:4,1
DA:6,1
DA:8,1
DA:9,1
DA:10,1
DA:11,1
LF:9
LH:9
BRF:0
BRH:0
end_of_record
TN:
SF:src\routes\travelplan.route.ts
FNF:0
FNH:0
DA:1,1
DA:2,1
DA:3,1
DA:4,1
DA:5,1
DA:6,1
DA:8,1
DA:9,1
DA:10,1
DA:11,1
DA:12,1
DA:15,1
DA:16,1
DA:17,1
DA:21,1
DA:22,1
LF:16
LH:16
BRF:0
BRH:0
end_of_record
TN:
SF:src\routes\user.route.ts
FNF:0
FNH:0
DA:1,1
DA:3,1
DA:4,1
DA:6,1
DA:7,1
DA:8,1
DA:9,1
DA:10,1
DA:11,1
DA:13,1
DA:15,1
DA:16,1
DA:17,1
DA:18,1
DA:19,1
DA:21,1
DA:22,1
DA:23,1
DA:24,1
LF:19
LH:19
BRF:0
BRH:0
end_of_record
TN:
SF:src\routes\wishlist.route.ts
FNF:0
FNH:0
DA:1,1
DA:2,1
DA:3,1
DA:4,1
DA:5,1
DA:8,1
DA:9,1
DA:10,1
DA:11,1
DA:12,1
DA:13,1
DA:14,1
DA:15,1
DA:16,1
LF:14
LH:14
BRF:0
BRH:0
end_of_record
TN:
SF:src\seeds\adminseed.ts
FN:5,seed
FNF:1
FNH:0
FNDA:0,seed
DA:7,0
DA:11,0
DA:12,0
DA:13,0
DA:16,0
DA:18,0
DA:30,0
LF:7
LH:0
BRDA:11,0,0,0
BRDA:11,0,1,0
BRF:2
BRH:0
end_of_record
TN:
SF:src\services\accommodation.service.ts
FN:6,(anonymous_1)
FN:11,(anonymous_2)
FN:13,(anonymous_3)
FN:16,(anonymous_4)
FN:21,(anonymous_5)
FN:26,(anonymous_6)
FN:28,(anonymous_7)
FNF:7
FNH:7
FNDA:1,(anonymous_1)
FNDA:2,(anonymous_2)
FNDA:1,(anonymous_3)
FNDA:1,(anonymous_4)
FNDA:1,(anonymous_5)
FNDA:2,(anonymous_6)
FNDA:1,(anonymous_7)
DA:2,3
DA:3,3
DA:6,3
DA:7,1
DA:8,1
DA:11,3
DA:12,2
DA:13,2
DA:16,3
DA:17,1
DA:18,1
DA:21,3
DA:22,1
DA:23,1
DA:26,3
DA:27,2
DA:28,2
LF:17
LH:17
BRF:0
BRH:0
end_of_record
TN:
SF:src\services\auth.service.ts
FN:16,(anonymous_1)
FN:47,(anonymous_2)
FN:79,(anonymous_3)
FN:86,(anonymous_4)
FNF:4
FNH:4
FNDA:3,(anonymous_1)
FNDA:4,(anonymous_2)
FNDA:1,(anonymous_3)
FNDA:3,(anonymous_4)
DA:1,3
DA:2,3
DA:5,3
DA:8,3
DA:10,3
DA:11,3
DA:12,3
DA:14,3
DA:16,3
DA:17,3
DA:19,3
DA:21,3
DA:23,1
DA:26,2
DA:28,2
DA:30,1
DA:33,1
DA:35,1
DA:37,1
DA:38,1
DA:40,1
DA:41,1
DA:43,1
DA:47,3
DA:48,4
DA:50,4
DA:52,1
DA:55,3
DA:57,3
DA:59,1
DA:62,2
DA:63,2
DA:66,2
DA:67,2
DA:68,2
DA:70,1
DA:74,1
DA:76,2
DA:79,3
DA:80,1
DA:81,1
DA:82,1
DA:83,1
DA:86,3
DA:87,3
DA:88,3
DA:90,3
DA:92,1
DA:95,2
DA:96,2
DA:98,1
DA:101,1
DA:102,1
LF:53
LH:53
BRDA:21,0,0,1
BRDA:21,0,1,2
BRDA:28,1,0,1
BRDA:28,1,1,1
BRDA:50,2,0,1
BRDA:50,2,1,3
BRDA:57,3,0,1
BRDA:57,3,1,2
BRDA:68,4,0,1
BRDA:68,4,1,1
BRDA:90,5,0,1
BRDA:90,5,1,2
BRDA:96,6,0,1
BRDA:96,6,1,1
BRF:14
BRH:14
end_of_record
TN:
SF:src\services\notification.service.ts
FN:5,(anonymous_1)
FN:11,(anonymous_2)
FN:14,(anonymous_3)
FN:17,(anonymous_4)
FN:23,(anonymous_5)
FN:28,(anonymous_6)
FNF:6
FNH:6
FNDA:1,(anonymous_1)
FNDA:2,(anonymous_2)
FNDA:1,(anonymous_3)
FNDA:1,(anonymous_4)
FNDA:1,(anonymous_5)
FNDA:2,(anonymous_6)
DA:1,3
DA:2,3
DA:5,3
DA:6,1
DA:8,1
DA:11,3
DA:12,2
DA:14,2
DA:17,3
DA:18,1
DA:20,1
DA:23,3
DA:24,1
DA:25,1
DA:28,3
DA:29,2
DA:31,2
LF:17
LH:17
BRF:0
BRH:0
end_of_record
TN:
SF:src\services\place.service.ts
FN:7,(anonymous_1)
FN:12,(anonymous_2)
FN:14,(anonymous_3)
FN:17,(anonymous_4)
FN:28,(anonymous_5)
FN:33,(anonymous_6)
FN:35,(anonymous_7)
FNF:7
FNH:7
FNDA:1,(anonymous_1)
FNDA:2,(anonymous_2)
FNDA:1,(anonymous_3)
FNDA:2,(anonymous_4)
FNDA:1,(anonymous_5)
FNDA:2,(anonymous_6)
FNDA:1,(anonymous_7)
DA:2,4
DA:3,4
DA:7,4
DA:8,1
DA:9,1
DA:12,4
DA:13,2
DA:14,2
DA:17,4
DA:18,2
DA:24,2
DA:25,1
DA:28,4
DA:29,1
DA:30,1
DA:33,4
DA:34,2
DA:35,2
LF:18
LH:18
BRDA:24,0,0,1
BRDA:24,0,1,1
BRF:2
BRH:2
end_of_record
TN:
SF:src\services\post.service.ts
FN:38,(anonymous_1)
FN:186,(anonymous_2)
FN:192,(anonymous_3)
FN:210,(anonymous_4)
FN:211,(anonymous_5)
FN:212,(anonymous_6)
FN:227,(anonymous_7)
FN:228,(anonymous_8)
FN:232,(anonymous_9)
FN:233,(anonymous_10)
FN:237,(anonymous_11)
FN:238,(anonymous_12)
FN:258,(anonymous_13)
FN:263,(anonymous_14)
FN:286,(anonymous_15)
FN:287,(anonymous_16)
FN:288,(anonymous_17)
FN:305,(anonymous_18)
FN:306,(anonymous_19)
FN:310,(anonymous_20)
FN:311,(anonymous_21)
FN:315,(anonymous_22)
FN:316,(anonymous_23)
FN:338,(anonymous_24)
FN:437,(anonymous_25)
FN:452,(anonymous_26)
FN:456,(anonymous_27)
FN:475,(anonymous_28)
FN:476,(anonymous_29)
FN:477,(anonymous_30)
FN:494,(anonymous_31)
FN:495,(anonymous_32)
FN:499,(anonymous_33)
FN:500,(anonymous_34)
FN:504,(anonymous_35)
FN:505,(anonymous_36)
FN:524,(anonymous_37)
FN:528,(anonymous_38)
FN:533,(anonymous_39)
FN:537,(anonymous_40)
FNF:40
FNH:40
FNDA:2,(anonymous_1)
FNDA:2,(anonymous_2)
FNDA:1,(anonymous_3)
FNDA:1,(anonymous_4)
FNDA:1,(anonymous_5)
FNDA:1,(anonymous_6)
FNDA:1,(anonymous_7)
FNDA:1,(anonymous_8)
FNDA:1,(anonymous_9)
FNDA:1,(anonymous_10)
FNDA:1,(anonymous_11)
FNDA:1,(anonymous_12)
FNDA:1,(anonymous_13)
FNDA:3,(anonymous_14)
FNDA:2,(anonymous_15)
FNDA:2,(anonymous_16)
FNDA:2,(anonymous_17)
FNDA:2,(anonymous_18)
FNDA:2,(anonymous_19)
FNDA:2,(anonymous_20)
FNDA:2,(anonymous_21)
FNDA:2,(anonymous_22)
FNDA:2,(anonymous_23)
FNDA:3,(anonymous_24)
FNDA:3,(anonymous_25)
FNDA:2,(anonymous_26)
FNDA:1,(anonymous_27)
FNDA:1,(anonymous_28)
FNDA:1,(anonymous_29)
FNDA:1,(anonymous_30)
FNDA:1,(anonymous_31)
FNDA:1,(anonymous_32)
FNDA:1,(anonymous_33)
FNDA:1,(anonymous_34)
FNDA:1,(anonymous_35)
FNDA:1,(anonymous_36)
FNDA:2,(anonymous_37)
FNDA:1,(anonymous_38)
FNDA:1,(anonymous_39)
FNDA:2,(anonymous_40)
DA:5,3
DA:7,3
DA:8,3
DA:9,3
DA:10,3
DA:11,3
DA:12,3
DA:15,3
DA:16,3
DA:22,3
DA:24,3
DA:25,3
DA:26,3
DA:30,3
DA:33,3
DA:38,3
DA:39,2
DA:41,2
DA:43,2
DA:46,2
DA:47,2
DA:51,2
DA:52,0
DA:61,2
DA:67,2
DA:69,2
DA:80,2
DA:81,2
DA:82,2
DA:86,2
DA:87,0
DA:96,2
DA:101,2
DA:103,2
DA:114,2
DA:116,2
DA:117,2
DA:119,2
DA:120,0
DA:129,2
DA:135,2
DA:137,2
DA:149,2
DA:151,2
DA:152,2
DA:162,2
DA:164,2
DA:165,2
DA:174,2
DA:175,2
DA:177,1
DA:181,1
DA:183,2
DA:186,3
DA:187,2
DA:189,2
DA:191,2
DA:193,1
DA:201,1
DA:210,1
DA:211,1
DA:212,1
DA:220,1
DA:227,1
DA:228,1
DA:229,1
DA:232,1
DA:233,1
DA:234,1
DA:237,1
DA:238,1
DA:239,1
DA:247,1
DA:258,2
DA:263,3
DA:264,3
DA:266,3
DA:268,1
DA:277,2
DA:286,2
DA:287,2
DA:288,2
DA:297,2
DA:305,2
DA:306,2
DA:307,2
DA:310,2
DA:311,2
DA:312,2
DA:315,2
DA:316,2
DA:317,2
DA:325,2
DA:334,2
DA:338,3
DA:340,3
DA:341,3
DA:343,1
DA:346,2
DA:348,1
DA:350,1
DA:352,1
DA:353,1
DA:354,1
DA:359,1
DA:360,1
DA:372,1
DA:373,1
DA:374,1
DA:379,1
DA:380,1
DA:394,1
DA:395,1
DA:396,1
DA:398,1
DA:399,1
DA:411,1
DA:413,1
DA:414,1
DA:425,1
DA:426,1
DA:427,1
DA:428,1
DA:432,1
DA:437,3
DA:438,3
DA:439,3
DA:441,1
DA:444,2
DA:446,1
DA:448,1
DA:449,1
DA:452,3
DA:453,2
DA:455,2
DA:457,1
DA:465,1
DA:475,1
DA:476,1
DA:477,1
DA:486,1
DA:494,1
DA:495,1
DA:496,1
DA:499,1
DA:500,1
DA:501,1
DA:504,1
DA:505,1
DA:506,1
DA:510,1
DA:520,2
DA:524,3
DA:525,2
DA:526,2
DA:527,2
DA:529,1
DA:533,2
DA:537,3
DA:539,2
DA:541,2
DA:544,1
DA:545,1
DA:549,1
DA:550,1
DA:553,2
LF:166
LH:163
BRDA:43,0,0,2
BRDA:43,0,1,0
BRDA:51,1,0,0
BRDA:51,1,1,2
BRDA:80,2,0,2
BRDA:80,2,1,0
BRDA:86,3,0,0
BRDA:86,3,1,2
BRDA:114,4,0,2
BRDA:114,4,1,0
BRDA:119,5,0,0
BRDA:119,5,1,2
BRDA:149,6,0,2
BRDA:149,6,1,0
BRDA:162,7,0,2
BRDA:162,7,1,0
BRDA:175,8,0,1
BRDA:175,8,1,1
BRDA:221,9,0,1
BRDA:221,9,1,0
BRDA:222,10,0,1
BRDA:222,10,1,0
BRDA:223,11,0,1
BRDA:223,11,1,0
BRDA:229,12,0,1
BRDA:229,12,1,0
BRDA:234,13,0,1
BRDA:234,13,1,0
BRDA:239,14,0,1
BRDA:239,14,1,0
BRDA:266,15,0,1
BRDA:266,15,1,2
BRDA:298,16,0,2
BRDA:298,16,1,0
BRDA:299,17,0,2
BRDA:299,17,1,0
BRDA:300,18,0,2
BRDA:300,18,1,0
BRDA:307,19,0,2
BRDA:307,19,1,0
BRDA:312,20,0,2
BRDA:312,20,1,0
BRDA:317,21,0,2
BRDA:317,21,1,0
BRDA:341,22,0,1
BRDA:341,22,1,2
BRDA:346,23,0,1
BRDA:346,23,1,1
BRDA:352,24,0,1
BRDA:352,24,1,0
BRDA:359,25,0,1
BRDA:359,25,1,0
BRDA:372,26,0,1
BRDA:372,26,1,0
BRDA:379,27,0,1
BRDA:379,27,1,0
BRDA:394,28,0,1
BRDA:394,28,1,0
BRDA:398,29,0,1
BRDA:398,29,1,0
BRDA:411,30,0,1
BRDA:411,30,1,0
BRDA:425,31,0,1
BRDA:425,31,1,0
BRDA:439,32,0,1
BRDA:439,32,1,2
BRDA:444,33,0,1
BRDA:444,33,1,1
BRDA:487,34,0,1
BRDA:487,34,1,0
BRDA:488,35,0,1
BRDA:488,35,1,0
BRDA:489,36,0,1
BRDA:489,36,1,0
BRDA:496,37,0,1
BRDA:496,37,1,0
BRDA:501,38,0,1
BRDA:501,38,1,0
BRDA:506,39,0,1
BRDA:506,39,1,0
BRDA:541,40,0,1
BRDA:541,40,1,1
BRF:82
BRH:48
end_of_record
TN:
SF:src\services\proximity.service.ts
FN:6,(anonymous_1)
FN:11,(anonymous_2)
FN:13,(anonymous_3)
FN:17,(anonymous_4)
FN:23,(anonymous_5)
FN:28,(anonymous_6)
FNF:6
FNH:6
FNDA:1,(anonymous_1)
FNDA:2,(anonymous_2)
FNDA:1,(anonymous_3)
FNDA:1,(anonymous_4)
FNDA:2,(anonymous_5)
FNDA:2,(anonymous_6)
DA:1,3
DA:2,3
DA:6,3
DA:7,1
DA:8,1
DA:11,3
DA:12,2
DA:13,2
DA:17,3
DA:18,1
DA:19,1
DA:23,3
DA:24,2
DA:25,2
DA:28,3
DA:29,2
DA:30,2
LF:17
LH:17
BRF:0
BRH:0
end_of_record
TN:
SF:src\services\restaurant.service.ts
FN:6,(anonymous_1)
FN:11,(anonymous_2)
FN:13,(anonymous_3)
FN:16,(anonymous_4)
FN:21,(anonymous_5)
FN:26,(anonymous_6)
FN:28,(anonymous_7)
FNF:7
FNH:7
FNDA:1,(anonymous_1)
FNDA:2,(anonymous_2)
FNDA:1,(anonymous_3)
FNDA:1,(anonymous_4)
FNDA:1,(anonymous_5)
FNDA:2,(anonymous_6)
FNDA:1,(anonymous_7)
DA:2,3
DA:3,3
DA:6,3
DA:7,1
DA:8,1
DA:11,3
DA:12,2
DA:13,2
DA:16,3
DA:17,1
DA:18,1
DA:21,3
DA:22,1
DA:23,1
DA:26,3
DA:27,2
DA:28,2
LF:17
LH:17
BRF:0
BRH:0
end_of_record
TN:
SF:src\services\transport.service.ts
FN:6,(anonymous_1)
FN:11,(anonymous_2)
FN:13,(anonymous_3)
FN:16,(anonymous_4)
FN:21,(anonymous_5)
FN:26,(anonymous_6)
FN:28,(anonymous_7)
FNF:7
FNH:7
FNDA:1,(anonymous_1)
FNDA:2,(anonymous_2)
FNDA:1,(anonymous_3)
FNDA:1,(anonymous_4)
FNDA:1,(anonymous_5)
FNDA:1,(anonymous_6)
FNDA:1,(anonymous_7)
DA:2,3
DA:3,3
DA:6,3
DA:7,1
DA:8,1
DA:11,3
DA:12,2
DA:13,2
DA:16,3
DA:17,1
DA:18,1
DA:21,3
DA:22,1
DA:23,1
DA:26,3
DA:27,1
DA:28,1
LF:17
LH:17
BRF:0
BRH:0
end_of_record
TN:
SF:src\services\travelplan.service.ts
FN:19,(anonymous_1)
FN:135,(anonymous_2)
FN:141,(anonymous_3)
FN:157,(anonymous_4)
FN:158,(anonymous_5)
FN:159,(anonymous_6)
FN:175,(anonymous_7)
FN:176,(anonymous_8)
FN:180,(anonymous_9)
FN:181,(anonymous_10)
FN:185,(anonymous_11)
FN:186,(anonymous_12)
FN:200,(anonymous_13)
FN:204,(anonymous_14)
FN:225,(anonymous_15)
FN:226,(anonymous_16)
FN:227,(anonymous_17)
FN:243,(anonymous_18)
FN:244,(anonymous_19)
FN:248,(anonymous_20)
FN:249,(anonymous_21)
FN:253,(anonymous_22)
FN:254,(anonymous_23)
FN:270,(anonymous_24)
FN:338,(anonymous_25)
FN:356,(anonymous_26)
FN:360,(anonymous_27)
FN:376,(anonymous_28)
FN:377,(anonymous_29)
FN:378,(anonymous_30)
FN:394,(anonymous_31)
FN:395,(anonymous_32)
FN:399,(anonymous_33)
FN:400,(anonymous_34)
FN:404,(anonymous_35)
FN:405,(anonymous_36)
FN:419,(anonymous_37)
FNF:37
FNH:37
FNDA:4,(anonymous_1)
FNDA:2,(anonymous_2)
FNDA:1,(anonymous_3)
FNDA:1,(anonymous_4)
FNDA:1,(anonymous_5)
FNDA:1,(anonymous_6)
FNDA:1,(anonymous_7)
FNDA:1,(anonymous_8)
FNDA:1,(anonymous_9)
FNDA:1,(anonymous_10)
FNDA:1,(anonymous_11)
FNDA:1,(anonymous_12)
FNDA:1,(anonymous_13)
FNDA:2,(anonymous_14)
FNDA:1,(anonymous_15)
FNDA:1,(anonymous_16)
FNDA:1,(anonymous_17)
FNDA:1,(anonymous_18)
FNDA:1,(anonymous_19)
FNDA:1,(anonymous_20)
FNDA:1,(anonymous_21)
FNDA:1,(anonymous_22)
FNDA:1,(anonymous_23)
FNDA:3,(anonymous_24)
FNDA:3,(anonymous_25)
FNDA:2,(anonymous_26)
FNDA:1,(anonymous_27)
FNDA:1,(anonymous_28)
FNDA:1,(anonymous_29)
FNDA:1,(anonymous_30)
FNDA:1,(anonymous_31)
FNDA:1,(anonymous_32)
FNDA:1,(anonymous_33)
FNDA:1,(anonymous_34)
FNDA:1,(anonymous_35)
FNDA:1,(anonymous_36)
FNDA:1,(anonymous_37)
DA:1,3
DA:2,3
DA:4,3
DA:5,3
DA:6,3
DA:7,3
DA:8,3
DA:9,3
DA:10,3
DA:14,3
DA:19,3
DA:21,4
DA:23,4
DA:24,4
DA:26,4
DA:29,4
DA:30,4
DA:34,4
DA:35,3
DA:41,1
DA:47,1
DA:49,1
DA:59,4
DA:60,4
DA:61,4
DA:65,4
DA:66,3
DA:72,1
DA:77,1
DA:79,1
DA:88,4
DA:90,4
DA:91,4
DA:93,4
DA:94,3
DA:101,1
DA:107,1
DA:109,1
DA:119,4
DA:124,4
DA:126,4
DA:128,1
DA:131,3
DA:135,3
DA:136,2
DA:138,2
DA:140,2
DA:142,1
DA:149,1
DA:157,1
DA:158,1
DA:159,1
DA:167,1
DA:175,1
DA:176,1
DA:177,1
DA:180,1
DA:181,1
DA:182,1
DA:185,1
DA:186,1
DA:187,1
DA:191,1
DA:200,2
DA:204,3
DA:205,2
DA:207,2
DA:209,1
DA:217,1
DA:225,1
DA:226,1
DA:227,1
DA:235,1
DA:243,1
DA:244,1
DA:245,1
DA:248,1
DA:249,1
DA:250,1
DA:253,1
DA:254,1
DA:255,1
DA:259,1
DA:266,1
DA:270,3
DA:271,3
DA:273,3
DA:275,1
DA:279,2
DA:280,2
DA:282,1
DA:284,1
DA:286,1
DA:287,1
DA:288,1
DA:293,1
DA:294,1
DA:303,1
DA:304,1
DA:305,1
DA:310,1
DA:311,1
DA:321,1
DA:322,1
DA:323,1
DA:325,1
DA:326,1
DA:335,1
DA:338,3
DA:339,3
DA:341,3
DA:343,1
DA:346,2
DA:347,2
DA:349,1
DA:351,1
DA:352,1
DA:356,3
DA:357,2
DA:359,2
DA:361,1
DA:368,1
DA:376,1
DA:377,1
DA:378,1
DA:386,1
DA:394,1
DA:395,1
DA:396,1
DA:399,1
DA:400,1
DA:401,1
DA:404,1
DA:405,1
DA:406,1
DA:410,1
DA:419,2
LF:137
LH:137
BRDA:26,0,0,4
BRDA:26,0,1,0
BRDA:34,1,0,3
BRDA:34,1,1,1
BRDA:59,2,0,4
BRDA:59,2,1,0
BRDA:65,3,0,3
BRDA:65,3,1,1
BRDA:88,4,0,4
BRDA:88,4,1,0
BRDA:93,5,0,3
BRDA:93,5,1,1
BRDA:126,6,0,1
BRDA:126,6,1,3
BRDA:168,7,0,1
BRDA:168,7,1,0
BRDA:169,8,0,1
BRDA:169,8,1,0
BRDA:170,9,0,1
BRDA:170,9,1,0
BRDA:177,10,0,1
BRDA:177,10,1,0
BRDA:182,11,0,1
BRDA:182,11,1,0
BRDA:187,12,0,1
BRDA:187,12,1,0
BRDA:207,13,0,1
BRDA:207,13,1,1
BRDA:236,14,0,1
BRDA:236,14,1,0
BRDA:237,15,0,1
BRDA:237,15,1,0
BRDA:238,16,0,1
BRDA:238,16,1,0
BRDA:245,17,0,1
BRDA:245,17,1,0
BRDA:250,18,0,1
BRDA:250,18,1,0
BRDA:255,19,0,1
BRDA:255,19,1,0
BRDA:273,20,0,1
BRDA:273,20,1,2
BRDA:280,21,0,1
BRDA:280,21,1,1
BRDA:280,22,0,2
BRDA:280,22,1,1
BRDA:286,23,0,1
BRDA:286,23,1,0
BRDA:293,24,0,1
BRDA:293,24,1,0
BRDA:303,25,0,1
BRDA:303,25,1,0
BRDA:310,26,0,1
BRDA:310,26,1,0
BRDA:321,27,0,1
BRDA:321,27,1,0
BRDA:325,28,0,1
BRDA:325,28,1,0
BRDA:341,29,0,1
BRDA:341,29,1,2
BRDA:347,30,0,1
BRDA:347,30,1,1
BRDA:347,31,0,2
BRDA:347,31,1,2
BRDA:387,32,0,1
BRDA:387,32,1,0
BRDA:388,33,0,1
BRDA:388,33,1,0
BRDA:389,34,0,1
BRDA:389,34,1,0
BRDA:396,35,0,1
BRDA:396,35,1,0
BRDA:401,36,0,1
BRDA:401,36,1,0
BRDA:406,37,0,1
BRDA:406,37,1,0
BRF:76
BRH:49
end_of_record
TN:
SF:src\services\travelplancomment.service.ts
FN:8,(anonymous_1)
FN:19,(anonymous_2)
FN:22,(anonymous_3)
FNF:3
FNH:3
FNDA:2,(anonymous_1)
FNDA:1,(anonymous_2)
FNDA:1,(anonymous_3)
DA:1,3
DA:4,3
DA:5,3
DA:6,3
DA:8,3
DA:9,2
DA:10,2
DA:12,1
DA:14,1
DA:16,1
DA:19,3
DA:20,1
DA:22,1
LF:13
LH:13
BRDA:10,0,0,1
BRDA:10,0,1,1
BRF:2
BRH:2
end_of_record
TN:
SF:src\services\travelplanmember.service.ts
FN:8,(anonymous_1)
FN:13,(anonymous_2)
FN:22,(anonymous_3)
FN:25,(anonymous_4)
FNF:4
FNH:4
FNDA:1,(anonymous_1)
FNDA:1,(anonymous_2)
FNDA:1,(anonymous_3)
FNDA:2,(anonymous_4)
DA:1,3
DA:2,3
DA:3,3
DA:6,3
DA:8,3
DA:9,1
DA:10,1
DA:13,3
DA:14,1
DA:15,1
DA:17,1
DA:18,1
DA:19,1
DA:22,1
DA:25,3
DA:26,2
DA:27,2
DA:29,1
DA:31,1
DA:32,1
LF:20
LH:20
BRDA:27,0,0,1
BRDA:27,0,1,1
BRDA:27,1,0,2
BRDA:27,1,1,2
BRF:4
BRH:4
end_of_record
TN:
SF:src\services\user.service.ts
FN:13,getAllUsers
FN:15,(anonymous_2)
FN:18,getUserByUsername
FN:23,updateUser
FN:39,deleteUser
FN:53,getUserByUserID
FNF:6
FNH:6
FNDA:1,getAllUsers
FNDA:1,(anonymous_2)
FNDA:1,getUserByUsername
FNDA:2,updateUser
FNDA:3,deleteUser
FNDA:1,getUserByUserID
DA:1,9
DA:5,9
DA:8,9
DA:10,9
DA:13,9
DA:14,1
DA:15,1
DA:18,9
DA:19,1
DA:20,1
DA:23,9
DA:24,2
DA:25,2
DA:26,1
DA:29,1
DA:31,1
DA:32,1
DA:34,1
DA:36,1
DA:39,9
DA:40,3
DA:41,3
DA:42,1
DA:44,2
DA:45,2
DA:46,1
DA:48,1
DA:49,1
DA:53,9
DA:54,1
DA:55,1
LF:31
LH:31
BRDA:25,0,0,1
BRDA:25,0,1,1
BRDA:29,1,0,1
BRDA:29,1,1,0
BRDA:41,2,0,1
BRDA:41,2,1,2
BRDA:45,3,0,1
BRDA:45,3,1,1
BRF:8
BRH:7
end_of_record
TN:
SF:src\services\wishlist.service.ts
FN:12,(anonymous_1)
FN:18,(anonymous_2)
FN:27,(anonymous_3)
FN:39,(anonymous_4)
FN:45,(anonymous_5)
FN:59,(anonymous_6)
FN:62,(anonymous_7)
FN:91,(anonymous_8)
FN:107,(anonymous_9)
FN:124,(anonymous_10)
FN:132,(anonymous_11)
FN:135,(anonymous_12)
FN:143,(anonymous_13)
FNF:13
FNH:13
FNDA:1,(anonymous_1)
FNDA:3,(anonymous_2)
FNDA:1,(anonymous_3)
FNDA:1,(anonymous_4)
FNDA:1,(anonymous_5)
FNDA:1,(anonymous_6)
FNDA:3,(anonymous_7)
FNDA:2,(anonymous_8)
FNDA:2,(anonymous_9)
FNDA:2,(anonymous_10)
FNDA:1,(anonymous_11)
FNDA:1,(anonymous_12)
FNDA:2,(anonymous_13)
DA:2,4
DA:3,4
DA:4,4
DA:7,4
DA:9,4
DA:10,4
DA:12,4
DA:13,1
DA:15,1
DA:18,4
DA:19,3
DA:21,3
DA:23,2
DA:27,1
DA:28,1
DA:30,1
DA:31,1
DA:34,1
DA:36,1
DA:38,1
DA:39,1
DA:40,1
DA:41,1
DA:45,1
DA:46,1
DA:47,1
DA:48,1
DA:49,1
DA:57,0
DA:59,1
DA:62,4
DA:63,3
DA:65,3
DA:67,1
DA:70,2
DA:72,1
DA:75,1
DA:76,1
DA:77,1
DA:78,1
DA:80,1
DA:81,1
DA:82,1
DA:88,1
DA:91,4
DA:92,2
DA:93,2
DA:95,0
DA:98,2
DA:100,1
DA:102,1
DA:104,1
DA:107,4
DA:108,2
DA:109,2
DA:111,0
DA:114,2
DA:116,1
DA:119,1
DA:121,1
DA:124,4
DA:125,2
DA:127,2
DA:129,1
DA:132,1
DA:135,4
DA:136,1
DA:138,1
DA:143,4
DA:144,2
DA:146,2
DA:148,1
DA:152,1
LF:73
LH:70
BRDA:21,0,0,2
BRDA:21,0,1,1
BRDA:21,1,0,3
BRDA:21,1,1,3
BRDA:36,2,0,1
BRDA:36,2,1,0
BRDA:46,3,0,1
BRDA:46,3,1,0
BRDA:48,4,0,1
BRDA:48,4,1,0
BRDA:65,5,0,1
BRDA:65,5,1,2
BRDA:70,6,0,1
BRDA:70,6,1,1
BRDA:75,7,0,1
BRDA:75,7,1,0
BRDA:80,8,0,1
BRDA:80,8,1,0
BRDA:93,9,0,0
BRDA:93,9,1,2
BRDA:98,10,0,1
BRDA:98,10,1,1
BRDA:109,11,0,0
BRDA:109,11,1,2
BRDA:114,12,0,1
BRDA:114,12,1,1
BRDA:127,13,0,1
BRDA:127,13,1,1
BRDA:127,14,0,2
BRDA:127,14,1,2
BRDA:146,15,0,1
BRDA:146,15,1,1
BRF:32
BRH:25
end_of_record
TN:
SF:src\utils\appError.ts
FN:4,(anonymous_0)
FNF:1
FNH:1
FNDA:47,(anonymous_0)
DA:1,24
DA:5,47
DA:6,47
LF:3
LH:3
BRDA:4,0,0,4
BRF:1
BRH:1
end_of_record
TN:
SF:src\utils\getDistance.ts
FN:1,getDistanceInKm
FN:3,(anonymous_1)
FNF:2
FNH:2
FNDA:7,getDistanceInKm
FNDA:28,(anonymous_1)
DA:1,3
DA:2,7
DA:3,28
DA:5,7
DA:6,7
DA:9,7
DA:13,7
DA:15,7
LF:8
LH:8
BRF:0
BRH:0
end_of_record
TN:
SF:src\utils\globalErrorHandler.ts
FN:4,(anonymous_0)
FNF:1
FNH:1
FNDA:3,(anonymous_0)
DA:2,2
DA:4,2
DA:5,3
DA:7,3
DA:8,3
DA:10,3
LF:6
LH:6
BRDA:7,0,0,3
BRDA:7,0,1,1
BRDA:7,0,2,2
BRDA:8,1,0,3
BRDA:8,1,1,1
BRF:5
BRH:5
end_of_record
TN:
SF:src\utils\jwt.ts
FN:15,(anonymous_1)
FN:23,(anonymous_2)
FN:31,(anonymous_3)
FN:35,(anonymous_4)
FNF:4
FNH:4
FNDA:1,(anonymous_1)
FNDA:1,(anonymous_2)
FNDA:2,(anonymous_3)
FNDA:2,(anonymous_4)
DA:2,5
DA:3,5
DA:5,5
DA:6,5
DA:15,5
DA:16,1
DA:23,5
DA:24,1
DA:31,5
DA:32,2
DA:35,5
DA:36,2
LF:12
LH:12
BRF:0
BRH:0
end_of_record
TN:
SF:src\utils\swagger.ts
FNF:0
FNH:0
DA:12,0
DA:13,0
DA:15,0
DA:17,0
LF:4
LH:0
BRF:0
BRH:0
end_of_record
TN:
SF:src\validations\schemas\accommodation.schema.ts
FN:11,(anonymous_0)
FN:24,(anonymous_1)
FNF:2
FNH:0
FNDA:0,(anonymous_0)
FNDA:0,(anonymous_1)
DA:1,1
DA:3,1
DA:11,0
DA:15,1
DA:24,0
LF:5
LH:3
BRF:0
BRH:0
end_of_record
TN:
SF:src\validations\schemas\auth.schema.ts
FNF:0
FNH:0
DA:1,1
DA:3,1
DA:9,1
LF:3
LH:3
BRF:0
BRH:0
end_of_record
TN:
SF:src\validations\schemas\notifcation.schema.ts
FNF:0
FNH:0
DA:3,0
LF:1
LH:0
BRF:0
BRH:0
end_of_record
TN:
SF:src\validations\schemas\pagination.schema.ts
FNF:0
FNH:0
DA:2,1
DA:4,1
LF:2
LH:2
BRF:0
BRH:0
end_of_record
TN:
SF:src\validations\schemas\place.schema.ts
FNF:0
FNH:0
DA:1,1
DA:3,1
DA:9,1
LF:3
LH:3
BRF:0
BRH:0
end_of_record
TN:
SF:src\validations\schemas\post.schema.ts
FNF:0
FNH:0
DA:1,1
DA:3,1
DA:13,1
DA:24,1
DA:39,1
DA:48,1
DA:55,1
DA:61,1
DA:78,1
LF:9
LH:9
BRF:0
BRH:0
end_of_record
TN:
SF:src\validations\schemas\proximity.schema.ts
FNF:0
FNH:0
DA:3,0
LF:1
LH:0
BRF:0
BRH:0
end_of_record
TN:
SF:src\validations\schemas\restaurant.schema.ts
FNF:0
FNH:0
DA:1,1
DA:3,1
DA:10,1
LF:3
LH:3
BRF:0
BRH:0
end_of_record
TN:
SF:src\validations\schemas\transport.schema.ts
FN:17,(anonymous_0)
FNF:1
FNH:0
FNDA:0,(anonymous_0)
DA:1,1
DA:3,1
DA:17,0
DA:57,1
LF:4
LH:3
BRF:0
BRH:0
end_of_record
TN:
SF:src\validations\schemas\travelplan.schema.ts
FNF:0
FNH:0
DA:4,0
DA:13,0
DA:26,0
DA:33,0
LF:4
LH:0
BRF:0
BRH:0
end_of_record
TN:
SF:src\validations\schemas\user.schema.ts
FN:17,(anonymous_0)
FNF:1
FNH:0
FNDA:0,(anonymous_0)
DA:1,1
DA:3,1
DA:17,0
LF:3
LH:2
BRF:0
BRH:0
end_of_record
TN:
SF:src\validations\schemas\wishlist.schema.ts
FNF:0
FNH:0
DA:1,1
DA:3,1
LF:2
LH:2
BRF:0
BRH:0
end_of_record
TN:
SF:src\validations\validationMiddlewares\accommodation.validation.ts
FN:5,(anonymous_0)
FN:19,(anonymous_1)
FNF:2
FNH:0
FNDA:0,(anonymous_0)
FNDA:0,(anonymous_1)
DA:3,1
DA:5,1
DA:6,0
DA:7,0
DA:8,0
DA:9,0
DA:12,0
DA:15,0
DA:19,1
DA:20,0
DA:21,0
DA:22,0
DA:23,0
DA:26,0
DA:29,0
LF:15
LH:3
BRDA:13,0,0,0
BRDA:13,0,1,0
BRDA:27,1,0,0
BRDA:27,1,1,0
BRF:4
BRH:0
end_of_record
TN:
SF:src\validations\validationMiddlewares\auth.validation.ts
FN:7,(anonymous_0)
FN:24,(anonymous_1)
FNF:2
FNH:0
FNDA:0,(anonymous_0)
FNDA:0,(anonymous_1)
DA:2,1
DA:3,1
DA:7,1
DA:8,0
DA:9,0
DA:10,0
DA:13,0
DA:14,0
DA:18,0
DA:20,0
DA:24,1
DA:25,0
DA:26,0
DA:27,0
DA:30,0
DA:31,0
DA:35,0
DA:37,0
LF:18
LH:4
BRDA:13,0,0,0
BRDA:13,0,1,0
BRDA:30,1,0,0
BRDA:30,1,1,0
BRF:4
BRH:0
end_of_record
TN:
SF:src\validations\validationMiddlewares\notification.validation.ts
FN:6,(anonymous_0)
FNF:1
FNH:0
FNDA:0,(anonymous_0)
DA:6,0
DA:7,0
DA:8,0
DA:10,0
DA:13,0
DA:16,0
LF:6
LH:0
BRDA:14,0,0,0
BRDA:14,0,1,0
BRF:2
BRH:0
end_of_record
TN:
SF:src\validations\validationMiddlewares\pagination.validation.ts
FN:5,(anonymous_0)
FNF:1
FNH:0
FNDA:0,(anonymous_0)
DA:2,1
DA:5,1
DA:6,0
DA:7,0
DA:9,0
DA:10,0
DA:11,0
DA:15,0
DA:16,0
LF:9
LH:2
BRDA:9,0,0,0
BRDA:9,0,1,0
BRDA:10,1,0,0
BRDA:10,1,1,0
BRDA:15,2,0,0
BRDA:15,2,1,0
BRF:6
BRH:0
end_of_record
TN:
SF:src\validations\validationMiddlewares\place.validation.ts
FN:5,(anonymous_0)
FN:18,(anonymous_1)
FNF:2
FNH:0
FNDA:0,(anonymous_0)
FNDA:0,(anonymous_1)
DA:3,1
DA:5,1
DA:6,0
DA:7,0
DA:8,0
DA:11,0
DA:14,0
DA:18,1
DA:19,0
DA:20,0
DA:21,0
DA:24,0
DA:27,0
LF:13
LH:3
BRDA:12,0,0,0
BRDA:12,0,1,0
BRDA:25,1,0,0
BRDA:25,1,1,0
BRF:4
BRH:0
end_of_record
TN:
SF:src\validations\validationMiddlewares\post.validation.ts
FN:5,(anonymous_0)
FN:18,(anonymous_1)
FNF:2
FNH:0
FNDA:0,(anonymous_0)
FNDA:0,(anonymous_1)
DA:2,1
DA:5,1
DA:6,0
DA:7,0
DA:8,0
DA:11,0
DA:14,0
DA:18,1
DA:19,0
DA:20,0
DA:21,0
DA:24,0
DA:27,0
LF:13
LH:3
BRDA:12,0,0,0
BRDA:12,0,1,0
BRDA:25,1,0,0
BRDA:25,1,1,0
BRF:4
BRH:0
end_of_record
TN:
SF:src\validations\validationMiddlewares\proximity.validation.ts
FN:5,(anonymous_0)
FNF:1
FNH:0
FNDA:0,(anonymous_0)
DA:5,0
DA:9,0
DA:10,0
DA:11,0
DA:12,0
DA:15,0
DA:18,0
LF:7
LH:0
BRDA:16,0,0,0
BRDA:16,0,1,0
BRF:2
BRH:0
end_of_record
TN:
SF:src\validations\validationMiddlewares\restaurant.validation.ts
FN:5,(anonymous_0)
FN:18,(anonymous_1)
FNF:2
FNH:0
FNDA:0,(anonymous_0)
FNDA:0,(anonymous_1)
DA:2,1
DA:5,1
DA:6,0
DA:7,0
DA:8,0
DA:11,0
DA:14,0
DA:18,1
DA:19,0
DA:20,0
DA:21,0
DA:24,0
DA:27,0
LF:13
LH:3
BRDA:12,0,0,0
BRDA:12,0,1,0
BRDA:25,1,0,0
BRDA:25,1,1,0
BRF:4
BRH:0
end_of_record
TN:
SF:src\validations\validationMiddlewares\transport.validation.ts
FN:5,(anonymous_0)
FN:19,(anonymous_1)
FNF:2
FNH:0
FNDA:0,(anonymous_0)
FNDA:0,(anonymous_1)
DA:3,1
DA:5,1
DA:6,0
DA:7,0
DA:8,0
DA:9,0
DA:12,0
DA:15,0
DA:19,1
DA:20,0
DA:21,0
DA:22,0
DA:23,0
DA:26,0
DA:29,0
LF:15
LH:3
BRDA:13,0,0,0
BRDA:13,0,1,0
BRDA:27,1,0,0
BRDA:27,1,1,0
BRF:4
BRH:0
end_of_record
TN:
SF:src\validations\validationMiddlewares\user.validation.ts
FN:4,(anonymous_0)
FNF:1
FNH:0
FNDA:0,(anonymous_0)
DA:2,1
DA:4,1
DA:8,0
DA:9,0
DA:10,0
DA:11,0
DA:14,0
DA:17,0
LF:8
LH:2
BRDA:15,0,0,0
BRDA:15,0,1,0
BRF:2
BRH:0
end_of_record
TN:
SF:src\validations\validationMiddlewares\wishlist.validation.ts
FN:6,(anonymous_0)
FNF:1
FNH:0
FNDA:0,(anonymous_0)
DA:4,1
DA:6,1
DA:7,0
DA:8,0
DA:10,0
DA:13,0
DA:16,0
LF:7
LH:2
BRDA:14,0,0,0
BRDA:14,0,1,0
BRF:2
BRH:0
end_of_record
